8600  20 DB C7  JSR todo                        A:00 X:00 Y:00 P:00 SP:FD
C7DB  EA        NOP                             A:00 X:00 Y:00 P:00 SP:FB
C7DC  A9 FF     LDA #$FF                        A:00 X:00 Y:00 P:00 SP:FB
C7DE  85 01     STA $01 = 0                     A:FF X:00 Y:00 P:80 SP:FB
C7E0  24 01     BIT $01 = 255                   A:FF X:00 Y:00 P:80 SP:FB
C7E2  A9 00     LDA #$00                        A:FF X:00 Y:00 P:C0 SP:FB
C7E4  38        SEC                             A:00 X:00 Y:00 P:42 SP:FB
C7E5  78        SEI                             A:00 X:00 Y:00 P:43 SP:FB
C7E6  F8        SED                             A:00 X:00 Y:00 P:47 SP:FB
C7E7  08        PHP                             A:00 X:00 Y:00 P:4F SP:FB
C7E8  68        PLA                             A:00 X:00 Y:00 P:4F SP:FA
C7E9  29 EF     AND #$EF                        A:7F X:00 Y:00 P:4D SP:FB
C7EB  C9 6F     CMP #$6F                        A:6F X:00 Y:00 P:4D SP:FB
C7ED  F0 04     BEQ                             A:6F X:00 Y:00 P:4F SP:FB
C7F3  EA        NOP                             A:6F X:00 Y:00 P:4F SP:FB
C7F4  A9 40     LDA #$40                        A:6F X:00 Y:00 P:4F SP:FB
C7F6  85 01     STA $01 = 255                   A:40 X:00 Y:00 P:4D SP:FB
C7F8  24 01     BIT $01 = 64                    A:40 X:00 Y:00 P:4D SP:FB
C7FA  D8        CLD                             A:40 X:00 Y:00 P:4D SP:FB
C7FB  A9 10     LDA #$10                        A:40 X:00 Y:00 P:45 SP:FB
C7FD  18        CLC                             A:10 X:00 Y:00 P:45 SP:FB
C7FE  08        PHP                             A:10 X:00 Y:00 P:44 SP:FB
C7FF  68        PLA                             A:10 X:00 Y:00 P:44 SP:FA
C800  29 EF     AND #$EF                        A:74 X:00 Y:00 P:44 SP:FB
C802  C9 64     CMP #$64                        A:64 X:00 Y:00 P:44 SP:FB
C804  F0 04     BEQ                             A:64 X:00 Y:00 P:47 SP:FB
C80A  EA        NOP                             A:64 X:00 Y:00 P:47 SP:FB
C80B  A9 80     LDA #$80                        A:64 X:00 Y:00 P:47 SP:FB
C80D  85 01     STA $01 = 64                    A:80 X:00 Y:00 P:C5 SP:FB
C80F  24 01     BIT $01 = 128                   A:80 X:00 Y:00 P:C5 SP:FB
C811  F8        SED                             A:80 X:00 Y:00 P:85 SP:FB
C812  A9 00     LDA #$00                        A:80 X:00 Y:00 P:8D SP:FB
C814  38        SEC                             A:00 X:00 Y:00 P:0F SP:FB
C815  08        PHP                             A:00 X:00 Y:00 P:0F SP:FB
C816  68        PLA                             A:00 X:00 Y:00 P:0F SP:FA
C817  29 EF     AND #$EF                        A:3F X:00 Y:00 P:0D SP:FB
C819  C9 2F     CMP #$2F                        A:2F X:00 Y:00 P:0D SP:FB
C81B  F0 04     BEQ                             A:2F X:00 Y:00 P:0F SP:FB
C821  EA        NOP                             A:2F X:00 Y:00 P:0F SP:FB
C822  A9 FF     LDA #$FF                        A:2F X:00 Y:00 P:0F SP:FB
C824  48        PHA                             A:FF X:00 Y:00 P:8D SP:FB
C825  28        PLP                             A:FF X:00 Y:00 P:8D SP:FA
C826  D0 09     BNE                             A:FF X:00 Y:00 P:CF SP:FB
C828  10 07     BPL                             A:FF X:00 Y:00 P:CF SP:FB
C82A  50 05     BVC                             A:FF X:00 Y:00 P:CF SP:FB
C82C  90 03     BCC                             A:FF X:00 Y:00 P:CF SP:FB
C82E  4C 35 C8  JMP todo                        A:FF X:00 Y:00 P:CF SP:FB
C835  EA        NOP                             A:FF X:00 Y:00 P:CF SP:FB
C836  A9 04     LDA #$04                        A:FF X:00 Y:00 P:CF SP:FB
C838  48        PHA                             A:04 X:00 Y:00 P:4D SP:FB
C839  28        PLP                             A:04 X:00 Y:00 P:4D SP:FA
C83A  F0 09     BEQ                             A:04 X:00 Y:00 P:04 SP:FB
C83C  30 07     BMI                             A:04 X:00 Y:00 P:04 SP:FB
C83E  70 05     BVS                             A:04 X:00 Y:00 P:04 SP:FB
C840  B0 03     BCS                             A:04 X:00 Y:00 P:04 SP:FB
C842  4C 49 C8  JMP todo                        A:04 X:00 Y:00 P:04 SP:FB
C849  EA        NOP                             A:04 X:00 Y:00 P:04 SP:FB
C84A  F8        SED                             A:04 X:00 Y:00 P:04 SP:FB
C84B  A9 FF     LDA #$FF                        A:04 X:00 Y:00 P:0C SP:FB
C84D  85 01     STA $01 = 128                   A:FF X:00 Y:00 P:8C SP:FB
C84F  24 01     BIT $01 = 255                   A:FF X:00 Y:00 P:8C SP:FB
C851  18        CLC                             A:FF X:00 Y:00 P:CC SP:FB
C852  A9 00     LDA #$00                        A:FF X:00 Y:00 P:CC SP:FB
C854  48        PHA                             A:00 X:00 Y:00 P:4E SP:FB
C855  A9 FF     LDA #$FF                        A:00 X:00 Y:00 P:4E SP:FA
C857  68        PLA                             A:FF X:00 Y:00 P:CC SP:FA
C858  D0 09     BNE                             A:00 X:00 Y:00 P:4E SP:FB
C85A  30 07     BMI                             A:00 X:00 Y:00 P:4E SP:FB
C85C  50 05     BVC                             A:00 X:00 Y:00 P:4E SP:FB
C85E  B0 03     BCS                             A:00 X:00 Y:00 P:4E SP:FB
C860  4C 67 C8  JMP todo                        A:00 X:00 Y:00 P:4E SP:FB
C867  EA        NOP                             A:00 X:00 Y:00 P:4E SP:FB
C868  A9 00     LDA #$00                        A:00 X:00 Y:00 P:4E SP:FB
C86A  85 01     STA $01 = 255                   A:00 X:00 Y:00 P:4E SP:FB
C86C  24 01     BIT $01 = 0                     A:00 X:00 Y:00 P:4E SP:FB
C86E  38        SEC                             A:00 X:00 Y:00 P:0E SP:FB
C86F  A9 FF     LDA #$FF                        A:00 X:00 Y:00 P:0F SP:FB
C871  48        PHA                             A:FF X:00 Y:00 P:8D SP:FB
C872  A9 00     LDA #$00                        A:FF X:00 Y:00 P:8D SP:FA
C874  68        PLA                             A:00 X:00 Y:00 P:0F SP:FA
C875  F0 09     BEQ                             A:FF X:00 Y:00 P:8D SP:FB
C877  10 07     BPL                             A:FF X:00 Y:00 P:8D SP:FB
C879  70 05     BVS                             A:FF X:00 Y:00 P:8D SP:FB
C87B  90 03     BCC                             A:FF X:00 Y:00 P:8D SP:FB
C87D  4C 84 C8  JMP todo                        A:FF X:00 Y:00 P:8D SP:FB
C884  60        RTS                             A:FF X:00 Y:00 P:8D SP:FB
8603  20 85 C8  JSR todo                        A:FF X:00 Y:00 P:8D SP:FD
C885  EA        NOP                             A:FF X:00 Y:00 P:8D SP:FB
C886  18        CLC                             A:FF X:00 Y:00 P:8D SP:FB
C887  A9 FF     LDA #$FF                        A:FF X:00 Y:00 P:8C SP:FB
C889  85 01     STA $01 = 0                     A:FF X:00 Y:00 P:8C SP:FB
C88B  24 01     BIT $01 = 255                   A:FF X:00 Y:00 P:8C SP:FB
C88D  A9 55     LDA #$55                        A:FF X:00 Y:00 P:CC SP:FB
C88F  09 AA     ORA #$AA                        A:55 X:00 Y:00 P:4C SP:FB
C891  B0 0B     BCS                             A:FF X:00 Y:00 P:CC SP:FB
C893  10 09     BPL                             A:FF X:00 Y:00 P:CC SP:FB
C895  C9 FF     CMP #$FF                        A:FF X:00 Y:00 P:CC SP:FB
C897  D0 05     BNE                             A:FF X:00 Y:00 P:4F SP:FB
C899  50 03     BVC                             A:FF X:00 Y:00 P:4F SP:FB
C89B  4C A2 C8  JMP todo                        A:FF X:00 Y:00 P:4F SP:FB
C8A2  EA        NOP                             A:FF X:00 Y:00 P:4F SP:FB
C8A3  38        SEC                             A:FF X:00 Y:00 P:4F SP:FB
C8A4  B8        CLV                             A:FF X:00 Y:00 P:4F SP:FB
C8A5  A9 00     LDA #$00                        A:FF X:00 Y:00 P:0F SP:FB
C8A7  09 00     ORA #$00                        A:00 X:00 Y:00 P:0F SP:FB
C8A9  D0 09     BNE                             A:00 X:00 Y:00 P:0F SP:FB
C8AB  70 07     BVS                             A:00 X:00 Y:00 P:0F SP:FB
C8AD  90 05     BCC                             A:00 X:00 Y:00 P:0F SP:FB
C8AF  30 03     BMI                             A:00 X:00 Y:00 P:0F SP:FB
C8B1  4C B8 C8  JMP todo                        A:00 X:00 Y:00 P:0F SP:FB
C8B8  EA        NOP                             A:00 X:00 Y:00 P:0F SP:FB
C8B9  18        CLC                             A:00 X:00 Y:00 P:0F SP:FB
C8BA  24 01     BIT $01 = 255                   A:00 X:00 Y:00 P:0E SP:FB
C8BC  A9 55     LDA #$55                        A:00 X:00 Y:00 P:CE SP:FB
C8BE  29 AA     AND #$AA                        A:55 X:00 Y:00 P:4C SP:FB
C8C0  D0 09     BNE                             A:00 X:00 Y:00 P:4E SP:FB
C8C2  50 07     BVC                             A:00 X:00 Y:00 P:4E SP:FB
C8C4  B0 05     BCS                             A:00 X:00 Y:00 P:4E SP:FB
C8C6  30 03     BMI                             A:00 X:00 Y:00 P:4E SP:FB
C8C8  4C CF C8  JMP todo                        A:00 X:00 Y:00 P:4E SP:FB
C8CF  EA        NOP                             A:00 X:00 Y:00 P:4E SP:FB
C8D0  38        SEC                             A:00 X:00 Y:00 P:4E SP:FB
C8D1  B8        CLV                             A:00 X:00 Y:00 P:4F SP:FB
C8D2  A9 F8     LDA #$F8                        A:00 X:00 Y:00 P:0F SP:FB
C8D4  29 EF     AND #$EF                        A:F8 X:00 Y:00 P:8D SP:FB
C8D6  90 0B     BCC                             A:E8 X:00 Y:00 P:8D SP:FB
C8D8  10 09     BPL                             A:E8 X:00 Y:00 P:8D SP:FB
C8DA  C9 E8     CMP #$E8                        A:E8 X:00 Y:00 P:8D SP:FB
C8DC  D0 05     BNE                             A:E8 X:00 Y:00 P:0F SP:FB
C8DE  70 03     BVS                             A:E8 X:00 Y:00 P:0F SP:FB
C8E0  4C E7 C8  JMP todo                        A:E8 X:00 Y:00 P:0F SP:FB
C8E7  EA        NOP                             A:E8 X:00 Y:00 P:0F SP:FB
C8E8  18        CLC                             A:E8 X:00 Y:00 P:0F SP:FB
C8E9  24 01     BIT $01 = 255                   A:E8 X:00 Y:00 P:0E SP:FB
C8EB  A9 5F     LDA #$5F                        A:E8 X:00 Y:00 P:CC SP:FB
C8ED  49 AA     EOR #$AA                        A:5F X:00 Y:00 P:4C SP:FB
C8EF  B0 0B     BCS                             A:F5 X:00 Y:00 P:CC SP:FB
C8F1  10 09     BPL                             A:F5 X:00 Y:00 P:CC SP:FB
C8F3  C9 F5     CMP #$F5                        A:F5 X:00 Y:00 P:CC SP:FB
C8F5  D0 05     BNE                             A:F5 X:00 Y:00 P:4F SP:FB
C8F7  50 03     BVC                             A:F5 X:00 Y:00 P:4F SP:FB
C8F9  4C 00 C9  JMP todo                        A:F5 X:00 Y:00 P:4F SP:FB
C900  EA        NOP                             A:F5 X:00 Y:00 P:4F SP:FB
C901  38        SEC                             A:F5 X:00 Y:00 P:4F SP:FB
C902  B8        CLV                             A:F5 X:00 Y:00 P:4F SP:FB
C903  A9 70     LDA #$70                        A:F5 X:00 Y:00 P:0F SP:FB
C905  49 70     EOR #$70                        A:70 X:00 Y:00 P:0D SP:FB
C907  D0 09     BNE                             A:00 X:00 Y:00 P:0F SP:FB
C909  70 07     BVS                             A:00 X:00 Y:00 P:0F SP:FB
C90B  90 05     BCC                             A:00 X:00 Y:00 P:0F SP:FB
C90D  30 03     BMI                             A:00 X:00 Y:00 P:0F SP:FB
C90F  4C 16 C9  JMP todo                        A:00 X:00 Y:00 P:0F SP:FB
C916  EA        NOP                             A:00 X:00 Y:00 P:0F SP:FB
C917  18        CLC                             A:00 X:00 Y:00 P:0F SP:FB
C918  24 01     BIT $01 = 255                   A:00 X:00 Y:00 P:0E SP:FB
C91A  A9 00     LDA #$00                        A:00 X:00 Y:00 P:CE SP:FB
C91C  69 69     ADC #$69                        A:00 X:00 Y:00 P:4E SP:FB
C91E  30 0B     BMI                             A:69 X:00 Y:00 P:0C SP:FB
C920  B0 09     BCS                             A:69 X:00 Y:00 P:0C SP:FB
C922  C9 69     CMP #$69                        A:69 X:00 Y:00 P:0C SP:FB
C924  D0 05     BNE                             A:69 X:00 Y:00 P:0F SP:FB
C926  70 03     BVS                             A:69 X:00 Y:00 P:0F SP:FB
C928  4C 2F C9  JMP todo                        A:69 X:00 Y:00 P:0F SP:FB
C92F  EA        NOP                             A:69 X:00 Y:00 P:0F SP:FB
C930  38        SEC                             A:69 X:00 Y:00 P:0F SP:FB
C931  F8        SED                             A:69 X:00 Y:00 P:0F SP:FB
C932  24 01     BIT $01 = 255                   A:69 X:00 Y:00 P:0F SP:FB
C934  A9 01     LDA #$01                        A:69 X:00 Y:00 P:CD SP:FB
C936  69 69     ADC #$69                        A:01 X:00 Y:00 P:4D SP:FB
C938  30 0B     BMI                             A:6B X:00 Y:00 P:0C SP:FB
C93A  B0 09     BCS                             A:6B X:00 Y:00 P:0C SP:FB
C93C  C9 6B     CMP #$6B                        A:6B X:00 Y:00 P:0C SP:FB
C93E  D0 05     BNE                             A:6B X:00 Y:00 P:0F SP:FB
C940  70 03     BVS                             A:6B X:00 Y:00 P:0F SP:FB
C942  4C 49 C9  JMP todo                        A:6B X:00 Y:00 P:0F SP:FB
C949  EA        NOP                             A:6B X:00 Y:00 P:0F SP:FB
C94A  D8        CLD                             A:6B X:00 Y:00 P:0F SP:FB
C94B  38        SEC                             A:6B X:00 Y:00 P:07 SP:FB
C94C  B8        CLV                             A:6B X:00 Y:00 P:07 SP:FB
C94D  A9 7F     LDA #$7F                        A:6B X:00 Y:00 P:07 SP:FB
C94F  69 7F     ADC #$7F                        A:7F X:00 Y:00 P:05 SP:FB
C951  10 0B     BPL                             A:FF X:00 Y:00 P:C4 SP:FB
C953  B0 09     BCS                             A:FF X:00 Y:00 P:C4 SP:FB
C955  C9 FF     CMP #$FF                        A:FF X:00 Y:00 P:C4 SP:FB
C957  D0 05     BNE                             A:FF X:00 Y:00 P:47 SP:FB
C959  50 03     BVC                             A:FF X:00 Y:00 P:47 SP:FB
C95B  4C 62 C9  JMP todo                        A:FF X:00 Y:00 P:47 SP:FB
C962  EA        NOP                             A:FF X:00 Y:00 P:47 SP:FB
C963  18        CLC                             A:FF X:00 Y:00 P:47 SP:FB
C964  24 01     BIT $01 = 255                   A:FF X:00 Y:00 P:46 SP:FB
C966  A9 7F     LDA #$7F                        A:FF X:00 Y:00 P:C4 SP:FB
C968  69 80     ADC #$80                        A:7F X:00 Y:00 P:44 SP:FB
C96A  10 0B     BPL                             A:FF X:00 Y:00 P:84 SP:FB
C96C  B0 09     BCS                             A:FF X:00 Y:00 P:84 SP:FB
C96E  C9 FF     CMP #$FF                        A:FF X:00 Y:00 P:84 SP:FB
C970  D0 05     BNE                             A:FF X:00 Y:00 P:07 SP:FB
C972  70 03     BVS                             A:FF X:00 Y:00 P:07 SP:FB
C974  4C 7B C9  JMP todo                        A:FF X:00 Y:00 P:07 SP:FB
C97B  EA        NOP                             A:FF X:00 Y:00 P:07 SP:FB
C97C  38        SEC                             A:FF X:00 Y:00 P:07 SP:FB
C97D  B8        CLV                             A:FF X:00 Y:00 P:07 SP:FB
C97E  A9 7F     LDA #$7F                        A:FF X:00 Y:00 P:07 SP:FB
C980  69 80     ADC #$80                        A:7F X:00 Y:00 P:05 SP:FB
C982  D0 09     BNE                             A:00 X:00 Y:00 P:07 SP:FB
C984  30 07     BMI                             A:00 X:00 Y:00 P:07 SP:FB
C986  70 05     BVS                             A:00 X:00 Y:00 P:07 SP:FB
C988  90 03     BCC                             A:00 X:00 Y:00 P:07 SP:FB
C98A  4C 91 C9  JMP todo                        A:00 X:00 Y:00 P:07 SP:FB
C991  EA        NOP                             A:00 X:00 Y:00 P:07 SP:FB
C992  38        SEC                             A:00 X:00 Y:00 P:07 SP:FB
C993  B8        CLV                             A:00 X:00 Y:00 P:07 SP:FB
C994  A9 9F     LDA #$9F                        A:00 X:00 Y:00 P:07 SP:FB
C996  F0 09     BEQ                             A:9F X:00 Y:00 P:85 SP:FB
C998  10 07     BPL                             A:9F X:00 Y:00 P:85 SP:FB
C99A  70 05     BVS                             A:9F X:00 Y:00 P:85 SP:FB
C99C  90 03     BCC                             A:9F X:00 Y:00 P:85 SP:FB
C99E  4C A5 C9  JMP todo                        A:9F X:00 Y:00 P:85 SP:FB
C9A5  EA        NOP                             A:9F X:00 Y:00 P:85 SP:FB
C9A6  18        CLC                             A:9F X:00 Y:00 P:85 SP:FB
C9A7  24 01     BIT $01 = 255                   A:9F X:00 Y:00 P:84 SP:FB
C9A9  A9 00     LDA #$00                        A:9F X:00 Y:00 P:C4 SP:FB
C9AB  D0 09     BNE                             A:00 X:00 Y:00 P:46 SP:FB
C9AD  30 07     BMI                             A:00 X:00 Y:00 P:46 SP:FB
C9AF  50 05     BVC                             A:00 X:00 Y:00 P:46 SP:FB
C9B1  B0 03     BCS                             A:00 X:00 Y:00 P:46 SP:FB
C9B3  4C BA C9  JMP todo                        A:00 X:00 Y:00 P:46 SP:FB
C9BA  EA        NOP                             A:00 X:00 Y:00 P:46 SP:FB
C9BB  24 01     BIT $01 = 255                   A:00 X:00 Y:00 P:46 SP:FB
C9BD  A9 40     LDA #$40                        A:00 X:00 Y:00 P:C6 SP:FB
C9BF  C9 40     CMP #$40                        A:40 X:00 Y:00 P:44 SP:FB
C9C1  30 09     BMI                             A:40 X:00 Y:00 P:47 SP:FB
C9C3  90 07     BCC                             A:40 X:00 Y:00 P:47 SP:FB
C9C5  D0 05     BNE                             A:40 X:00 Y:00 P:47 SP:FB
C9C7  50 03     BVC                             A:40 X:00 Y:00 P:47 SP:FB
C9C9  4C D0 C9  JMP todo                        A:40 X:00 Y:00 P:47 SP:FB
C9D0  EA        NOP                             A:40 X:00 Y:00 P:47 SP:FB
C9D1  B8        CLV                             A:40 X:00 Y:00 P:47 SP:FB
C9D2  C9 3F     CMP #$3F                        A:40 X:00 Y:00 P:07 SP:FB
C9D4  F0 09     BEQ                             A:40 X:00 Y:00 P:05 SP:FB
C9D6  30 07     BMI                             A:40 X:00 Y:00 P:05 SP:FB
C9D8  90 05     BCC                             A:40 X:00 Y:00 P:05 SP:FB
C9DA  70 03     BVS                             A:40 X:00 Y:00 P:05 SP:FB
C9DC  4C E3 C9  JMP todo                        A:40 X:00 Y:00 P:05 SP:FB
C9E3  EA        NOP                             A:40 X:00 Y:00 P:05 SP:FB
C9E4  C9 41     CMP #$41                        A:40 X:00 Y:00 P:05 SP:FB
C9E6  F0 07     BEQ                             A:40 X:00 Y:00 P:84 SP:FB
C9E8  10 05     BPL                             A:40 X:00 Y:00 P:84 SP:FB
C9EA  10 03     BPL                             A:40 X:00 Y:00 P:84 SP:FB
C9EC  4C F3 C9  JMP todo                        A:40 X:00 Y:00 P:84 SP:FB
C9F3  EA        NOP                             A:40 X:00 Y:00 P:84 SP:FB
C9F4  A9 80     LDA #$80                        A:40 X:00 Y:00 P:84 SP:FB
C9F6  C9 00     CMP #$00                        A:80 X:00 Y:00 P:84 SP:FB
C9F8  F0 07     BEQ                             A:80 X:00 Y:00 P:85 SP:FB
C9FA  10 05     BPL                             A:80 X:00 Y:00 P:85 SP:FB
C9FC  90 03     BCC                             A:80 X:00 Y:00 P:85 SP:FB
C9FE  4C 05 CA  JMP todo                        A:80 X:00 Y:00 P:85 SP:FB
CA05  EA        NOP                             A:80 X:00 Y:00 P:85 SP:FB
CA06  C9 80     CMP #$80                        A:80 X:00 Y:00 P:85 SP:FB
CA08  D0 07     BNE                             A:80 X:00 Y:00 P:07 SP:FB
CA0A  30 05     BMI                             A:80 X:00 Y:00 P:07 SP:FB
CA0C  90 03     BCC                             A:80 X:00 Y:00 P:07 SP:FB
CA0E  4C 15 CA  JMP todo                        A:80 X:00 Y:00 P:07 SP:FB
CA15  EA        NOP                             A:80 X:00 Y:00 P:07 SP:FB
CA16  C9 81     CMP #$81                        A:80 X:00 Y:00 P:07 SP:FB
CA18  B0 07     BCS                             A:80 X:00 Y:00 P:84 SP:FB
CA1A  F0 05     BEQ                             A:80 X:00 Y:00 P:84 SP:FB
CA1C  10 03     BPL                             A:80 X:00 Y:00 P:84 SP:FB
CA1E  4C 25 CA  JMP todo                        A:80 X:00 Y:00 P:84 SP:FB
CA25  EA        NOP                             A:80 X:00 Y:00 P:84 SP:FB
CA26  C9 7F     CMP #$7F                        A:80 X:00 Y:00 P:84 SP:FB
CA28  90 07     BCC                             A:80 X:00 Y:00 P:05 SP:FB
CA2A  F0 05     BEQ                             A:80 X:00 Y:00 P:05 SP:FB
CA2C  30 03     BMI                             A:80 X:00 Y:00 P:05 SP:FB
CA2E  4C 35 CA  JMP todo                        A:80 X:00 Y:00 P:05 SP:FB
CA35  EA        NOP                             A:80 X:00 Y:00 P:05 SP:FB
CA36  24 01     BIT $01 = 255                   A:80 X:00 Y:00 P:05 SP:FB
CA38  A0 40     LDY #$40                        A:80 X:00 Y:00 P:C5 SP:FB
CA3A  C0 40     CPY #$40                        A:80 X:00 Y:40 P:45 SP:FB
CA3C  D0 09     BNE                             A:80 X:00 Y:40 P:47 SP:FB
CA3E  30 07     BMI                             A:80 X:00 Y:40 P:47 SP:FB
CA40  90 05     BCC                             A:80 X:00 Y:40 P:47 SP:FB
CA42  50 03     BVC                             A:80 X:00 Y:40 P:47 SP:FB
CA44  4C 4B CA  JMP todo                        A:80 X:00 Y:40 P:47 SP:FB
CA4B  EA        NOP                             A:80 X:00 Y:40 P:47 SP:FB
CA4C  B8        CLV                             A:80 X:00 Y:40 P:47 SP:FB
CA4D  C0 3F     CPY #$3F                        A:80 X:00 Y:40 P:07 SP:FB
CA4F  F0 09     BEQ                             A:80 X:00 Y:40 P:05 SP:FB
CA51  30 07     BMI                             A:80 X:00 Y:40 P:05 SP:FB
CA53  90 05     BCC                             A:80 X:00 Y:40 P:05 SP:FB
CA55  70 03     BVS                             A:80 X:00 Y:40 P:05 SP:FB
CA57  4C 5E CA  JMP todo                        A:80 X:00 Y:40 P:05 SP:FB
CA5E  EA        NOP                             A:80 X:00 Y:40 P:05 SP:FB
CA5F  C0 41     CPY #$41                        A:80 X:00 Y:40 P:05 SP:FB
CA61  F0 07     BEQ                             A:80 X:00 Y:40 P:84 SP:FB
CA63  10 05     BPL                             A:80 X:00 Y:40 P:84 SP:FB
CA65  10 03     BPL                             A:80 X:00 Y:40 P:84 SP:FB
CA67  4C 6E CA  JMP todo                        A:80 X:00 Y:40 P:84 SP:FB
CA6E  EA        NOP                             A:80 X:00 Y:40 P:84 SP:FB
CA6F  A0 80     LDY #$80                        A:80 X:00 Y:40 P:84 SP:FB
CA71  C0 00     CPY #$00                        A:80 X:00 Y:80 P:84 SP:FB
CA73  F0 07     BEQ                             A:80 X:00 Y:80 P:85 SP:FB
CA75  10 05     BPL                             A:80 X:00 Y:80 P:85 SP:FB
CA77  90 03     BCC                             A:80 X:00 Y:80 P:85 SP:FB
CA79  4C 80 CA  JMP todo                        A:80 X:00 Y:80 P:85 SP:FB
CA80  EA        NOP                             A:80 X:00 Y:80 P:85 SP:FB
CA81  C0 80     CPY #$80                        A:80 X:00 Y:80 P:85 SP:FB
CA83  D0 07     BNE                             A:80 X:00 Y:80 P:07 SP:FB
CA85  30 05     BMI                             A:80 X:00 Y:80 P:07 SP:FB
CA87  90 03     BCC                             A:80 X:00 Y:80 P:07 SP:FB
CA89  4C 90 CA  JMP todo                        A:80 X:00 Y:80 P:07 SP:FB
CA90  EA        NOP                             A:80 X:00 Y:80 P:07 SP:FB
CA91  C0 81     CPY #$81                        A:80 X:00 Y:80 P:07 SP:FB
CA93  B0 07     BCS                             A:80 X:00 Y:80 P:84 SP:FB
CA95  F0 05     BEQ                             A:80 X:00 Y:80 P:84 SP:FB
CA97  10 03     BPL                             A:80 X:00 Y:80 P:84 SP:FB
CA99  4C A0 CA  JMP todo                        A:80 X:00 Y:80 P:84 SP:FB
CAA0  EA        NOP                             A:80 X:00 Y:80 P:84 SP:FB
CAA1  C0 7F     CPY #$7F                        A:80 X:00 Y:80 P:84 SP:FB
CAA3  90 07     BCC                             A:80 X:00 Y:80 P:05 SP:FB
CAA5  F0 05     BEQ                             A:80 X:00 Y:80 P:05 SP:FB
CAA7  30 03     BMI                             A:80 X:00 Y:80 P:05 SP:FB
CAA9  4C B0 CA  JMP todo                        A:80 X:00 Y:80 P:05 SP:FB
CAB0  EA        NOP                             A:80 X:00 Y:80 P:05 SP:FB
CAB1  24 01     BIT $01 = 255                   A:80 X:00 Y:80 P:05 SP:FB
CAB3  A2 40     LDX #$40                        A:80 X:00 Y:80 P:C5 SP:FB
CAB5  E0 40     CPX #$40                        A:80 X:40 Y:80 P:45 SP:FB
CAB7  D0 09     BNE                             A:80 X:40 Y:80 P:47 SP:FB
CAB9  30 07     BMI                             A:80 X:40 Y:80 P:47 SP:FB
CABB  90 05     BCC                             A:80 X:40 Y:80 P:47 SP:FB
CABD  50 03     BVC                             A:80 X:40 Y:80 P:47 SP:FB
CABF  4C C6 CA  JMP todo                        A:80 X:40 Y:80 P:47 SP:FB
CAC6  EA        NOP                             A:80 X:40 Y:80 P:47 SP:FB
CAC7  B8        CLV                             A:80 X:40 Y:80 P:47 SP:FB
CAC8  E0 3F     CPX #$3F                        A:80 X:40 Y:80 P:07 SP:FB
CACA  F0 09     BEQ                             A:80 X:40 Y:80 P:05 SP:FB
CACC  30 07     BMI                             A:80 X:40 Y:80 P:05 SP:FB
CACE  90 05     BCC                             A:80 X:40 Y:80 P:05 SP:FB
CAD0  70 03     BVS                             A:80 X:40 Y:80 P:05 SP:FB
CAD2  4C D9 CA  JMP todo                        A:80 X:40 Y:80 P:05 SP:FB
CAD9  EA        NOP                             A:80 X:40 Y:80 P:05 SP:FB
CADA  E0 41     CPX #$41                        A:80 X:40 Y:80 P:05 SP:FB
CADC  F0 07     BEQ                             A:80 X:40 Y:80 P:84 SP:FB
CADE  10 05     BPL                             A:80 X:40 Y:80 P:84 SP:FB
CAE0  10 03     BPL                             A:80 X:40 Y:80 P:84 SP:FB
CAE2  4C E9 CA  JMP todo                        A:80 X:40 Y:80 P:84 SP:FB
CAE9  EA        NOP                             A:80 X:40 Y:80 P:84 SP:FB
CAEA  A2 80     LDX #$80                        A:80 X:40 Y:80 P:84 SP:FB
CAEC  E0 00     CPX #$00                        A:80 X:80 Y:80 P:84 SP:FB
CAEE  F0 07     BEQ                             A:80 X:80 Y:80 P:85 SP:FB
CAF0  10 05     BPL                             A:80 X:80 Y:80 P:85 SP:FB
CAF2  90 03     BCC                             A:80 X:80 Y:80 P:85 SP:FB
CAF4  4C FB CA  JMP todo                        A:80 X:80 Y:80 P:85 SP:FB
CAFB  EA        NOP                             A:80 X:80 Y:80 P:85 SP:FB
CAFC  E0 80     CPX #$80                        A:80 X:80 Y:80 P:85 SP:FB
CAFE  D0 07     BNE                             A:80 X:80 Y:80 P:07 SP:FB
CB00  30 05     BMI                             A:80 X:80 Y:80 P:07 SP:FB
CB02  90 03     BCC                             A:80 X:80 Y:80 P:07 SP:FB
CB04  4C 0B CB  JMP todo                        A:80 X:80 Y:80 P:07 SP:FB
CB0B  EA        NOP                             A:80 X:80 Y:80 P:07 SP:FB
CB0C  E0 81     CPX #$81                        A:80 X:80 Y:80 P:07 SP:FB
CB0E  B0 07     BCS                             A:80 X:80 Y:80 P:84 SP:FB
CB10  F0 05     BEQ                             A:80 X:80 Y:80 P:84 SP:FB
CB12  10 03     BPL                             A:80 X:80 Y:80 P:84 SP:FB
CB14  4C 1B CB  JMP todo                        A:80 X:80 Y:80 P:84 SP:FB
CB1B  EA        NOP                             A:80 X:80 Y:80 P:84 SP:FB
CB1C  E0 7F     CPX #$7F                        A:80 X:80 Y:80 P:84 SP:FB
CB1E  90 07     BCC                             A:80 X:80 Y:80 P:05 SP:FB
CB20  F0 05     BEQ                             A:80 X:80 Y:80 P:05 SP:FB
CB22  30 03     BMI                             A:80 X:80 Y:80 P:05 SP:FB
CB24  4C 2B CB  JMP todo                        A:80 X:80 Y:80 P:05 SP:FB
CB2B  EA        NOP                             A:80 X:80 Y:80 P:05 SP:FB
CB2C  38        SEC                             A:80 X:80 Y:80 P:05 SP:FB
CB2D  B8        CLV                             A:80 X:80 Y:80 P:05 SP:FB
CB2E  A2 9F     LDX #$9F                        A:80 X:80 Y:80 P:05 SP:FB
CB30  F0 09     BEQ                             A:80 X:9F Y:80 P:85 SP:FB
CB32  10 07     BPL                             A:80 X:9F Y:80 P:85 SP:FB
CB34  70 05     BVS                             A:80 X:9F Y:80 P:85 SP:FB
CB36  90 03     BCC                             A:80 X:9F Y:80 P:85 SP:FB
CB38  4C 3F CB  JMP todo                        A:80 X:9F Y:80 P:85 SP:FB
CB3F  EA        NOP                             A:80 X:9F Y:80 P:85 SP:FB
CB40  18        CLC                             A:80 X:9F Y:80 P:85 SP:FB
CB41  24 01     BIT $01 = 255                   A:80 X:9F Y:80 P:84 SP:FB
CB43  A2 00     LDX #$00                        A:80 X:9F Y:80 P:C4 SP:FB
CB45  D0 09     BNE                             A:80 X:00 Y:80 P:46 SP:FB
CB47  30 07     BMI                             A:80 X:00 Y:80 P:46 SP:FB
CB49  50 05     BVC                             A:80 X:00 Y:80 P:46 SP:FB
CB4B  B0 03     BCS                             A:80 X:00 Y:80 P:46 SP:FB
CB4D  4C 54 CB  JMP todo                        A:80 X:00 Y:80 P:46 SP:FB
CB54  EA        NOP                             A:80 X:00 Y:80 P:46 SP:FB
CB55  38        SEC                             A:80 X:00 Y:80 P:46 SP:FB
CB56  B8        CLV                             A:80 X:00 Y:80 P:47 SP:FB
CB57  A0 9F     LDY #$9F                        A:80 X:00 Y:80 P:07 SP:FB
CB59  F0 09     BEQ                             A:80 X:00 Y:9F P:85 SP:FB
CB5B  10 07     BPL                             A:80 X:00 Y:9F P:85 SP:FB
CB5D  70 05     BVS                             A:80 X:00 Y:9F P:85 SP:FB
CB5F  90 03     BCC                             A:80 X:00 Y:9F P:85 SP:FB
CB61  4C 68 CB  JMP todo                        A:80 X:00 Y:9F P:85 SP:FB
CB68  EA        NOP                             A:80 X:00 Y:9F P:85 SP:FB
CB69  18        CLC                             A:80 X:00 Y:9F P:85 SP:FB
CB6A  24 01     BIT $01 = 255                   A:80 X:00 Y:9F P:84 SP:FB
CB6C  A0 00     LDY #$00                        A:80 X:00 Y:9F P:C4 SP:FB
CB6E  D0 09     BNE                             A:80 X:00 Y:00 P:46 SP:FB
CB70  30 07     BMI                             A:80 X:00 Y:00 P:46 SP:FB
CB72  50 05     BVC                             A:80 X:00 Y:00 P:46 SP:FB
CB74  B0 03     BCS                             A:80 X:00 Y:00 P:46 SP:FB
CB76  4C 7D CB  JMP todo                        A:80 X:00 Y:00 P:46 SP:FB
CB7D  EA        NOP                             A:80 X:00 Y:00 P:46 SP:FB
CB7E  A9 55     LDA #$55                        A:80 X:00 Y:00 P:46 SP:FB
CB80  A2 AA     LDX #$AA                        A:55 X:00 Y:00 P:44 SP:FB
CB82  A0 33     LDY #$33                        A:55 X:AA Y:00 P:C4 SP:FB
CB84  C9 55     CMP #$55                        A:55 X:AA Y:33 P:44 SP:FB
CB86  D0 23     BNE                             A:55 X:AA Y:33 P:47 SP:FB
CB88  E0 AA     CPX #$AA                        A:55 X:AA Y:33 P:47 SP:FB
CB8A  D0 1F     BNE                             A:55 X:AA Y:33 P:47 SP:FB
CB8C  C0 33     CPY #$33                        A:55 X:AA Y:33 P:47 SP:FB
CB8E  D0 1B     BNE                             A:55 X:AA Y:33 P:47 SP:FB
CB90  C9 55     CMP #$55                        A:55 X:AA Y:33 P:47 SP:FB
CB92  D0 17     BNE                             A:55 X:AA Y:33 P:47 SP:FB
CB94  E0 AA     CPX #$AA                        A:55 X:AA Y:33 P:47 SP:FB
CB96  D0 13     BNE                             A:55 X:AA Y:33 P:47 SP:FB
CB98  C0 33     CPY #$33                        A:55 X:AA Y:33 P:47 SP:FB
CB9A  D0 0F     BNE                             A:55 X:AA Y:33 P:47 SP:FB
CB9C  C9 56     CMP #$56                        A:55 X:AA Y:33 P:47 SP:FB
CB9E  F0 0B     BEQ                             A:55 X:AA Y:33 P:C4 SP:FB
CBA0  E0 AB     CPX #$AB                        A:55 X:AA Y:33 P:C4 SP:FB
CBA2  F0 07     BEQ                             A:55 X:AA Y:33 P:C4 SP:FB
CBA4  C0 34     CPY #$34                        A:55 X:AA Y:33 P:C4 SP:FB
CBA6  F0 03     BEQ                             A:55 X:AA Y:33 P:C4 SP:FB
CBA8  4C AF CB  JMP todo                        A:55 X:AA Y:33 P:C4 SP:FB
CBAF  A0 71     LDY #$71                        A:55 X:AA Y:33 P:C4 SP:FB
CBB1  20 31 F9  JSR todo                        A:55 X:AA Y:71 P:44 SP:FB
F931  24 01     BIT $01 = 255                   A:55 X:AA Y:71 P:44 SP:F9
F933  A9 40     LDA #$40                        A:55 X:AA Y:71 P:C4 SP:F9
F935  38        SEC                             A:40 X:AA Y:71 P:44 SP:F9
F936  60        RTS                             A:40 X:AA Y:71 P:45 SP:F9
CBB4  E9 40     SBC #$40                        A:40 X:AA Y:71 P:45 SP:FB
CBB6  20 37 F9  JSR todo                        A:00 X:AA Y:71 P:07 SP:FB
F937  30 0B     BMI                             A:00 X:AA Y:71 P:07 SP:F9
F939  90 09     BCC                             A:00 X:AA Y:71 P:07 SP:F9
F93B  D0 07     BNE                             A:00 X:AA Y:71 P:07 SP:F9
F93D  70 05     BVS                             A:00 X:AA Y:71 P:07 SP:F9
F93F  C9 00     CMP #$00                        A:00 X:AA Y:71 P:07 SP:F9
F941  D0 01     BNE                             A:00 X:AA Y:71 P:07 SP:F9
F943  60        RTS                             A:00 X:AA Y:71 P:07 SP:F9
CBB9  C8        INY                             A:00 X:AA Y:71 P:07 SP:FB
CBBA  20 47 F9  JSR todo                        A:00 X:AA Y:72 P:05 SP:FB
F947  B8        CLV                             A:00 X:AA Y:72 P:05 SP:F9
F948  38        SEC                             A:00 X:AA Y:72 P:05 SP:F9
F949  A9 40     LDA #$40                        A:00 X:AA Y:72 P:05 SP:F9
F94B  60        RTS                             A:40 X:AA Y:72 P:05 SP:F9
CBBD  E9 3F     SBC #$3F                        A:40 X:AA Y:72 P:05 SP:FB
CBBF  20 4C F9  JSR todo                        A:01 X:AA Y:72 P:05 SP:FB
F94C  F0 0B     BEQ                             A:01 X:AA Y:72 P:05 SP:F9
F94E  30 09     BMI                             A:01 X:AA Y:72 P:05 SP:F9
F950  90 07     BCC                             A:01 X:AA Y:72 P:05 SP:F9
F952  70 05     BVS                             A:01 X:AA Y:72 P:05 SP:F9
F954  C9 01     CMP #$01                        A:01 X:AA Y:72 P:05 SP:F9
F956  D0 01     BNE                             A:01 X:AA Y:72 P:07 SP:F9
F958  60        RTS                             A:01 X:AA Y:72 P:07 SP:F9
CBC2  C8        INY                             A:01 X:AA Y:72 P:07 SP:FB
CBC3  20 5C F9  JSR todo                        A:01 X:AA Y:73 P:05 SP:FB
F95C  A9 40     LDA #$40                        A:01 X:AA Y:73 P:05 SP:F9
F95E  38        SEC                             A:40 X:AA Y:73 P:05 SP:F9
F95F  24 01     BIT $01 = 255                   A:40 X:AA Y:73 P:05 SP:F9
F961  60        RTS                             A:40 X:AA Y:73 P:C5 SP:F9
CBC6  E9 41     SBC #$41                        A:40 X:AA Y:73 P:C5 SP:FB
CBC8  20 62 F9  JSR todo                        A:FF X:AA Y:73 P:84 SP:FB
F962  B0 0B     BCS                             A:FF X:AA Y:73 P:84 SP:F9
F964  F0 09     BEQ                             A:FF X:AA Y:73 P:84 SP:F9
F966  10 07     BPL                             A:FF X:AA Y:73 P:84 SP:F9
F968  70 05     BVS                             A:FF X:AA Y:73 P:84 SP:F9
F96A  C9 FF     CMP #$FF                        A:FF X:AA Y:73 P:84 SP:F9
F96C  D0 01     BNE                             A:FF X:AA Y:73 P:07 SP:F9
F96E  60        RTS                             A:FF X:AA Y:73 P:07 SP:F9
CBCB  C8        INY                             A:FF X:AA Y:73 P:07 SP:FB
CBCC  20 72 F9  JSR todo                        A:FF X:AA Y:74 P:05 SP:FB
F972  18        CLC                             A:FF X:AA Y:74 P:05 SP:F9
F973  A9 80     LDA #$80                        A:FF X:AA Y:74 P:04 SP:F9
F975  60        RTS                             A:80 X:AA Y:74 P:84 SP:F9
CBCF  E9 00     SBC #$00                        A:80 X:AA Y:74 P:84 SP:FB
CBD1  20 76 F9  JSR todo                        A:7F X:AA Y:74 P:45 SP:FB
F976  90 05     BCC                             A:7F X:AA Y:74 P:45 SP:F9
F978  C9 7F     CMP #$7F                        A:7F X:AA Y:74 P:45 SP:F9
F97A  D0 01     BNE                             A:7F X:AA Y:74 P:47 SP:F9
F97C  60        RTS                             A:7F X:AA Y:74 P:47 SP:F9
CBD4  C8        INY                             A:7F X:AA Y:74 P:47 SP:FB
CBD5  20 80 F9  JSR todo                        A:7F X:AA Y:75 P:45 SP:FB
F980  38        SEC                             A:7F X:AA Y:75 P:45 SP:F9
F981  A9 81     LDA #$81                        A:7F X:AA Y:75 P:45 SP:F9
F983  60        RTS                             A:81 X:AA Y:75 P:C5 SP:F9
CBD8  E9 7F     SBC #$7F                        A:81 X:AA Y:75 P:C5 SP:FB
CBDA  20 84 F9  JSR todo                        A:02 X:AA Y:75 P:45 SP:FB
F984  50 07     BVC                             A:02 X:AA Y:75 P:45 SP:F9
F986  90 05     BCC                             A:02 X:AA Y:75 P:45 SP:F9
F988  C9 02     CMP #$02                        A:02 X:AA Y:75 P:45 SP:F9
F98A  D0 01     BNE                             A:02 X:AA Y:75 P:47 SP:F9
F98C  60        RTS                             A:02 X:AA Y:75 P:47 SP:F9
CBDD  60        RTS                             A:02 X:AA Y:75 P:47 SP:FB
8606  20 DE CB  JSR todo                        A:02 X:AA Y:75 P:47 SP:FD
CBDE  EA        NOP                             A:02 X:AA Y:75 P:47 SP:FB
CBDF  A9 FF     LDA #$FF                        A:02 X:AA Y:75 P:47 SP:FB
CBE1  85 01     STA $01 = 255                   A:FF X:AA Y:75 P:C5 SP:FB
CBE3  A9 44     LDA #$44                        A:FF X:AA Y:75 P:C5 SP:FB
CBE5  A2 55     LDX #$55                        A:44 X:AA Y:75 P:45 SP:FB
CBE7  A0 66     LDY #$66                        A:44 X:55 Y:75 P:45 SP:FB
CBE9  E8        INX                             A:44 X:55 Y:66 P:45 SP:FB
CBEA  88        DEY                             A:44 X:56 Y:66 P:45 SP:FB
CBEB  E0 56     CPX #$56                        A:44 X:56 Y:65 P:45 SP:FB
CBED  D0 21     BNE                             A:44 X:56 Y:65 P:47 SP:FB
CBEF  C0 65     CPY #$65                        A:44 X:56 Y:65 P:47 SP:FB
CBF1  D0 1D     BNE                             A:44 X:56 Y:65 P:47 SP:FB
CBF3  E8        INX                             A:44 X:56 Y:65 P:47 SP:FB
CBF4  E8        INX                             A:44 X:57 Y:65 P:45 SP:FB
CBF5  88        DEY                             A:44 X:58 Y:65 P:45 SP:FB
CBF6  88        DEY                             A:44 X:58 Y:64 P:45 SP:FB
CBF7  E0 58     CPX #$58                        A:44 X:58 Y:63 P:45 SP:FB
CBF9  D0 15     BNE                             A:44 X:58 Y:63 P:47 SP:FB
CBFB  C0 63     CPY #$63                        A:44 X:58 Y:63 P:47 SP:FB
CBFD  D0 11     BNE                             A:44 X:58 Y:63 P:47 SP:FB
CBFF  CA        DEX                             A:44 X:58 Y:63 P:47 SP:FB
CC00  C8        INY                             A:44 X:57 Y:63 P:45 SP:FB
CC01  E0 57     CPX #$57                        A:44 X:57 Y:64 P:45 SP:FB
CC03  D0 0B     BNE                             A:44 X:57 Y:64 P:47 SP:FB
CC05  C0 64     CPY #$64                        A:44 X:57 Y:64 P:47 SP:FB
CC07  D0 07     BNE                             A:44 X:57 Y:64 P:47 SP:FB
CC09  C9 44     CMP #$44                        A:44 X:57 Y:64 P:47 SP:FB
CC0B  D0 03     BNE                             A:44 X:57 Y:64 P:47 SP:FB
CC0D  4C 14 CC  JMP todo                        A:44 X:57 Y:64 P:47 SP:FB
CC14  EA        NOP                             A:44 X:57 Y:64 P:47 SP:FB
CC15  38        SEC                             A:44 X:57 Y:64 P:47 SP:FB
CC16  A2 69     LDX #$69                        A:44 X:57 Y:64 P:47 SP:FB
CC18  A9 96     LDA #$96                        A:44 X:69 Y:64 P:45 SP:FB
CC1A  24 01     BIT $01 = 255                   A:96 X:69 Y:64 P:C5 SP:FB
CC1C  A0 FF     LDY #$FF                        A:96 X:69 Y:64 P:C5 SP:FB
CC1E  C8        INY                             A:96 X:69 Y:FF P:C5 SP:FB
CC1F  D0 3D     BNE                             A:96 X:69 Y:00 P:47 SP:FB
CC21  30 3B     BMI                             A:96 X:69 Y:00 P:47 SP:FB
CC23  90 39     BCC                             A:96 X:69 Y:00 P:47 SP:FB
CC25  50 37     BVC                             A:96 X:69 Y:00 P:47 SP:FB
CC27  C0 00     CPY #$00                        A:96 X:69 Y:00 P:47 SP:FB
CC29  D0 33     BNE                             A:96 X:69 Y:00 P:47 SP:FB
CC2B  C8        INY                             A:96 X:69 Y:00 P:47 SP:FB
CC2C  F0 30     BEQ                             A:96 X:69 Y:01 P:45 SP:FB
CC2E  30 2E     BMI                             A:96 X:69 Y:01 P:45 SP:FB
CC30  90 2C     BCC                             A:96 X:69 Y:01 P:45 SP:FB
CC32  50 2A     BVC                             A:96 X:69 Y:01 P:45 SP:FB
CC34  18        CLC                             A:96 X:69 Y:01 P:45 SP:FB
CC35  B8        CLV                             A:96 X:69 Y:01 P:44 SP:FB
CC36  A0 00     LDY #$00                        A:96 X:69 Y:01 P:04 SP:FB
CC38  88        DEY                             A:96 X:69 Y:00 P:06 SP:FB
CC39  F0 23     BEQ                             A:96 X:69 Y:FF P:84 SP:FB
CC3B  10 21     BPL                             A:96 X:69 Y:FF P:84 SP:FB
CC3D  B0 1F     BCS                             A:96 X:69 Y:FF P:84 SP:FB
CC3F  70 1D     BVS                             A:96 X:69 Y:FF P:84 SP:FB
CC41  C0 FF     CPY #$FF                        A:96 X:69 Y:FF P:84 SP:FB
CC43  D0 19     BNE                             A:96 X:69 Y:FF P:07 SP:FB
CC45  18        CLC                             A:96 X:69 Y:FF P:07 SP:FB
CC46  88        DEY                             A:96 X:69 Y:FF P:06 SP:FB
CC47  F0 15     BEQ                             A:96 X:69 Y:FE P:84 SP:FB
CC49  10 13     BPL                             A:96 X:69 Y:FE P:84 SP:FB
CC4B  B0 11     BCS                             A:96 X:69 Y:FE P:84 SP:FB
CC4D  70 0F     BVS                             A:96 X:69 Y:FE P:84 SP:FB
CC4F  C0 FE     CPY #$FE                        A:96 X:69 Y:FE P:84 SP:FB
CC51  D0 0B     BNE                             A:96 X:69 Y:FE P:07 SP:FB
CC53  C9 96     CMP #$96                        A:96 X:69 Y:FE P:07 SP:FB
CC55  D0 07     BNE                             A:96 X:69 Y:FE P:07 SP:FB
CC57  E0 69     CPX #$69                        A:96 X:69 Y:FE P:07 SP:FB
CC59  D0 03     BNE                             A:96 X:69 Y:FE P:07 SP:FB
CC5B  4C 62 CC  JMP todo                        A:96 X:69 Y:FE P:07 SP:FB
CC62  EA        NOP                             A:96 X:69 Y:FE P:07 SP:FB
CC63  38        SEC                             A:96 X:69 Y:FE P:07 SP:FB
CC64  A0 69     LDY #$69                        A:96 X:69 Y:FE P:07 SP:FB
CC66  A9 96     LDA #$96                        A:96 X:69 Y:69 P:05 SP:FB
CC68  24 01     BIT $01 = 255                   A:96 X:69 Y:69 P:85 SP:FB
CC6A  A2 FF     LDX #$FF                        A:96 X:69 Y:69 P:C5 SP:FB
CC6C  E8        INX                             A:96 X:FF Y:69 P:C5 SP:FB
CC6D  D0 3D     BNE                             A:96 X:00 Y:69 P:47 SP:FB
CC6F  30 3B     BMI                             A:96 X:00 Y:69 P:47 SP:FB
CC71  90 39     BCC                             A:96 X:00 Y:69 P:47 SP:FB
CC73  50 37     BVC                             A:96 X:00 Y:69 P:47 SP:FB
CC75  E0 00     CPX #$00                        A:96 X:00 Y:69 P:47 SP:FB
CC77  D0 33     BNE                             A:96 X:00 Y:69 P:47 SP:FB
CC79  E8        INX                             A:96 X:00 Y:69 P:47 SP:FB
CC7A  F0 30     BEQ                             A:96 X:01 Y:69 P:45 SP:FB
CC7C  30 2E     BMI                             A:96 X:01 Y:69 P:45 SP:FB
CC7E  90 2C     BCC                             A:96 X:01 Y:69 P:45 SP:FB
CC80  50 2A     BVC                             A:96 X:01 Y:69 P:45 SP:FB
CC82  18        CLC                             A:96 X:01 Y:69 P:45 SP:FB
CC83  B8        CLV                             A:96 X:01 Y:69 P:44 SP:FB
CC84  A2 00     LDX #$00                        A:96 X:01 Y:69 P:04 SP:FB
CC86  CA        DEX                             A:96 X:00 Y:69 P:06 SP:FB
CC87  F0 23     BEQ                             A:96 X:FF Y:69 P:84 SP:FB
CC89  10 21     BPL                             A:96 X:FF Y:69 P:84 SP:FB
CC8B  B0 1F     BCS                             A:96 X:FF Y:69 P:84 SP:FB
CC8D  70 1D     BVS                             A:96 X:FF Y:69 P:84 SP:FB
CC8F  E0 FF     CPX #$FF                        A:96 X:FF Y:69 P:84 SP:FB
CC91  D0 19     BNE                             A:96 X:FF Y:69 P:07 SP:FB
CC93  18        CLC                             A:96 X:FF Y:69 P:07 SP:FB
CC94  CA        DEX                             A:96 X:FF Y:69 P:06 SP:FB
CC95  F0 15     BEQ                             A:96 X:FE Y:69 P:84 SP:FB
CC97  10 13     BPL                             A:96 X:FE Y:69 P:84 SP:FB
CC99  B0 11     BCS                             A:96 X:FE Y:69 P:84 SP:FB
CC9B  70 0F     BVS                             A:96 X:FE Y:69 P:84 SP:FB
CC9D  E0 FE     CPX #$FE                        A:96 X:FE Y:69 P:84 SP:FB
CC9F  D0 0B     BNE                             A:96 X:FE Y:69 P:07 SP:FB
CCA1  C9 96     CMP #$96                        A:96 X:FE Y:69 P:07 SP:FB
CCA3  D0 07     BNE                             A:96 X:FE Y:69 P:07 SP:FB
CCA5  C0 69     CPY #$69                        A:96 X:FE Y:69 P:07 SP:FB
CCA7  D0 03     BNE                             A:96 X:FE Y:69 P:07 SP:FB
CCA9  4C B0 CC  JMP todo                        A:96 X:FE Y:69 P:07 SP:FB
CCB0  EA        NOP                             A:96 X:FE Y:69 P:07 SP:FB
CCB1  A9 85     LDA #$85                        A:96 X:FE Y:69 P:07 SP:FB
CCB3  A2 34     LDX #$34                        A:85 X:FE Y:69 P:85 SP:FB
CCB5  A0 99     LDY #$99                        A:85 X:34 Y:69 P:05 SP:FB
CCB7  18        CLC                             A:85 X:34 Y:99 P:85 SP:FB
CCB8  24 01     BIT $01 = 255                   A:85 X:34 Y:99 P:84 SP:FB
CCBA  A8        TAY                             A:85 X:34 Y:99 P:C4 SP:FB
CCBB  F0 2E     BEQ                             A:85 X:34 Y:85 P:C4 SP:FB
CCBD  B0 2C     BCS                             A:85 X:34 Y:85 P:C4 SP:FB
CCBF  50 2A     BVC                             A:85 X:34 Y:85 P:C4 SP:FB
CCC1  10 28     BPL                             A:85 X:34 Y:85 P:C4 SP:FB
CCC3  C9 85     CMP #$85                        A:85 X:34 Y:85 P:C4 SP:FB
CCC5  D0 24     BNE                             A:85 X:34 Y:85 P:47 SP:FB
CCC7  E0 34     CPX #$34                        A:85 X:34 Y:85 P:47 SP:FB
CCC9  D0 20     BNE                             A:85 X:34 Y:85 P:47 SP:FB
CCCB  C0 85     CPY #$85                        A:85 X:34 Y:85 P:47 SP:FB
CCCD  D0 1C     BNE                             A:85 X:34 Y:85 P:47 SP:FB
CCCF  A9 00     LDA #$00                        A:85 X:34 Y:85 P:47 SP:FB
CCD1  38        SEC                             A:00 X:34 Y:85 P:47 SP:FB
CCD2  B8        CLV                             A:00 X:34 Y:85 P:47 SP:FB
CCD3  A8        TAY                             A:00 X:34 Y:85 P:07 SP:FB
CCD4  D0 15     BNE                             A:00 X:34 Y:00 P:07 SP:FB
CCD6  90 13     BCC                             A:00 X:34 Y:00 P:07 SP:FB
CCD8  70 11     BVS                             A:00 X:34 Y:00 P:07 SP:FB
CCDA  30 0F     BMI                             A:00 X:34 Y:00 P:07 SP:FB
CCDC  C9 00     CMP #$00                        A:00 X:34 Y:00 P:07 SP:FB
CCDE  D0 0B     BNE                             A:00 X:34 Y:00 P:07 SP:FB
CCE0  E0 34     CPX #$34                        A:00 X:34 Y:00 P:07 SP:FB
CCE2  D0 07     BNE                             A:00 X:34 Y:00 P:07 SP:FB
CCE4  C0 00     CPY #$00                        A:00 X:34 Y:00 P:07 SP:FB
CCE6  D0 03     BNE                             A:00 X:34 Y:00 P:07 SP:FB
CCE8  4C EF CC  JMP todo                        A:00 X:34 Y:00 P:07 SP:FB
CCEF  EA        NOP                             A:00 X:34 Y:00 P:07 SP:FB
CCF0  A9 85     LDA #$85                        A:00 X:34 Y:00 P:07 SP:FB
CCF2  A2 34     LDX #$34                        A:85 X:34 Y:00 P:85 SP:FB
CCF4  A0 99     LDY #$99                        A:85 X:34 Y:00 P:05 SP:FB
CCF6  18        CLC                             A:85 X:34 Y:99 P:85 SP:FB
CCF7  24 01     BIT $01 = 255                   A:85 X:34 Y:99 P:84 SP:FB
CCF9  AA        TAX                             A:85 X:34 Y:99 P:C4 SP:FB
CCFA  F0 2E     BEQ                             A:85 X:85 Y:99 P:C4 SP:FB
CCFC  B0 2C     BCS                             A:85 X:85 Y:99 P:C4 SP:FB
CCFE  50 2A     BVC                             A:85 X:85 Y:99 P:C4 SP:FB
CD00  10 28     BPL                             A:85 X:85 Y:99 P:C4 SP:FB
CD02  C9 85     CMP #$85                        A:85 X:85 Y:99 P:C4 SP:FB
CD04  D0 24     BNE                             A:85 X:85 Y:99 P:47 SP:FB
CD06  E0 85     CPX #$85                        A:85 X:85 Y:99 P:47 SP:FB
CD08  D0 20     BNE                             A:85 X:85 Y:99 P:47 SP:FB
CD0A  C0 99     CPY #$99                        A:85 X:85 Y:99 P:47 SP:FB
CD0C  D0 1C     BNE                             A:85 X:85 Y:99 P:47 SP:FB
CD0E  A9 00     LDA #$00                        A:85 X:85 Y:99 P:47 SP:FB
CD10  38        SEC                             A:00 X:85 Y:99 P:47 SP:FB
CD11  B8        CLV                             A:00 X:85 Y:99 P:47 SP:FB
CD12  AA        TAX                             A:00 X:85 Y:99 P:07 SP:FB
CD13  D0 15     BNE                             A:00 X:00 Y:99 P:07 SP:FB
CD15  90 13     BCC                             A:00 X:00 Y:99 P:07 SP:FB
CD17  70 11     BVS                             A:00 X:00 Y:99 P:07 SP:FB
CD19  30 0F     BMI                             A:00 X:00 Y:99 P:07 SP:FB
CD1B  C9 00     CMP #$00                        A:00 X:00 Y:99 P:07 SP:FB
CD1D  D0 0B     BNE                             A:00 X:00 Y:99 P:07 SP:FB
CD1F  E0 00     CPX #$00                        A:00 X:00 Y:99 P:07 SP:FB
CD21  D0 07     BNE                             A:00 X:00 Y:99 P:07 SP:FB
CD23  C0 99     CPY #$99                        A:00 X:00 Y:99 P:07 SP:FB
CD25  D0 03     BNE                             A:00 X:00 Y:99 P:07 SP:FB
CD27  4C 2E CD  JMP todo                        A:00 X:00 Y:99 P:07 SP:FB
CD2E  EA        NOP                             A:00 X:00 Y:99 P:07 SP:FB
CD2F  A9 85     LDA #$85                        A:00 X:00 Y:99 P:07 SP:FB
CD31  A2 34     LDX #$34                        A:85 X:00 Y:99 P:85 SP:FB
CD33  A0 99     LDY #$99                        A:85 X:34 Y:99 P:05 SP:FB
CD35  18        CLC                             A:85 X:34 Y:99 P:85 SP:FB
CD36  24 01     BIT $01 = 255                   A:85 X:34 Y:99 P:84 SP:FB
CD38  98        TYA                             A:85 X:34 Y:99 P:C4 SP:FB
CD39  F0 2E     BEQ                             A:99 X:34 Y:99 P:C4 SP:FB
CD3B  B0 2C     BCS                             A:99 X:34 Y:99 P:C4 SP:FB
CD3D  50 2A     BVC                             A:99 X:34 Y:99 P:C4 SP:FB
CD3F  10 28     BPL                             A:99 X:34 Y:99 P:C4 SP:FB
CD41  C9 99     CMP #$99                        A:99 X:34 Y:99 P:C4 SP:FB
CD43  D0 24     BNE                             A:99 X:34 Y:99 P:47 SP:FB
CD45  E0 34     CPX #$34                        A:99 X:34 Y:99 P:47 SP:FB
CD47  D0 20     BNE                             A:99 X:34 Y:99 P:47 SP:FB
CD49  C0 99     CPY #$99                        A:99 X:34 Y:99 P:47 SP:FB
CD4B  D0 1C     BNE                             A:99 X:34 Y:99 P:47 SP:FB
CD4D  A0 00     LDY #$00                        A:99 X:34 Y:99 P:47 SP:FB
CD4F  38        SEC                             A:99 X:34 Y:00 P:47 SP:FB
CD50  B8        CLV                             A:99 X:34 Y:00 P:47 SP:FB
CD51  98        TYA                             A:99 X:34 Y:00 P:07 SP:FB
CD52  D0 15     BNE                             A:00 X:34 Y:00 P:07 SP:FB
CD54  90 13     BCC                             A:00 X:34 Y:00 P:07 SP:FB
CD56  70 11     BVS                             A:00 X:34 Y:00 P:07 SP:FB
CD58  30 0F     BMI                             A:00 X:34 Y:00 P:07 SP:FB
CD5A  C9 00     CMP #$00                        A:00 X:34 Y:00 P:07 SP:FB
CD5C  D0 0B     BNE                             A:00 X:34 Y:00 P:07 SP:FB
CD5E  E0 34     CPX #$34                        A:00 X:34 Y:00 P:07 SP:FB
CD60  D0 07     BNE                             A:00 X:34 Y:00 P:07 SP:FB
CD62  C0 00     CPY #$00                        A:00 X:34 Y:00 P:07 SP:FB
CD64  D0 03     BNE                             A:00 X:34 Y:00 P:07 SP:FB
CD66  4C 6D CD  JMP todo                        A:00 X:34 Y:00 P:07 SP:FB
CD6D  EA        NOP                             A:00 X:34 Y:00 P:07 SP:FB
CD6E  A9 85     LDA #$85                        A:00 X:34 Y:00 P:07 SP:FB
CD70  A2 34     LDX #$34                        A:85 X:34 Y:00 P:85 SP:FB
CD72  A0 99     LDY #$99                        A:85 X:34 Y:00 P:05 SP:FB
CD74  18        CLC                             A:85 X:34 Y:99 P:85 SP:FB
CD75  24 01     BIT $01 = 255                   A:85 X:34 Y:99 P:84 SP:FB
CD77  8A        TXA                             A:85 X:34 Y:99 P:C4 SP:FB
CD78  F0 2E     BEQ                             A:34 X:34 Y:99 P:44 SP:FB
CD7A  B0 2C     BCS                             A:34 X:34 Y:99 P:44 SP:FB
CD7C  50 2A     BVC                             A:34 X:34 Y:99 P:44 SP:FB
CD7E  30 28     BMI                             A:34 X:34 Y:99 P:44 SP:FB
CD80  C9 34     CMP #$34                        A:34 X:34 Y:99 P:44 SP:FB
CD82  D0 24     BNE                             A:34 X:34 Y:99 P:47 SP:FB
CD84  E0 34     CPX #$34                        A:34 X:34 Y:99 P:47 SP:FB
CD86  D0 20     BNE                             A:34 X:34 Y:99 P:47 SP:FB
CD88  C0 99     CPY #$99                        A:34 X:34 Y:99 P:47 SP:FB
CD8A  D0 1C     BNE                             A:34 X:34 Y:99 P:47 SP:FB
CD8C  A2 00     LDX #$00                        A:34 X:34 Y:99 P:47 SP:FB
CD8E  38        SEC                             A:34 X:00 Y:99 P:47 SP:FB
CD8F  B8        CLV                             A:34 X:00 Y:99 P:47 SP:FB
CD90  8A        TXA                             A:34 X:00 Y:99 P:07 SP:FB
CD91  D0 15     BNE                             A:00 X:00 Y:99 P:07 SP:FB
CD93  90 13     BCC                             A:00 X:00 Y:99 P:07 SP:FB
CD95  70 11     BVS                             A:00 X:00 Y:99 P:07 SP:FB
CD97  30 0F     BMI                             A:00 X:00 Y:99 P:07 SP:FB
CD99  C9 00     CMP #$00                        A:00 X:00 Y:99 P:07 SP:FB
CD9B  D0 0B     BNE                             A:00 X:00 Y:99 P:07 SP:FB
CD9D  E0 00     CPX #$00                        A:00 X:00 Y:99 P:07 SP:FB
CD9F  D0 07     BNE                             A:00 X:00 Y:99 P:07 SP:FB
CDA1  C0 99     CPY #$99                        A:00 X:00 Y:99 P:07 SP:FB
CDA3  D0 03     BNE                             A:00 X:00 Y:99 P:07 SP:FB
CDA5  4C AC CD  JMP todo                        A:00 X:00 Y:99 P:07 SP:FB
CDAC  EA        NOP                             A:00 X:00 Y:99 P:07 SP:FB
CDAD  BA        TSX                             A:00 X:00 Y:99 P:07 SP:FB
CDAE  8E FF 07  STX todo                        A:00 X:FB Y:99 P:85 SP:FB
CDB1  A0 33     LDY #$33                        A:00 X:FB Y:99 P:85 SP:FB
CDB3  A2 69     LDX #$69                        A:00 X:FB Y:33 P:05 SP:FB
CDB5  A9 84     LDA #$84                        A:00 X:69 Y:33 P:05 SP:FB
CDB7  18        CLC                             A:84 X:69 Y:33 P:85 SP:FB
CDB8  24 01     BIT $01 = 255                   A:84 X:69 Y:33 P:84 SP:FB
CDBA  9A        TXS                             A:84 X:69 Y:33 P:C4 SP:FB
CDBB  F0 32     BEQ                             A:84 X:69 Y:33 P:C4 SP:69
CDBD  10 30     BPL                             A:84 X:69 Y:33 P:C4 SP:69
CDBF  B0 2E     BCS                             A:84 X:69 Y:33 P:C4 SP:69
CDC1  50 2C     BVC                             A:84 X:69 Y:33 P:C4 SP:69
CDC3  C9 84     CMP #$84                        A:84 X:69 Y:33 P:C4 SP:69
CDC5  D0 28     BNE                             A:84 X:69 Y:33 P:47 SP:69
CDC7  E0 69     CPX #$69                        A:84 X:69 Y:33 P:47 SP:69
CDC9  D0 24     BNE                             A:84 X:69 Y:33 P:47 SP:69
CDCB  C0 33     CPY #$33                        A:84 X:69 Y:33 P:47 SP:69
CDCD  D0 20     BNE                             A:84 X:69 Y:33 P:47 SP:69
CDCF  A0 01     LDY #$01                        A:84 X:69 Y:33 P:47 SP:69
CDD1  A9 04     LDA #$04                        A:84 X:69 Y:01 P:45 SP:69
CDD3  38        SEC                             A:04 X:69 Y:01 P:45 SP:69
CDD4  B8        CLV                             A:04 X:69 Y:01 P:45 SP:69
CDD5  A2 00     LDX #$00                        A:04 X:69 Y:01 P:05 SP:69
CDD7  BA        TSX                             A:04 X:00 Y:01 P:07 SP:69
CDD8  F0 15     BEQ                             A:04 X:69 Y:01 P:05 SP:69
CDDA  30 13     BMI                             A:04 X:69 Y:01 P:05 SP:69
CDDC  90 11     BCC                             A:04 X:69 Y:01 P:05 SP:69
CDDE  70 0F     BVS                             A:04 X:69 Y:01 P:05 SP:69
CDE0  E0 69     CPX #$69                        A:04 X:69 Y:01 P:05 SP:69
CDE2  D0 0B     BNE                             A:04 X:69 Y:01 P:07 SP:69
CDE4  C9 04     CMP #$04                        A:04 X:69 Y:01 P:07 SP:69
CDE6  D0 07     BNE                             A:04 X:69 Y:01 P:07 SP:69
CDE8  C0 01     CPY #$01                        A:04 X:69 Y:01 P:07 SP:69
CDEA  D0 03     BNE                             A:04 X:69 Y:01 P:07 SP:69
CDEC  4C F3 CD  JMP todo                        A:04 X:69 Y:01 P:07 SP:69
CDF3  AE FF 07  LDX todo                        A:04 X:69 Y:01 P:07 SP:69
CDF6  9A        TXS                             A:04 X:FB Y:01 P:85 SP:69
CDF7  60        RTS                             A:04 X:FB Y:01 P:85 SP:FB
8609  20 F8 CD  JSR todo                        A:04 X:FB Y:01 P:85 SP:FD
CDF8  A9 FF     LDA #$FF                        A:04 X:FB Y:01 P:85 SP:FB
CDFA  85 01     STA $01 = 255                   A:FF X:FB Y:01 P:85 SP:FB
CDFC  BA        TSX                             A:FF X:FB Y:01 P:85 SP:FB
CDFD  8E FF 07  STX todo                        A:FF X:FB Y:01 P:85 SP:FB
CE00  EA        NOP                             A:FF X:FB Y:01 P:85 SP:FB
CE01  A2 80     LDX #$80                        A:FF X:FB Y:01 P:85 SP:FB
CE03  9A        TXS                             A:FF X:80 Y:01 P:85 SP:FB
CE04  A9 33     LDA #$33                        A:FF X:80 Y:01 P:85 SP:80
CE06  48        PHA                             A:33 X:80 Y:01 P:05 SP:80
CE07  A9 69     LDA #$69                        A:33 X:80 Y:01 P:05 SP:7F
CE09  48        PHA                             A:69 X:80 Y:01 P:05 SP:7F
CE0A  BA        TSX                             A:69 X:80 Y:01 P:05 SP:7E
CE0B  E0 7E     CPX #$7E                        A:69 X:7E Y:01 P:05 SP:7E
CE0D  D0 20     BNE                             A:69 X:7E Y:01 P:07 SP:7E
CE0F  68        PLA                             A:69 X:7E Y:01 P:07 SP:7E
CE10  C9 69     CMP #$69                        A:69 X:7E Y:01 P:05 SP:7F
CE12  D0 1B     BNE                             A:69 X:7E Y:01 P:07 SP:7F
CE14  68        PLA                             A:69 X:7E Y:01 P:07 SP:7F
CE15  C9 33     CMP #$33                        A:33 X:7E Y:01 P:05 SP:80
CE17  D0 16     BNE                             A:33 X:7E Y:01 P:07 SP:80
CE19  BA        TSX                             A:33 X:7E Y:01 P:07 SP:80
CE1A  E0 80     CPX #$80                        A:33 X:80 Y:01 P:85 SP:80
CE1C  D0 11     BNE                             A:33 X:80 Y:01 P:07 SP:80
CE1E  AD 80 01  LDA todo                        A:33 X:80 Y:01 P:07 SP:80
CE21  C9 33     CMP #$33                        A:33 X:80 Y:01 P:05 SP:80
CE23  D0 0A     BNE                             A:33 X:80 Y:01 P:07 SP:80
CE25  AD 7F 01  LDA todo                        A:33 X:80 Y:01 P:07 SP:80
CE28  C9 69     CMP #$69                        A:69 X:80 Y:01 P:05 SP:80
CE2A  D0 03     BNE                             A:69 X:80 Y:01 P:07 SP:80
CE2C  4C 33 CE  JMP todo                        A:69 X:80 Y:01 P:07 SP:80
CE33  EA        NOP                             A:69 X:80 Y:01 P:07 SP:80
CE34  A2 80     LDX #$80                        A:69 X:80 Y:01 P:07 SP:80
CE36  9A        TXS                             A:69 X:80 Y:01 P:85 SP:80
CE37  20 3D CE  JSR todo                        A:69 X:80 Y:01 P:85 SP:80
CE3D  BA        TSX                             A:69 X:80 Y:01 P:85 SP:7E
CE3E  E0 7E     CPX #$7E                        A:69 X:7E Y:01 P:05 SP:7E
CE40  D0 19     BNE                             A:69 X:7E Y:01 P:07 SP:7E
CE42  68        PLA                             A:69 X:7E Y:01 P:07 SP:7E
CE43  68        PLA                             A:39 X:7E Y:01 P:05 SP:7F
CE44  BA        TSX                             A:CE X:7E Y:01 P:85 SP:80
CE45  E0 80     CPX #$80                        A:CE X:80 Y:01 P:85 SP:80
CE47  D0 12     BNE                             A:CE X:80 Y:01 P:07 SP:80
CE49  A9 00     LDA #$00                        A:CE X:80 Y:01 P:07 SP:80
CE4B  20 4E CE  JSR todo                        A:00 X:80 Y:01 P:07 SP:80
CE4E  68        PLA                             A:00 X:80 Y:01 P:07 SP:7E
CE4F  C9 4D     CMP #$4D                        A:4D X:80 Y:01 P:05 SP:7F
CE51  D0 08     BNE                             A:4D X:80 Y:01 P:07 SP:7F
CE53  68        PLA                             A:4D X:80 Y:01 P:07 SP:7F
CE54  C9 CE     CMP #$CE                        A:CE X:80 Y:01 P:85 SP:80
CE56  D0 03     BNE                             A:CE X:80 Y:01 P:07 SP:80
CE58  4C 5F CE  JMP todo                        A:CE X:80 Y:01 P:07 SP:80
CE5F  EA        NOP                             A:CE X:80 Y:01 P:07 SP:80
CE60  A9 CE     LDA #$CE                        A:CE X:80 Y:01 P:07 SP:80
CE62  48        PHA                             A:CE X:80 Y:01 P:85 SP:80
CE63  A9 66     LDA #$66                        A:CE X:80 Y:01 P:85 SP:7F
CE65  48        PHA                             A:66 X:80 Y:01 P:05 SP:7F
CE66  60        RTS                             A:66 X:80 Y:01 P:05 SP:7E
CE67  A2 77     LDX #$77                        A:66 X:80 Y:01 P:05 SP:80
CE69  A0 69     LDY #$69                        A:66 X:77 Y:01 P:05 SP:80
CE6B  18        CLC                             A:66 X:77 Y:69 P:05 SP:80
CE6C  24 01     BIT $01 = 255                   A:66 X:77 Y:69 P:04 SP:80
CE6E  A9 83     LDA #$83                        A:66 X:77 Y:69 P:C4 SP:80
CE70  20 66 CE  JSR todo                        A:83 X:77 Y:69 P:C4 SP:80
CE66  60        RTS                             A:83 X:77 Y:69 P:C4 SP:7E
CE73  F0 24     BEQ                             A:83 X:77 Y:69 P:C4 SP:80
CE75  10 22     BPL                             A:83 X:77 Y:69 P:C4 SP:80
CE77  B0 20     BCS                             A:83 X:77 Y:69 P:C4 SP:80
CE79  50 1E     BVC                             A:83 X:77 Y:69 P:C4 SP:80
CE7B  C9 83     CMP #$83                        A:83 X:77 Y:69 P:C4 SP:80
CE7D  D0 1A     BNE                             A:83 X:77 Y:69 P:47 SP:80
CE7F  C0 69     CPY #$69                        A:83 X:77 Y:69 P:47 SP:80
CE81  D0 16     BNE                             A:83 X:77 Y:69 P:47 SP:80
CE83  E0 77     CPX #$77                        A:83 X:77 Y:69 P:47 SP:80
CE85  D0 12     BNE                             A:83 X:77 Y:69 P:47 SP:80
CE87  38        SEC                             A:83 X:77 Y:69 P:47 SP:80
CE88  B8        CLV                             A:83 X:77 Y:69 P:47 SP:80
CE89  A9 00     LDA #$00                        A:83 X:77 Y:69 P:07 SP:80
CE8B  20 66 CE  JSR todo                        A:00 X:77 Y:69 P:07 SP:80
CE66  60        RTS                             A:00 X:77 Y:69 P:07 SP:7E
CE8E  D0 09     BNE                             A:00 X:77 Y:69 P:07 SP:80
CE90  30 07     BMI                             A:00 X:77 Y:69 P:07 SP:80
CE92  90 05     BCC                             A:00 X:77 Y:69 P:07 SP:80
CE94  70 03     BVS                             A:00 X:77 Y:69 P:07 SP:80
CE96  4C 9D CE  JMP todo                        A:00 X:77 Y:69 P:07 SP:80
CE9D  EA        NOP                             A:00 X:77 Y:69 P:07 SP:80
CE9E  A9 CE     LDA #$CE                        A:00 X:77 Y:69 P:07 SP:80
CEA0  48        PHA                             A:CE X:77 Y:69 P:85 SP:80
CEA1  A9 AE     LDA #$AE                        A:CE X:77 Y:69 P:85 SP:7F
CEA3  48        PHA                             A:AE X:77 Y:69 P:85 SP:7F
CEA4  A9 65     LDA #$65                        A:AE X:77 Y:69 P:85 SP:7E
CEA6  48        PHA                             A:65 X:77 Y:69 P:05 SP:7E
CEA7  A9 55     LDA #$55                        A:65 X:77 Y:69 P:05 SP:7D
CEA9  A0 88     LDY #$88                        A:55 X:77 Y:69 P:05 SP:7D
CEAB  A2 99     LDX #$99                        A:55 X:77 Y:88 P:85 SP:7D
CEAD  40        RTI                             A:55 X:99 Y:88 P:85 SP:7D
CEAE  30 35     BMI                             A:55 X:99 Y:88 P:45 SP:80
CEB0  50 33     BVC                             A:55 X:99 Y:88 P:45 SP:80
CEB2  F0 31     BEQ                             A:55 X:99 Y:88 P:45 SP:80
CEB4  90 2F     BCC                             A:55 X:99 Y:88 P:45 SP:80
CEB6  C9 55     CMP #$55                        A:55 X:99 Y:88 P:45 SP:80
CEB8  D0 2B     BNE                             A:55 X:99 Y:88 P:47 SP:80
CEBA  C0 88     CPY #$88                        A:55 X:99 Y:88 P:47 SP:80
CEBC  D0 27     BNE                             A:55 X:99 Y:88 P:47 SP:80
CEBE  E0 99     CPX #$99                        A:55 X:99 Y:88 P:47 SP:80
CEC0  D0 23     BNE                             A:55 X:99 Y:88 P:47 SP:80
CEC2  A9 CE     LDA #$CE                        A:55 X:99 Y:88 P:47 SP:80
CEC4  48        PHA                             A:CE X:99 Y:88 P:C5 SP:80
CEC5  A9 CE     LDA #$CE                        A:CE X:99 Y:88 P:C5 SP:7F
CEC7  48        PHA                             A:CE X:99 Y:88 P:C5 SP:7F
CEC8  A9 87     LDA #$87                        A:CE X:99 Y:88 P:C5 SP:7E
CECA  48        PHA                             A:87 X:99 Y:88 P:C5 SP:7E
CECB  A9 55     LDA #$55                        A:87 X:99 Y:88 P:C5 SP:7D
CECD  40        RTI                             A:55 X:99 Y:88 P:45 SP:7D
CECE  10 15     BPL                             A:55 X:99 Y:88 P:87 SP:80
CED0  70 13     BVS                             A:55 X:99 Y:88 P:87 SP:80
CED2  D0 11     BNE                             A:55 X:99 Y:88 P:87 SP:80
CED4  90 0F     BCC                             A:55 X:99 Y:88 P:87 SP:80
CED6  C9 55     CMP #$55                        A:55 X:99 Y:88 P:87 SP:80
CED8  D0 0B     BNE                             A:55 X:99 Y:88 P:07 SP:80
CEDA  C0 88     CPY #$88                        A:55 X:99 Y:88 P:07 SP:80
CEDC  D0 07     BNE                             A:55 X:99 Y:88 P:07 SP:80
CEDE  E0 99     CPX #$99                        A:55 X:99 Y:88 P:07 SP:80
CEE0  D0 03     BNE                             A:55 X:99 Y:88 P:07 SP:80
CEE2  4C E9 CE  JMP todo                        A:55 X:99 Y:88 P:07 SP:80
CEE9  AE FF 07  LDX todo                        A:55 X:99 Y:88 P:07 SP:80
CEEC  9A        TXS                             A:55 X:FB Y:88 P:85 SP:80
CEED  60        RTS                             A:55 X:FB Y:88 P:85 SP:FB
860C  20 EE CE  JSR todo                        A:55 X:FB Y:88 P:85 SP:FD
CEEE  A2 55     LDX #$55                        A:55 X:FB Y:88 P:85 SP:FB
CEF0  A0 69     LDY #$69                        A:55 X:55 Y:88 P:05 SP:FB
CEF2  A9 FF     LDA #$FF                        A:55 X:55 Y:69 P:05 SP:FB
CEF4  85 01     STA $01 = 255                   A:FF X:55 Y:69 P:85 SP:FB
CEF6  EA        NOP                             A:FF X:55 Y:69 P:85 SP:FB
CEF7  24 01     BIT $01 = 255                   A:FF X:55 Y:69 P:85 SP:FB
CEF9  38        SEC                             A:FF X:55 Y:69 P:C5 SP:FB
CEFA  A9 01     LDA #$01                        A:FF X:55 Y:69 P:C5 SP:FB
CEFC  4A        LSR                             A:01 X:55 Y:69 P:45 SP:FB
CEFD  90 1D     BCC                             A:00 X:55 Y:69 P:47 SP:FB
CEFF  D0 1B     BNE                             A:00 X:55 Y:69 P:47 SP:FB
CF01  30 19     BMI                             A:00 X:55 Y:69 P:47 SP:FB
CF03  50 17     BVC                             A:00 X:55 Y:69 P:47 SP:FB
CF05  C9 00     CMP #$00                        A:00 X:55 Y:69 P:47 SP:FB
CF07  D0 13     BNE                             A:00 X:55 Y:69 P:47 SP:FB
CF09  B8        CLV                             A:00 X:55 Y:69 P:47 SP:FB
CF0A  A9 AA     LDA #$AA                        A:00 X:55 Y:69 P:07 SP:FB
CF0C  4A        LSR                             A:AA X:55 Y:69 P:85 SP:FB
CF0D  B0 0D     BCS                             A:55 X:55 Y:69 P:04 SP:FB
CF0F  F0 0B     BEQ                             A:55 X:55 Y:69 P:04 SP:FB
CF11  30 09     BMI                             A:55 X:55 Y:69 P:04 SP:FB
CF13  70 07     BVS                             A:55 X:55 Y:69 P:04 SP:FB
CF15  C9 55     CMP #$55                        A:55 X:55 Y:69 P:04 SP:FB
CF17  D0 03     BNE                             A:55 X:55 Y:69 P:07 SP:FB
CF19  4C 20 CF  JMP todo                        A:55 X:55 Y:69 P:07 SP:FB
CF20  EA        NOP                             A:55 X:55 Y:69 P:07 SP:FB
CF21  24 01     BIT $01 = 255                   A:55 X:55 Y:69 P:07 SP:FB
CF23  38        SEC                             A:55 X:55 Y:69 P:C5 SP:FB
CF24  A9 80     LDA #$80                        A:55 X:55 Y:69 P:C5 SP:FB
CF26  0A        ASL                             A:80 X:55 Y:69 P:C5 SP:FB
CF27  90 1E     BCC                             A:00 X:55 Y:69 P:47 SP:FB
CF29  D0 1C     BNE                             A:00 X:55 Y:69 P:47 SP:FB
CF2B  30 1A     BMI                             A:00 X:55 Y:69 P:47 SP:FB
CF2D  50 18     BVC                             A:00 X:55 Y:69 P:47 SP:FB
CF2F  C9 00     CMP #$00                        A:00 X:55 Y:69 P:47 SP:FB
CF31  D0 14     BNE                             A:00 X:55 Y:69 P:47 SP:FB
CF33  B8        CLV                             A:00 X:55 Y:69 P:47 SP:FB
CF34  38        SEC                             A:00 X:55 Y:69 P:07 SP:FB
CF35  A9 55     LDA #$55                        A:00 X:55 Y:69 P:07 SP:FB
CF37  0A        ASL                             A:55 X:55 Y:69 P:05 SP:FB
CF38  B0 0D     BCS                             A:AA X:55 Y:69 P:84 SP:FB
CF3A  F0 0B     BEQ                             A:AA X:55 Y:69 P:84 SP:FB
CF3C  10 09     BPL                             A:AA X:55 Y:69 P:84 SP:FB
CF3E  70 07     BVS                             A:AA X:55 Y:69 P:84 SP:FB
CF40  C9 AA     CMP #$AA                        A:AA X:55 Y:69 P:84 SP:FB
CF42  D0 03     BNE                             A:AA X:55 Y:69 P:07 SP:FB
CF44  4C 4B CF  JMP todo                        A:AA X:55 Y:69 P:07 SP:FB
CF4B  EA        NOP                             A:AA X:55 Y:69 P:07 SP:FB
CF4C  24 01     BIT $01 = 255                   A:AA X:55 Y:69 P:07 SP:FB
CF4E  38        SEC                             A:AA X:55 Y:69 P:C5 SP:FB
CF4F  A9 01     LDA #$01                        A:AA X:55 Y:69 P:C5 SP:FB
CF51  6A        ROR                             A:01 X:55 Y:69 P:45 SP:FB
CF52  90 1E     BCC                             A:80 X:55 Y:69 P:C5 SP:FB
CF54  F0 1C     BEQ                             A:80 X:55 Y:69 P:C5 SP:FB
CF56  10 1A     BPL                             A:80 X:55 Y:69 P:C5 SP:FB
CF58  50 18     BVC                             A:80 X:55 Y:69 P:C5 SP:FB
CF5A  C9 80     CMP #$80                        A:80 X:55 Y:69 P:C5 SP:FB
CF5C  D0 14     BNE                             A:80 X:55 Y:69 P:47 SP:FB
CF5E  B8        CLV                             A:80 X:55 Y:69 P:47 SP:FB
CF5F  18        CLC                             A:80 X:55 Y:69 P:07 SP:FB
CF60  A9 55     LDA #$55                        A:80 X:55 Y:69 P:06 SP:FB
CF62  6A        ROR                             A:55 X:55 Y:69 P:04 SP:FB
CF63  90 0D     BCC                             A:2A X:55 Y:69 P:05 SP:FB
CF65  F0 0B     BEQ                             A:2A X:55 Y:69 P:05 SP:FB
CF67  30 09     BMI                             A:2A X:55 Y:69 P:05 SP:FB
CF69  70 07     BVS                             A:2A X:55 Y:69 P:05 SP:FB
CF6B  C9 2A     CMP #$2A                        A:2A X:55 Y:69 P:05 SP:FB
CF6D  D0 03     BNE                             A:2A X:55 Y:69 P:07 SP:FB
CF6F  4C 76 CF  JMP todo                        A:2A X:55 Y:69 P:07 SP:FB
CF76  EA        NOP                             A:2A X:55 Y:69 P:07 SP:FB
CF77  24 01     BIT $01 = 255                   A:2A X:55 Y:69 P:07 SP:FB
CF79  38        SEC                             A:2A X:55 Y:69 P:C5 SP:FB
CF7A  A9 80     LDA #$80                        A:2A X:55 Y:69 P:C5 SP:FB
CF7C  2A        ROL                             A:80 X:55 Y:69 P:C5 SP:FB
CF7D  90 1E     BCC                             A:01 X:55 Y:69 P:45 SP:FB
CF7F  F0 1C     BEQ                             A:01 X:55 Y:69 P:45 SP:FB
CF81  30 1A     BMI                             A:01 X:55 Y:69 P:45 SP:FB
CF83  50 18     BVC                             A:01 X:55 Y:69 P:45 SP:FB
CF85  C9 01     CMP #$01                        A:01 X:55 Y:69 P:45 SP:FB
CF87  D0 14     BNE                             A:01 X:55 Y:69 P:47 SP:FB
CF89  B8        CLV                             A:01 X:55 Y:69 P:47 SP:FB
CF8A  18        CLC                             A:01 X:55 Y:69 P:07 SP:FB
CF8B  A9 55     LDA #$55                        A:01 X:55 Y:69 P:06 SP:FB
CF8D  2A        ROL                             A:55 X:55 Y:69 P:04 SP:FB
CF8E  B0 0D     BCS                             A:AA X:55 Y:69 P:84 SP:FB
CF90  F0 0B     BEQ                             A:AA X:55 Y:69 P:84 SP:FB
CF92  10 09     BPL                             A:AA X:55 Y:69 P:84 SP:FB
CF94  70 07     BVS                             A:AA X:55 Y:69 P:84 SP:FB
CF96  C9 AA     CMP #$AA                        A:AA X:55 Y:69 P:84 SP:FB
CF98  D0 03     BNE                             A:AA X:55 Y:69 P:07 SP:FB
CF9A  4C A1 CF  JMP todo                        A:AA X:55 Y:69 P:07 SP:FB
CFA1  60        RTS                             A:AA X:55 Y:69 P:07 SP:FB
860F  20 A2 CF  JSR todo                        A:AA X:55 Y:69 P:07 SP:FD
CFA2  A5 00     LDA $00 = 0                     A:AA X:55 Y:69 P:07 SP:FB
CFA4  8D FF 07  STA todo                        A:00 X:55 Y:69 P:07 SP:FB
CFA7  A9 00     LDA #$00                        A:00 X:55 Y:69 P:07 SP:FB
CFA9  85 80     STA $80 = 0                     A:00 X:55 Y:69 P:07 SP:FB
CFAB  A9 02     LDA #$02                        A:00 X:55 Y:69 P:07 SP:FB
CFAD  85 81     STA $81 = 0                     A:02 X:55 Y:69 P:05 SP:FB
CFAF  A9 FF     LDA #$FF                        A:02 X:55 Y:69 P:05 SP:FB
CFB1  85 01     STA $01 = 255                   A:FF X:55 Y:69 P:85 SP:FB
CFB3  A9 00     LDA #$00                        A:FF X:55 Y:69 P:85 SP:FB
CFB5  85 82     STA $82 = 0                     A:00 X:55 Y:69 P:07 SP:FB
CFB7  A9 03     LDA #$03                        A:00 X:55 Y:69 P:07 SP:FB
CFB9  85 83     STA $83 = 0                     A:03 X:55 Y:69 P:05 SP:FB
CFBB  85 84     STA $84 = 0                     A:03 X:55 Y:69 P:05 SP:FB
CFBD  A9 00     LDA #$00                        A:03 X:55 Y:69 P:05 SP:FB
CFBF  85 FF     STA $FF = 0                     A:00 X:55 Y:69 P:07 SP:FB
CFC1  A9 04     LDA #$04                        A:00 X:55 Y:69 P:07 SP:FB
CFC3  85 00     STA $00 = 0                     A:04 X:55 Y:69 P:05 SP:FB
CFC5  A9 5A     LDA #$5A                        A:04 X:55 Y:69 P:05 SP:FB
CFC7  8D 00 02  STA todo                        A:5A X:55 Y:69 P:05 SP:FB
CFCA  A9 5B     LDA #$5B                        A:5A X:55 Y:69 P:05 SP:FB
CFCC  8D 00 03  STA todo                        A:5B X:55 Y:69 P:05 SP:FB
CFCF  A9 5C     LDA #$5C                        A:5B X:55 Y:69 P:05 SP:FB
CFD1  8D 03 03  STA todo                        A:5C X:55 Y:69 P:05 SP:FB
CFD4  A9 5D     LDA #$5D                        A:5C X:55 Y:69 P:05 SP:FB
CFD6  8D 00 04  STA todo                        A:5D X:55 Y:69 P:05 SP:FB
CFD9  A2 00     LDX #$00                        A:5D X:55 Y:69 P:05 SP:FB
CFDB  A1 80     LDA todo                        A:5D X:00 Y:69 P:07 SP:FB
CFDD  C9 5A     CMP #$5A                        A:5A X:00 Y:69 P:05 SP:FB
CFDF  D0 1F     BNE                             A:5A X:00 Y:69 P:07 SP:FB
CFE1  E8        INX                             A:5A X:00 Y:69 P:07 SP:FB
CFE2  E8        INX                             A:5A X:01 Y:69 P:05 SP:FB
CFE3  A1 80     LDA todo                        A:5A X:02 Y:69 P:05 SP:FB
CFE5  C9 5B     CMP #$5B                        A:5B X:02 Y:69 P:05 SP:FB
CFE7  D0 17     BNE                             A:5B X:02 Y:69 P:07 SP:FB
CFE9  E8        INX                             A:5B X:02 Y:69 P:07 SP:FB
CFEA  A1 80     LDA todo                        A:5B X:03 Y:69 P:05 SP:FB
CFEC  C9 5C     CMP #$5C                        A:5C X:03 Y:69 P:05 SP:FB
CFEE  D0 10     BNE                             A:5C X:03 Y:69 P:07 SP:FB
CFF0  A2 00     LDX #$00                        A:5C X:03 Y:69 P:07 SP:FB
CFF2  A1 FF     LDA todo                        A:5C X:00 Y:69 P:07 SP:FB
CFF4  C9 5D     CMP #$5D                        A:5D X:00 Y:69 P:05 SP:FB
CFF6  D0 08     BNE                             A:5D X:00 Y:69 P:07 SP:FB
CFF8  A2 81     LDX #$81                        A:5D X:00 Y:69 P:07 SP:FB
CFFA  A1 FF     LDA todo                        A:5D X:81 Y:69 P:85 SP:FB
CFFC  C9 5A     CMP #$5A                        A:5A X:81 Y:69 P:05 SP:FB
CFFE  F0 05     BEQ                             A:5A X:81 Y:69 P:07 SP:FB
D005  A9 AA     LDA #$AA                        A:5A X:81 Y:69 P:07 SP:FB
D007  A2 00     LDX #$00                        A:AA X:81 Y:69 P:85 SP:FB
D009  81 80     STA todo                        A:AA X:00 Y:69 P:07 SP:FB
D00B  E8        INX                             A:AA X:00 Y:69 P:07 SP:FB
D00C  E8        INX                             A:AA X:01 Y:69 P:05 SP:FB
D00D  A9 AB     LDA #$AB                        A:AA X:02 Y:69 P:05 SP:FB
D00F  81 80     STA todo                        A:AB X:02 Y:69 P:85 SP:FB
D011  E8        INX                             A:AB X:02 Y:69 P:85 SP:FB
D012  A9 AC     LDA #$AC                        A:AB X:03 Y:69 P:05 SP:FB
D014  81 80     STA todo                        A:AC X:03 Y:69 P:85 SP:FB
D016  A2 00     LDX #$00                        A:AC X:03 Y:69 P:85 SP:FB
D018  A9 AD     LDA #$AD                        A:AC X:00 Y:69 P:07 SP:FB
D01A  81 FF     STA todo                        A:AD X:00 Y:69 P:85 SP:FB
D01C  AD 00 02  LDA todo                        A:AD X:00 Y:69 P:85 SP:FB
D01F  C9 AA     CMP #$AA                        A:AA X:00 Y:69 P:85 SP:FB
D021  D0 15     BNE                             A:AA X:00 Y:69 P:07 SP:FB
D023  AD 00 03  LDA todo                        A:AA X:00 Y:69 P:07 SP:FB
D026  C9 AB     CMP #$AB                        A:AB X:00 Y:69 P:85 SP:FB
D028  D0 0E     BNE                             A:AB X:00 Y:69 P:07 SP:FB
D02A  AD 03 03  LDA todo                        A:AB X:00 Y:69 P:07 SP:FB
D02D  C9 AC     CMP #$AC                        A:AC X:00 Y:69 P:85 SP:FB
D02F  D0 07     BNE                             A:AC X:00 Y:69 P:07 SP:FB
D031  AD 00 04  LDA todo                        A:AC X:00 Y:69 P:07 SP:FB
D034  C9 AD     CMP #$AD                        A:AD X:00 Y:69 P:85 SP:FB
D036  F0 05     BEQ                             A:AD X:00 Y:69 P:07 SP:FB
D03D  AD FF 07  LDA todo                        A:AD X:00 Y:69 P:07 SP:FB
D040  85 00     STA $00 = 4                     A:00 X:00 Y:69 P:07 SP:FB
D042  A9 00     LDA #$00                        A:00 X:00 Y:69 P:07 SP:FB
D044  8D 00 03  STA todo                        A:00 X:00 Y:69 P:07 SP:FB
D047  A9 AA     LDA #$AA                        A:00 X:00 Y:69 P:07 SP:FB
D049  8D 00 02  STA todo                        A:AA X:00 Y:69 P:85 SP:FB
D04C  A2 00     LDX #$00                        A:AA X:00 Y:69 P:85 SP:FB
D04E  A0 5A     LDY #$5A                        A:AA X:00 Y:69 P:07 SP:FB
D050  20 B6 F7  JSR todo                        A:AA X:00 Y:5A P:05 SP:FB
F7B6  18        CLC                             A:AA X:00 Y:5A P:05 SP:F9
F7B7  A9 FF     LDA #$FF                        A:AA X:00 Y:5A P:04 SP:F9
F7B9  85 01     STA $01 = 255                   A:FF X:00 Y:5A P:84 SP:F9
F7BB  24 01     BIT $01 = 255                   A:FF X:00 Y:5A P:84 SP:F9
F7BD  A9 55     LDA #$55                        A:FF X:00 Y:5A P:C4 SP:F9
F7BF  60        RTS                             A:55 X:00 Y:5A P:44 SP:F9
D053  01 80     ORA todo                        A:55 X:00 Y:5A P:44 SP:FB
D055  20 C0 F7  JSR todo                        A:FF X:00 Y:5A P:C4 SP:FB
F7C0  B0 09     BCS                             A:FF X:00 Y:5A P:C4 SP:F9
F7C2  10 07     BPL                             A:FF X:00 Y:5A P:C4 SP:F9
F7C4  C9 FF     CMP #$FF                        A:FF X:00 Y:5A P:C4 SP:F9
F7C6  D0 03     BNE                             A:FF X:00 Y:5A P:47 SP:F9
F7C8  50 01     BVC                             A:FF X:00 Y:5A P:47 SP:F9
F7CA  60        RTS                             A:FF X:00 Y:5A P:47 SP:F9
D058  C8        INY                             A:FF X:00 Y:5A P:47 SP:FB
D059  20 CE F7  JSR todo                        A:FF X:00 Y:5B P:45 SP:FB
F7CE  38        SEC                             A:FF X:00 Y:5B P:45 SP:F9
F7CF  B8        CLV                             A:FF X:00 Y:5B P:45 SP:F9
F7D0  A9 00     LDA #$00                        A:FF X:00 Y:5B P:05 SP:F9
F7D2  60        RTS                             A:00 X:00 Y:5B P:07 SP:F9
D05C  01 82     ORA todo                        A:00 X:00 Y:5B P:07 SP:FB
D05E  20 D3 F7  JSR todo                        A:00 X:00 Y:5B P:07 SP:FB
F7D3  D0 07     BNE                             A:00 X:00 Y:5B P:07 SP:F9
F7D5  70 05     BVS                             A:00 X:00 Y:5B P:07 SP:F9
F7D7  90 03     BCC                             A:00 X:00 Y:5B P:07 SP:F9
F7D9  30 01     BMI                             A:00 X:00 Y:5B P:07 SP:F9
F7DB  60        RTS                             A:00 X:00 Y:5B P:07 SP:F9
D061  C8        INY                             A:00 X:00 Y:5B P:07 SP:FB
D062  20 DF F7  JSR todo                        A:00 X:00 Y:5C P:05 SP:FB
F7DF  18        CLC                             A:00 X:00 Y:5C P:05 SP:F9
F7E0  24 01     BIT $01 = 255                   A:00 X:00 Y:5C P:04 SP:F9
F7E2  A9 55     LDA #$55                        A:00 X:00 Y:5C P:C6 SP:F9
F7E4  60        RTS                             A:55 X:00 Y:5C P:44 SP:F9
D065  21 80     AND todo                        A:55 X:00 Y:5C P:44 SP:FB
D067  20 E5 F7  JSR todo                        A:00 X:00 Y:5C P:46 SP:FB
F7E5  D0 07     BNE                             A:00 X:00 Y:5C P:46 SP:F9
F7E7  50 05     BVC                             A:00 X:00 Y:5C P:46 SP:F9
F7E9  B0 03     BCS                             A:00 X:00 Y:5C P:46 SP:F9
F7EB  30 01     BMI                             A:00 X:00 Y:5C P:46 SP:F9
F7ED  60        RTS                             A:00 X:00 Y:5C P:46 SP:F9
D06A  C8        INY                             A:00 X:00 Y:5C P:46 SP:FB
D06B  A9 EF     LDA #$EF                        A:00 X:00 Y:5D P:44 SP:FB
D06D  8D 00 03  STA todo                        A:EF X:00 Y:5D P:C4 SP:FB
D070  20 F1 F7  JSR todo                        A:EF X:00 Y:5D P:C4 SP:FB
F7F1  38        SEC                             A:EF X:00 Y:5D P:C4 SP:F9
F7F2  B8        CLV                             A:EF X:00 Y:5D P:C5 SP:F9
F7F3  A9 F8     LDA #$F8                        A:EF X:00 Y:5D P:85 SP:F9
F7F5  60        RTS                             A:F8 X:00 Y:5D P:85 SP:F9
D073  21 82     AND todo                        A:F8 X:00 Y:5D P:85 SP:FB
D075  20 F6 F7  JSR todo                        A:E8 X:00 Y:5D P:85 SP:FB
F7F6  90 09     BCC                             A:E8 X:00 Y:5D P:85 SP:F9
F7F8  10 07     BPL                             A:E8 X:00 Y:5D P:85 SP:F9
F7FA  C9 E8     CMP #$E8                        A:E8 X:00 Y:5D P:85 SP:F9
F7FC  D0 03     BNE                             A:E8 X:00 Y:5D P:07 SP:F9
F7FE  70 01     BVS                             A:E8 X:00 Y:5D P:07 SP:F9
F800  60        RTS                             A:E8 X:00 Y:5D P:07 SP:F9
D078  C8        INY                             A:E8 X:00 Y:5D P:07 SP:FB
D079  20 04 F8  JSR todo                        A:E8 X:00 Y:5E P:05 SP:FB
F804  18        CLC                             A:E8 X:00 Y:5E P:05 SP:F9
F805  24 01     BIT $01 = 255                   A:E8 X:00 Y:5E P:04 SP:F9
F807  A9 5F     LDA #$5F                        A:E8 X:00 Y:5E P:C4 SP:F9
F809  60        RTS                             A:5F X:00 Y:5E P:44 SP:F9
D07C  41 80     EOR todo                        A:5F X:00 Y:5E P:44 SP:FB
D07E  20 0A F8  JSR todo                        A:F5 X:00 Y:5E P:C4 SP:FB
F80A  B0 09     BCS                             A:F5 X:00 Y:5E P:C4 SP:F9
F80C  10 07     BPL                             A:F5 X:00 Y:5E P:C4 SP:F9
F80E  C9 F5     CMP #$F5                        A:F5 X:00 Y:5E P:C4 SP:F9
F810  D0 03     BNE                             A:F5 X:00 Y:5E P:47 SP:F9
F812  50 01     BVC                             A:F5 X:00 Y:5E P:47 SP:F9
F814  60        RTS                             A:F5 X:00 Y:5E P:47 SP:F9
D081  C8        INY                             A:F5 X:00 Y:5E P:47 SP:FB
D082  A9 70     LDA #$70                        A:F5 X:00 Y:5F P:45 SP:FB
D084  8D 00 03  STA todo                        A:70 X:00 Y:5F P:45 SP:FB
D087  20 18 F8  JSR todo                        A:70 X:00 Y:5F P:45 SP:FB
F818  38        SEC                             A:70 X:00 Y:5F P:45 SP:F9
F819  B8        CLV                             A:70 X:00 Y:5F P:45 SP:F9
F81A  A9 70     LDA #$70                        A:70 X:00 Y:5F P:05 SP:F9
F81C  60        RTS                             A:70 X:00 Y:5F P:05 SP:F9
D08A  41 82     EOR todo                        A:70 X:00 Y:5F P:05 SP:FB
D08C  20 1D F8  JSR todo                        A:00 X:00 Y:5F P:07 SP:FB
F81D  D0 07     BNE                             A:00 X:00 Y:5F P:07 SP:F9
F81F  70 05     BVS                             A:00 X:00 Y:5F P:07 SP:F9
F821  90 03     BCC                             A:00 X:00 Y:5F P:07 SP:F9
F823  30 01     BMI                             A:00 X:00 Y:5F P:07 SP:F9
F825  60        RTS                             A:00 X:00 Y:5F P:07 SP:F9
D08F  C8        INY                             A:00 X:00 Y:5F P:07 SP:FB
D090  A9 69     LDA #$69                        A:00 X:00 Y:60 P:05 SP:FB
D092  8D 00 02  STA todo                        A:69 X:00 Y:60 P:05 SP:FB
D095  20 29 F8  JSR todo                        A:69 X:00 Y:60 P:05 SP:FB
F829  18        CLC                             A:69 X:00 Y:60 P:05 SP:F9
F82A  24 01     BIT $01 = 255                   A:69 X:00 Y:60 P:04 SP:F9
F82C  A9 00     LDA #$00                        A:69 X:00 Y:60 P:C4 SP:F9
F82E  60        RTS                             A:00 X:00 Y:60 P:46 SP:F9
D098  61 80     ADC todo                        A:00 X:00 Y:60 P:46 SP:FB
D09A  20 2F F8  JSR todo                        A:69 X:00 Y:60 P:04 SP:FB
F82F  30 09     BMI                             A:69 X:00 Y:60 P:04 SP:F9
F831  B0 07     BCS                             A:69 X:00 Y:60 P:04 SP:F9
F833  C9 69     CMP #$69                        A:69 X:00 Y:60 P:04 SP:F9
F835  D0 03     BNE                             A:69 X:00 Y:60 P:07 SP:F9
F837  70 01     BVS                             A:69 X:00 Y:60 P:07 SP:F9
F839  60        RTS                             A:69 X:00 Y:60 P:07 SP:F9
D09D  C8        INY                             A:69 X:00 Y:60 P:07 SP:FB
D09E  20 3D F8  JSR todo                        A:69 X:00 Y:61 P:05 SP:FB
F83D  38        SEC                             A:69 X:00 Y:61 P:05 SP:F9
F83E  24 01     BIT $01 = 255                   A:69 X:00 Y:61 P:05 SP:F9
F840  A9 00     LDA #$00                        A:69 X:00 Y:61 P:C5 SP:F9
F842  60        RTS                             A:00 X:00 Y:61 P:47 SP:F9
D0A1  61 80     ADC todo                        A:00 X:00 Y:61 P:47 SP:FB
D0A3  20 43 F8  JSR todo                        A:6A X:00 Y:61 P:04 SP:FB
F843  30 09     BMI                             A:6A X:00 Y:61 P:04 SP:F9
F845  B0 07     BCS                             A:6A X:00 Y:61 P:04 SP:F9
F847  C9 6A     CMP #$6A                        A:6A X:00 Y:61 P:04 SP:F9
F849  D0 03     BNE                             A:6A X:00 Y:61 P:07 SP:F9
F84B  70 01     BVS                             A:6A X:00 Y:61 P:07 SP:F9
F84D  60        RTS                             A:6A X:00 Y:61 P:07 SP:F9
D0A6  C8        INY                             A:6A X:00 Y:61 P:07 SP:FB
D0A7  A9 7F     LDA #$7F                        A:6A X:00 Y:62 P:05 SP:FB
D0A9  8D 00 02  STA todo                        A:7F X:00 Y:62 P:05 SP:FB
D0AC  20 51 F8  JSR todo                        A:7F X:00 Y:62 P:05 SP:FB
F851  38        SEC                             A:7F X:00 Y:62 P:05 SP:F9
F852  B8        CLV                             A:7F X:00 Y:62 P:05 SP:F9
F853  A9 7F     LDA #$7F                        A:7F X:00 Y:62 P:05 SP:F9
F855  60        RTS                             A:7F X:00 Y:62 P:05 SP:F9
D0AF  61 80     ADC todo                        A:7F X:00 Y:62 P:05 SP:FB
D0B1  20 56 F8  JSR todo                        A:FF X:00 Y:62 P:C4 SP:FB
F856  10 09     BPL                             A:FF X:00 Y:62 P:C4 SP:F9
F858  B0 07     BCS                             A:FF X:00 Y:62 P:C4 SP:F9
F85A  C9 FF     CMP #$FF                        A:FF X:00 Y:62 P:C4 SP:F9
F85C  D0 03     BNE                             A:FF X:00 Y:62 P:47 SP:F9
F85E  50 01     BVC                             A:FF X:00 Y:62 P:47 SP:F9
F860  60        RTS                             A:FF X:00 Y:62 P:47 SP:F9
D0B4  C8        INY                             A:FF X:00 Y:62 P:47 SP:FB
D0B5  A9 80     LDA #$80                        A:FF X:00 Y:63 P:45 SP:FB
D0B7  8D 00 02  STA todo                        A:80 X:00 Y:63 P:C5 SP:FB
D0BA  20 64 F8  JSR todo                        A:80 X:00 Y:63 P:C5 SP:FB
F864  18        CLC                             A:80 X:00 Y:63 P:C5 SP:F9
F865  24 01     BIT $01 = 255                   A:80 X:00 Y:63 P:C4 SP:F9
F867  A9 7F     LDA #$7F                        A:80 X:00 Y:63 P:C4 SP:F9
F869  60        RTS                             A:7F X:00 Y:63 P:44 SP:F9
D0BD  61 80     ADC todo                        A:7F X:00 Y:63 P:44 SP:FB
D0BF  20 6A F8  JSR todo                        A:FF X:00 Y:63 P:84 SP:FB
F86A  10 09     BPL                             A:FF X:00 Y:63 P:84 SP:F9
F86C  B0 07     BCS                             A:FF X:00 Y:63 P:84 SP:F9
F86E  C9 FF     CMP #$FF                        A:FF X:00 Y:63 P:84 SP:F9
F870  D0 03     BNE                             A:FF X:00 Y:63 P:07 SP:F9
F872  70 01     BVS                             A:FF X:00 Y:63 P:07 SP:F9
F874  60        RTS                             A:FF X:00 Y:63 P:07 SP:F9
D0C2  C8        INY                             A:FF X:00 Y:63 P:07 SP:FB
D0C3  20 78 F8  JSR todo                        A:FF X:00 Y:64 P:05 SP:FB
F878  38        SEC                             A:FF X:00 Y:64 P:05 SP:F9
F879  B8        CLV                             A:FF X:00 Y:64 P:05 SP:F9
F87A  A9 7F     LDA #$7F                        A:FF X:00 Y:64 P:05 SP:F9
F87C  60        RTS                             A:7F X:00 Y:64 P:05 SP:F9
D0C6  61 80     ADC todo                        A:7F X:00 Y:64 P:05 SP:FB
D0C8  20 7D F8  JSR todo                        A:00 X:00 Y:64 P:07 SP:FB
F87D  D0 07     BNE                             A:00 X:00 Y:64 P:07 SP:F9
F87F  30 05     BMI                             A:00 X:00 Y:64 P:07 SP:F9
F881  70 03     BVS                             A:00 X:00 Y:64 P:07 SP:F9
F883  90 01     BCC                             A:00 X:00 Y:64 P:07 SP:F9
F885  60        RTS                             A:00 X:00 Y:64 P:07 SP:F9
D0CB  C8        INY                             A:00 X:00 Y:64 P:07 SP:FB
D0CC  A9 40     LDA #$40                        A:00 X:00 Y:65 P:05 SP:FB
D0CE  8D 00 02  STA todo                        A:40 X:00 Y:65 P:05 SP:FB
D0D1  20 89 F8  JSR todo                        A:40 X:00 Y:65 P:05 SP:FB
F889  24 01     BIT $01 = 255                   A:40 X:00 Y:65 P:05 SP:F9
F88B  A9 40     LDA #$40                        A:40 X:00 Y:65 P:C5 SP:F9
F88D  60        RTS                             A:40 X:00 Y:65 P:45 SP:F9
D0D4  C1 80     CMP todo                        A:40 X:00 Y:65 P:45 SP:FB
D0D6  20 8E F8  JSR todo                        A:40 X:00 Y:65 P:47 SP:FB
F88E  30 07     BMI                             A:40 X:00 Y:65 P:47 SP:F9
F890  90 05     BCC                             A:40 X:00 Y:65 P:47 SP:F9
F892  D0 03     BNE                             A:40 X:00 Y:65 P:47 SP:F9
F894  50 01     BVC                             A:40 X:00 Y:65 P:47 SP:F9
F896  60        RTS                             A:40 X:00 Y:65 P:47 SP:F9
D0D9  C8        INY                             A:40 X:00 Y:65 P:47 SP:FB
D0DA  48        PHA                             A:40 X:00 Y:66 P:45 SP:FB
D0DB  A9 3F     LDA #$3F                        A:40 X:00 Y:66 P:45 SP:FA
D0DD  8D 00 02  STA todo                        A:3F X:00 Y:66 P:45 SP:FA
D0E0  68        PLA                             A:3F X:00 Y:66 P:45 SP:FA
D0E1  20 9A F8  JSR todo                        A:40 X:00 Y:66 P:45 SP:FB
F89A  B8        CLV                             A:40 X:00 Y:66 P:45 SP:F9
F89B  60        RTS                             A:40 X:00 Y:66 P:05 SP:F9
D0E4  C1 80     CMP todo                        A:40 X:00 Y:66 P:05 SP:FB
D0E6  20 9C F8  JSR todo                        A:40 X:00 Y:66 P:05 SP:FB
F89C  F0 07     BEQ                             A:40 X:00 Y:66 P:05 SP:F9
F89E  30 05     BMI                             A:40 X:00 Y:66 P:05 SP:F9
F8A0  90 03     BCC                             A:40 X:00 Y:66 P:05 SP:F9
F8A2  70 01     BVS                             A:40 X:00 Y:66 P:05 SP:F9
F8A4  60        RTS                             A:40 X:00 Y:66 P:05 SP:F9
D0E9  C8        INY                             A:40 X:00 Y:66 P:05 SP:FB
D0EA  48        PHA                             A:40 X:00 Y:67 P:05 SP:FB
D0EB  A9 41     LDA #$41                        A:40 X:00 Y:67 P:05 SP:FA
D0ED  8D 00 02  STA todo                        A:41 X:00 Y:67 P:05 SP:FA
D0F0  68        PLA                             A:41 X:00 Y:67 P:05 SP:FA
D0F1  C1 80     CMP todo                        A:40 X:00 Y:67 P:05 SP:FB
D0F3  20 A8 F8  JSR todo                        A:40 X:00 Y:67 P:84 SP:FB
F8A8  F0 05     BEQ                             A:40 X:00 Y:67 P:84 SP:F9
F8AA  10 03     BPL                             A:40 X:00 Y:67 P:84 SP:F9
F8AC  10 01     BPL                             A:40 X:00 Y:67 P:84 SP:F9
F8AE  60        RTS                             A:40 X:00 Y:67 P:84 SP:F9
D0F6  C8        INY                             A:40 X:00 Y:67 P:84 SP:FB
D0F7  48        PHA                             A:40 X:00 Y:68 P:04 SP:FB
D0F8  A9 00     LDA #$00                        A:40 X:00 Y:68 P:04 SP:FA
D0FA  8D 00 02  STA todo                        A:00 X:00 Y:68 P:06 SP:FA
D0FD  68        PLA                             A:00 X:00 Y:68 P:06 SP:FA
D0FE  20 B2 F8  JSR todo                        A:40 X:00 Y:68 P:04 SP:FB
F8B2  A9 80     LDA #$80                        A:40 X:00 Y:68 P:04 SP:F9
F8B4  60        RTS                             A:80 X:00 Y:68 P:84 SP:F9
D101  C1 80     CMP todo                        A:80 X:00 Y:68 P:84 SP:FB
D103  20 B5 F8  JSR todo                        A:80 X:00 Y:68 P:85 SP:FB
F8B5  F0 05     BEQ                             A:80 X:00 Y:68 P:85 SP:F9
F8B7  10 03     BPL                             A:80 X:00 Y:68 P:85 SP:F9
F8B9  90 01     BCC                             A:80 X:00 Y:68 P:85 SP:F9
F8BB  60        RTS                             A:80 X:00 Y:68 P:85 SP:F9
D106  C8        INY                             A:80 X:00 Y:68 P:85 SP:FB
D107  48        PHA                             A:80 X:00 Y:69 P:05 SP:FB
D108  A9 80     LDA #$80                        A:80 X:00 Y:69 P:05 SP:FA
D10A  8D 00 02  STA todo                        A:80 X:00 Y:69 P:85 SP:FA
D10D  68        PLA                             A:80 X:00 Y:69 P:85 SP:FA
D10E  C1 80     CMP todo                        A:80 X:00 Y:69 P:85 SP:FB
D110  20 BF F8  JSR todo                        A:80 X:00 Y:69 P:07 SP:FB
F8BF  D0 05     BNE                             A:80 X:00 Y:69 P:07 SP:F9
F8C1  30 03     BMI                             A:80 X:00 Y:69 P:07 SP:F9
F8C3  90 01     BCC                             A:80 X:00 Y:69 P:07 SP:F9
F8C5  60        RTS                             A:80 X:00 Y:69 P:07 SP:F9
D113  C8        INY                             A:80 X:00 Y:69 P:07 SP:FB
D114  48        PHA                             A:80 X:00 Y:6A P:05 SP:FB
D115  A9 81     LDA #$81                        A:80 X:00 Y:6A P:05 SP:FA
D117  8D 00 02  STA todo                        A:81 X:00 Y:6A P:85 SP:FA
D11A  68        PLA                             A:81 X:00 Y:6A P:85 SP:FA
D11B  C1 80     CMP todo                        A:80 X:00 Y:6A P:85 SP:FB
D11D  20 C9 F8  JSR todo                        A:80 X:00 Y:6A P:84 SP:FB
F8C9  B0 05     BCS                             A:80 X:00 Y:6A P:84 SP:F9
F8CB  F0 03     BEQ                             A:80 X:00 Y:6A P:84 SP:F9
F8CD  10 01     BPL                             A:80 X:00 Y:6A P:84 SP:F9
F8CF  60        RTS                             A:80 X:00 Y:6A P:84 SP:F9
D120  C8        INY                             A:80 X:00 Y:6A P:84 SP:FB
D121  48        PHA                             A:80 X:00 Y:6B P:04 SP:FB
D122  A9 7F     LDA #$7F                        A:80 X:00 Y:6B P:04 SP:FA
D124  8D 00 02  STA todo                        A:7F X:00 Y:6B P:04 SP:FA
D127  68        PLA                             A:7F X:00 Y:6B P:04 SP:FA
D128  C1 80     CMP todo                        A:80 X:00 Y:6B P:84 SP:FB
D12A  20 D3 F8  JSR todo                        A:80 X:00 Y:6B P:05 SP:FB
F8D3  90 05     BCC                             A:80 X:00 Y:6B P:05 SP:F9
F8D5  F0 03     BEQ                             A:80 X:00 Y:6B P:05 SP:F9
F8D7  30 01     BMI                             A:80 X:00 Y:6B P:05 SP:F9
F8D9  60        RTS                             A:80 X:00 Y:6B P:05 SP:F9
D12D  C8        INY                             A:80 X:00 Y:6B P:05 SP:FB
D12E  A9 40     LDA #$40                        A:80 X:00 Y:6C P:05 SP:FB
D130  8D 00 02  STA todo                        A:40 X:00 Y:6C P:05 SP:FB
D133  20 31 F9  JSR todo                        A:40 X:00 Y:6C P:05 SP:FB
F931  24 01     BIT $01 = 255                   A:40 X:00 Y:6C P:05 SP:F9
F933  A9 40     LDA #$40                        A:40 X:00 Y:6C P:C5 SP:F9
F935  38        SEC                             A:40 X:00 Y:6C P:45 SP:F9
F936  60        RTS                             A:40 X:00 Y:6C P:45 SP:F9
D136  E1 80     SBC todo                        A:40 X:00 Y:6C P:45 SP:FB
D138  20 37 F9  JSR todo                        A:00 X:00 Y:6C P:07 SP:FB
F937  30 0B     BMI                             A:00 X:00 Y:6C P:07 SP:F9
F939  90 09     BCC                             A:00 X:00 Y:6C P:07 SP:F9
F93B  D0 07     BNE                             A:00 X:00 Y:6C P:07 SP:F9
F93D  70 05     BVS                             A:00 X:00 Y:6C P:07 SP:F9
F93F  C9 00     CMP #$00                        A:00 X:00 Y:6C P:07 SP:F9
F941  D0 01     BNE                             A:00 X:00 Y:6C P:07 SP:F9
F943  60        RTS                             A:00 X:00 Y:6C P:07 SP:F9
D13B  C8        INY                             A:00 X:00 Y:6C P:07 SP:FB
D13C  A9 3F     LDA #$3F                        A:00 X:00 Y:6D P:05 SP:FB
D13E  8D 00 02  STA todo                        A:3F X:00 Y:6D P:05 SP:FB
D141  20 47 F9  JSR todo                        A:3F X:00 Y:6D P:05 SP:FB
F947  B8        CLV                             A:3F X:00 Y:6D P:05 SP:F9
F948  38        SEC                             A:3F X:00 Y:6D P:05 SP:F9
F949  A9 40     LDA #$40                        A:3F X:00 Y:6D P:05 SP:F9
F94B  60        RTS                             A:40 X:00 Y:6D P:05 SP:F9
D144  E1 80     SBC todo                        A:40 X:00 Y:6D P:05 SP:FB
D146  20 4C F9  JSR todo                        A:01 X:00 Y:6D P:05 SP:FB
F94C  F0 0B     BEQ                             A:01 X:00 Y:6D P:05 SP:F9
F94E  30 09     BMI                             A:01 X:00 Y:6D P:05 SP:F9
F950  90 07     BCC                             A:01 X:00 Y:6D P:05 SP:F9
F952  70 05     BVS                             A:01 X:00 Y:6D P:05 SP:F9
F954  C9 01     CMP #$01                        A:01 X:00 Y:6D P:05 SP:F9
F956  D0 01     BNE                             A:01 X:00 Y:6D P:07 SP:F9
F958  60        RTS                             A:01 X:00 Y:6D P:07 SP:F9
D149  C8        INY                             A:01 X:00 Y:6D P:07 SP:FB
D14A  A9 41     LDA #$41                        A:01 X:00 Y:6E P:05 SP:FB
D14C  8D 00 02  STA todo                        A:41 X:00 Y:6E P:05 SP:FB
D14F  20 5C F9  JSR todo                        A:41 X:00 Y:6E P:05 SP:FB
F95C  A9 40     LDA #$40                        A:41 X:00 Y:6E P:05 SP:F9
F95E  38        SEC                             A:40 X:00 Y:6E P:05 SP:F9
F95F  24 01     BIT $01 = 255                   A:40 X:00 Y:6E P:05 SP:F9
F961  60        RTS                             A:40 X:00 Y:6E P:C5 SP:F9
D152  E1 80     SBC todo                        A:40 X:00 Y:6E P:C5 SP:FB
D154  20 62 F9  JSR todo                        A:FF X:00 Y:6E P:84 SP:FB
F962  B0 0B     BCS                             A:FF X:00 Y:6E P:84 SP:F9
F964  F0 09     BEQ                             A:FF X:00 Y:6E P:84 SP:F9
F966  10 07     BPL                             A:FF X:00 Y:6E P:84 SP:F9
F968  70 05     BVS                             A:FF X:00 Y:6E P:84 SP:F9
F96A  C9 FF     CMP #$FF                        A:FF X:00 Y:6E P:84 SP:F9
F96C  D0 01     BNE                             A:FF X:00 Y:6E P:07 SP:F9
F96E  60        RTS                             A:FF X:00 Y:6E P:07 SP:F9
D157  C8        INY                             A:FF X:00 Y:6E P:07 SP:FB
D158  A9 00     LDA #$00                        A:FF X:00 Y:6F P:05 SP:FB
D15A  8D 00 02  STA todo                        A:00 X:00 Y:6F P:07 SP:FB
D15D  20 72 F9  JSR todo                        A:00 X:00 Y:6F P:07 SP:FB
F972  18        CLC                             A:00 X:00 Y:6F P:07 SP:F9
F973  A9 80     LDA #$80                        A:00 X:00 Y:6F P:06 SP:F9
F975  60        RTS                             A:80 X:00 Y:6F P:84 SP:F9
D160  E1 80     SBC todo                        A:80 X:00 Y:6F P:84 SP:FB
D162  20 76 F9  JSR todo                        A:7F X:00 Y:6F P:45 SP:FB
F976  90 05     BCC                             A:7F X:00 Y:6F P:45 SP:F9
F978  C9 7F     CMP #$7F                        A:7F X:00 Y:6F P:45 SP:F9
F97A  D0 01     BNE                             A:7F X:00 Y:6F P:47 SP:F9
F97C  60        RTS                             A:7F X:00 Y:6F P:47 SP:F9
D165  C8        INY                             A:7F X:00 Y:6F P:47 SP:FB
D166  A9 7F     LDA #$7F                        A:7F X:00 Y:70 P:45 SP:FB
D168  8D 00 02  STA todo                        A:7F X:00 Y:70 P:45 SP:FB
D16B  20 80 F9  JSR todo                        A:7F X:00 Y:70 P:45 SP:FB
F980  38        SEC                             A:7F X:00 Y:70 P:45 SP:F9
F981  A9 81     LDA #$81                        A:7F X:00 Y:70 P:45 SP:F9
F983  60        RTS                             A:81 X:00 Y:70 P:C5 SP:F9
D16E  E1 80     SBC todo                        A:81 X:00 Y:70 P:C5 SP:FB
D170  20 84 F9  JSR todo                        A:02 X:00 Y:70 P:45 SP:FB
F984  50 07     BVC                             A:02 X:00 Y:70 P:45 SP:F9
F986  90 05     BCC                             A:02 X:00 Y:70 P:45 SP:F9
F988  C9 02     CMP #$02                        A:02 X:00 Y:70 P:45 SP:F9
F98A  D0 01     BNE                             A:02 X:00 Y:70 P:47 SP:F9
F98C  60        RTS                             A:02 X:00 Y:70 P:47 SP:F9
D173  60        RTS                             A:02 X:00 Y:70 P:47 SP:FB
8612  20 74 D1  JSR todo                        A:02 X:00 Y:70 P:47 SP:FD
D174  A9 55     LDA #$55                        A:02 X:00 Y:70 P:47 SP:FB
D176  85 78     STA $78 = 0                     A:55 X:00 Y:70 P:45 SP:FB
D178  A9 FF     LDA #$FF                        A:55 X:00 Y:70 P:45 SP:FB
D17A  85 01     STA $01 = 255                   A:FF X:00 Y:70 P:C5 SP:FB
D17C  24 01     BIT $01 = 255                   A:FF X:00 Y:70 P:C5 SP:FB
D17E  A0 11     LDY #$11                        A:FF X:00 Y:70 P:C5 SP:FB
D180  A2 23     LDX #$23                        A:FF X:00 Y:11 P:45 SP:FB
D182  A9 00     LDA #$00                        A:FF X:23 Y:11 P:45 SP:FB
D184  A5 78     LDA $78 = 85                    A:00 X:23 Y:11 P:47 SP:FB
D186  F0 10     BEQ                             A:55 X:23 Y:11 P:45 SP:FB
D188  30 0E     BMI                             A:55 X:23 Y:11 P:45 SP:FB
D18A  C9 55     CMP #$55                        A:55 X:23 Y:11 P:45 SP:FB
D18C  D0 0A     BNE                             A:55 X:23 Y:11 P:47 SP:FB
D18E  C0 11     CPY #$11                        A:55 X:23 Y:11 P:47 SP:FB
D190  D0 06     BNE                             A:55 X:23 Y:11 P:47 SP:FB
D192  E0 23     CPX #$23                        A:55 X:23 Y:11 P:47 SP:FB
D194  50 02     BVC                             A:55 X:23 Y:11 P:47 SP:FB
D196  F0 04     BEQ                             A:55 X:23 Y:11 P:47 SP:FB
D19C  A9 46     LDA #$46                        A:55 X:23 Y:11 P:47 SP:FB
D19E  24 01     BIT $01 = 255                   A:46 X:23 Y:11 P:45 SP:FB
D1A0  85 78     STA $78 = 85                    A:46 X:23 Y:11 P:C5 SP:FB
D1A2  F0 0A     BEQ                             A:46 X:23 Y:11 P:C5 SP:FB
D1A4  10 08     BPL                             A:46 X:23 Y:11 P:C5 SP:FB
D1A6  50 06     BVC                             A:46 X:23 Y:11 P:C5 SP:FB
D1A8  A5 78     LDA $78 = 70                    A:46 X:23 Y:11 P:C5 SP:FB
D1AA  C9 46     CMP #$46                        A:46 X:23 Y:11 P:45 SP:FB
D1AC  F0 04     BEQ                             A:46 X:23 Y:11 P:47 SP:FB
D1B2  A9 55     LDA #$55                        A:46 X:23 Y:11 P:47 SP:FB
D1B4  85 78     STA $78 = 70                    A:55 X:23 Y:11 P:45 SP:FB
D1B6  24 01     BIT $01 = 255                   A:55 X:23 Y:11 P:45 SP:FB
D1B8  A9 11     LDA #$11                        A:55 X:23 Y:11 P:C5 SP:FB
D1BA  A2 23     LDX #$23                        A:11 X:23 Y:11 P:45 SP:FB
D1BC  A0 00     LDY #$00                        A:11 X:23 Y:11 P:45 SP:FB
D1BE  A4 78     LDY $78 = 85                    A:11 X:23 Y:00 P:47 SP:FB
D1C0  F0 10     BEQ                             A:11 X:23 Y:55 P:45 SP:FB
D1C2  30 0E     BMI                             A:11 X:23 Y:55 P:45 SP:FB
D1C4  C0 55     CPY #$55                        A:11 X:23 Y:55 P:45 SP:FB
D1C6  D0 0A     BNE                             A:11 X:23 Y:55 P:47 SP:FB
D1C8  C9 11     CMP #$11                        A:11 X:23 Y:55 P:47 SP:FB
D1CA  D0 06     BNE                             A:11 X:23 Y:55 P:47 SP:FB
D1CC  E0 23     CPX #$23                        A:11 X:23 Y:55 P:47 SP:FB
D1CE  50 02     BVC                             A:11 X:23 Y:55 P:47 SP:FB
D1D0  F0 04     BEQ                             A:11 X:23 Y:55 P:47 SP:FB
D1D6  A0 46     LDY #$46                        A:11 X:23 Y:55 P:47 SP:FB
D1D8  24 01     BIT $01 = 255                   A:11 X:23 Y:46 P:45 SP:FB
D1DA  84 78     STY $78 = 85                    A:11 X:23 Y:46 P:C5 SP:FB
D1DC  F0 0A     BEQ                             A:11 X:23 Y:46 P:C5 SP:FB
D1DE  10 08     BPL                             A:11 X:23 Y:46 P:C5 SP:FB
D1E0  50 06     BVC                             A:11 X:23 Y:46 P:C5 SP:FB
D1E2  A4 78     LDY $78 = 70                    A:11 X:23 Y:46 P:C5 SP:FB
D1E4  C0 46     CPY #$46                        A:11 X:23 Y:46 P:45 SP:FB
D1E6  F0 04     BEQ                             A:11 X:23 Y:46 P:47 SP:FB
D1EC  24 01     BIT $01 = 255                   A:11 X:23 Y:46 P:47 SP:FB
D1EE  A9 55     LDA #$55                        A:11 X:23 Y:46 P:C5 SP:FB
D1F0  85 78     STA $78 = 70                    A:55 X:23 Y:46 P:45 SP:FB
D1F2  A0 11     LDY #$11                        A:55 X:23 Y:46 P:45 SP:FB
D1F4  A9 23     LDA #$23                        A:55 X:23 Y:11 P:45 SP:FB
D1F6  A2 00     LDX #$00                        A:23 X:23 Y:11 P:45 SP:FB
D1F8  A6 78     LDX $78 = 85                    A:23 X:00 Y:11 P:47 SP:FB
D1FA  F0 10     BEQ                             A:23 X:55 Y:11 P:45 SP:FB
D1FC  30 0E     BMI                             A:23 X:55 Y:11 P:45 SP:FB
D1FE  E0 55     CPX #$55                        A:23 X:55 Y:11 P:45 SP:FB
D200  D0 0A     BNE                             A:23 X:55 Y:11 P:47 SP:FB
D202  C0 11     CPY #$11                        A:23 X:55 Y:11 P:47 SP:FB
D204  D0 06     BNE                             A:23 X:55 Y:11 P:47 SP:FB
D206  C9 23     CMP #$23                        A:23 X:55 Y:11 P:47 SP:FB
D208  50 02     BVC                             A:23 X:55 Y:11 P:47 SP:FB
D20A  F0 04     BEQ                             A:23 X:55 Y:11 P:47 SP:FB
D210  A2 46     LDX #$46                        A:23 X:55 Y:11 P:47 SP:FB
D212  24 01     BIT $01 = 255                   A:23 X:46 Y:11 P:45 SP:FB
D214  86 78     STX $78 = 85                    A:23 X:46 Y:11 P:C5 SP:FB
D216  F0 0A     BEQ                             A:23 X:46 Y:11 P:C5 SP:FB
D218  10 08     BPL                             A:23 X:46 Y:11 P:C5 SP:FB
D21A  50 06     BVC                             A:23 X:46 Y:11 P:C5 SP:FB
D21C  A6 78     LDX $78 = 70                    A:23 X:46 Y:11 P:C5 SP:FB
D21E  E0 46     CPX #$46                        A:23 X:46 Y:11 P:45 SP:FB
D220  F0 04     BEQ                             A:23 X:46 Y:11 P:47 SP:FB
D226  A9 C0     LDA #$C0                        A:23 X:46 Y:11 P:47 SP:FB
D228  85 78     STA $78 = 70                    A:C0 X:46 Y:11 P:C5 SP:FB
D22A  A2 33     LDX #$33                        A:C0 X:46 Y:11 P:C5 SP:FB
D22C  A0 88     LDY #$88                        A:C0 X:33 Y:11 P:45 SP:FB
D22E  A9 05     LDA #$05                        A:C0 X:33 Y:88 P:C5 SP:FB
D230  24 78     BIT $78 = 192                   A:05 X:33 Y:88 P:45 SP:FB
D232  10 10     BPL                             A:05 X:33 Y:88 P:C7 SP:FB
D234  50 0E     BVC                             A:05 X:33 Y:88 P:C7 SP:FB
D236  D0 0C     BNE                             A:05 X:33 Y:88 P:C7 SP:FB
D238  C9 05     CMP #$05                        A:05 X:33 Y:88 P:C7 SP:FB
D23A  D0 08     BNE                             A:05 X:33 Y:88 P:47 SP:FB
D23C  E0 33     CPX #$33                        A:05 X:33 Y:88 P:47 SP:FB
D23E  D0 04     BNE                             A:05 X:33 Y:88 P:47 SP:FB
D240  C0 88     CPY #$88                        A:05 X:33 Y:88 P:47 SP:FB
D242  F0 04     BEQ                             A:05 X:33 Y:88 P:47 SP:FB
D248  A9 03     LDA #$03                        A:05 X:33 Y:88 P:47 SP:FB
D24A  85 78     STA $78 = 192                   A:03 X:33 Y:88 P:45 SP:FB
D24C  A9 01     LDA #$01                        A:03 X:33 Y:88 P:45 SP:FB
D24E  24 78     BIT $78 = 3                     A:01 X:33 Y:88 P:45 SP:FB
D250  30 08     BMI                             A:01 X:33 Y:88 P:05 SP:FB
D252  70 06     BVS                             A:01 X:33 Y:88 P:05 SP:FB
D254  F0 04     BEQ                             A:01 X:33 Y:88 P:05 SP:FB
D256  C9 01     CMP #$01                        A:01 X:33 Y:88 P:05 SP:FB
D258  F0 04     BEQ                             A:01 X:33 Y:88 P:07 SP:FB
D25E  A0 7E     LDY #$7E                        A:01 X:33 Y:88 P:07 SP:FB
D260  A9 AA     LDA #$AA                        A:01 X:33 Y:7E P:05 SP:FB
D262  85 78     STA $78 = 3                     A:AA X:33 Y:7E P:85 SP:FB
D264  20 B6 F7  JSR todo                        A:AA X:33 Y:7E P:85 SP:FB
F7B6  18        CLC                             A:AA X:33 Y:7E P:85 SP:F9
F7B7  A9 FF     LDA #$FF                        A:AA X:33 Y:7E P:84 SP:F9
F7B9  85 01     STA $01 = 255                   A:FF X:33 Y:7E P:84 SP:F9
F7BB  24 01     BIT $01 = 255                   A:FF X:33 Y:7E P:84 SP:F9
F7BD  A9 55     LDA #$55                        A:FF X:33 Y:7E P:C4 SP:F9
F7BF  60        RTS                             A:55 X:33 Y:7E P:44 SP:F9
D267  05 78     ORA $78 = 170                   A:55 X:33 Y:7E P:44 SP:FB
D269  20 C0 F7  JSR todo                        A:FF X:33 Y:7E P:C4 SP:FB
F7C0  B0 09     BCS                             A:FF X:33 Y:7E P:C4 SP:F9
F7C2  10 07     BPL                             A:FF X:33 Y:7E P:C4 SP:F9
F7C4  C9 FF     CMP #$FF                        A:FF X:33 Y:7E P:C4 SP:F9
F7C6  D0 03     BNE                             A:FF X:33 Y:7E P:47 SP:F9
F7C8  50 01     BVC                             A:FF X:33 Y:7E P:47 SP:F9
F7CA  60        RTS                             A:FF X:33 Y:7E P:47 SP:F9
D26C  C8        INY                             A:FF X:33 Y:7E P:47 SP:FB
D26D  A9 00     LDA #$00                        A:FF X:33 Y:7F P:45 SP:FB
D26F  85 78     STA $78 = 170                   A:00 X:33 Y:7F P:47 SP:FB
D271  20 CE F7  JSR todo                        A:00 X:33 Y:7F P:47 SP:FB
F7CE  38        SEC                             A:00 X:33 Y:7F P:47 SP:F9
F7CF  B8        CLV                             A:00 X:33 Y:7F P:47 SP:F9
F7D0  A9 00     LDA #$00                        A:00 X:33 Y:7F P:07 SP:F9
F7D2  60        RTS                             A:00 X:33 Y:7F P:07 SP:F9
D274  05 78     ORA $78 = 0                     A:00 X:33 Y:7F P:07 SP:FB
D276  20 D3 F7  JSR todo                        A:00 X:33 Y:7F P:07 SP:FB
F7D3  D0 07     BNE                             A:00 X:33 Y:7F P:07 SP:F9
F7D5  70 05     BVS                             A:00 X:33 Y:7F P:07 SP:F9
F7D7  90 03     BCC                             A:00 X:33 Y:7F P:07 SP:F9
F7D9  30 01     BMI                             A:00 X:33 Y:7F P:07 SP:F9
F7DB  60        RTS                             A:00 X:33 Y:7F P:07 SP:F9
D279  C8        INY                             A:00 X:33 Y:7F P:07 SP:FB
D27A  A9 AA     LDA #$AA                        A:00 X:33 Y:80 P:85 SP:FB
D27C  85 78     STA $78 = 0                     A:AA X:33 Y:80 P:85 SP:FB
D27E  20 DF F7  JSR todo                        A:AA X:33 Y:80 P:85 SP:FB
F7DF  18        CLC                             A:AA X:33 Y:80 P:85 SP:F9
F7E0  24 01     BIT $01 = 255                   A:AA X:33 Y:80 P:84 SP:F9
F7E2  A9 55     LDA #$55                        A:AA X:33 Y:80 P:C4 SP:F9
F7E4  60        RTS                             A:55 X:33 Y:80 P:44 SP:F9
D281  25 78     AND $78 = 170                   A:55 X:33 Y:80 P:44 SP:FB
D283  20 E5 F7  JSR todo                        A:00 X:33 Y:80 P:46 SP:FB
F7E5  D0 07     BNE                             A:00 X:33 Y:80 P:46 SP:F9
F7E7  50 05     BVC                             A:00 X:33 Y:80 P:46 SP:F9
F7E9  B0 03     BCS                             A:00 X:33 Y:80 P:46 SP:F9
F7EB  30 01     BMI                             A:00 X:33 Y:80 P:46 SP:F9
F7ED  60        RTS                             A:00 X:33 Y:80 P:46 SP:F9
D286  C8        INY                             A:00 X:33 Y:80 P:46 SP:FB
D287  A9 EF     LDA #$EF                        A:00 X:33 Y:81 P:C4 SP:FB
D289  85 78     STA $78 = 170                   A:EF X:33 Y:81 P:C4 SP:FB
D28B  20 F1 F7  JSR todo                        A:EF X:33 Y:81 P:C4 SP:FB
F7F1  38        SEC                             A:EF X:33 Y:81 P:C4 SP:F9
F7F2  B8        CLV                             A:EF X:33 Y:81 P:C5 SP:F9
F7F3  A9 F8     LDA #$F8                        A:EF X:33 Y:81 P:85 SP:F9
F7F5  60        RTS                             A:F8 X:33 Y:81 P:85 SP:F9
D28E  25 78     AND $78 = 239                   A:F8 X:33 Y:81 P:85 SP:FB
D290  20 F6 F7  JSR todo                        A:E8 X:33 Y:81 P:85 SP:FB
F7F6  90 09     BCC                             A:E8 X:33 Y:81 P:85 SP:F9
F7F8  10 07     BPL                             A:E8 X:33 Y:81 P:85 SP:F9
F7FA  C9 E8     CMP #$E8                        A:E8 X:33 Y:81 P:85 SP:F9
F7FC  D0 03     BNE                             A:E8 X:33 Y:81 P:07 SP:F9
F7FE  70 01     BVS                             A:E8 X:33 Y:81 P:07 SP:F9
F800  60        RTS                             A:E8 X:33 Y:81 P:07 SP:F9
D293  C8        INY                             A:E8 X:33 Y:81 P:07 SP:FB
D294  A9 AA     LDA #$AA                        A:E8 X:33 Y:82 P:85 SP:FB
D296  85 78     STA $78 = 239                   A:AA X:33 Y:82 P:85 SP:FB
D298  20 04 F8  JSR todo                        A:AA X:33 Y:82 P:85 SP:FB
F804  18        CLC                             A:AA X:33 Y:82 P:85 SP:F9
F805  24 01     BIT $01 = 255                   A:AA X:33 Y:82 P:84 SP:F9
F807  A9 5F     LDA #$5F                        A:AA X:33 Y:82 P:C4 SP:F9
F809  60        RTS                             A:5F X:33 Y:82 P:44 SP:F9
D29B  45 78     EOR $78 = 170                   A:5F X:33 Y:82 P:44 SP:FB
D29D  20 0A F8  JSR todo                        A:F5 X:33 Y:82 P:C4 SP:FB
F80A  B0 09     BCS                             A:F5 X:33 Y:82 P:C4 SP:F9
F80C  10 07     BPL                             A:F5 X:33 Y:82 P:C4 SP:F9
F80E  C9 F5     CMP #$F5                        A:F5 X:33 Y:82 P:C4 SP:F9
F810  D0 03     BNE                             A:F5 X:33 Y:82 P:47 SP:F9
F812  50 01     BVC                             A:F5 X:33 Y:82 P:47 SP:F9
F814  60        RTS                             A:F5 X:33 Y:82 P:47 SP:F9
D2A0  C8        INY                             A:F5 X:33 Y:82 P:47 SP:FB
D2A1  A9 70     LDA #$70                        A:F5 X:33 Y:83 P:C5 SP:FB
D2A3  85 78     STA $78 = 170                   A:70 X:33 Y:83 P:45 SP:FB
D2A5  20 18 F8  JSR todo                        A:70 X:33 Y:83 P:45 SP:FB
F818  38        SEC                             A:70 X:33 Y:83 P:45 SP:F9
F819  B8        CLV                             A:70 X:33 Y:83 P:45 SP:F9
F81A  A9 70     LDA #$70                        A:70 X:33 Y:83 P:05 SP:F9
F81C  60        RTS                             A:70 X:33 Y:83 P:05 SP:F9
D2A8  45 78     EOR $78 = 112                   A:70 X:33 Y:83 P:05 SP:FB
D2AA  20 1D F8  JSR todo                        A:00 X:33 Y:83 P:07 SP:FB
F81D  D0 07     BNE                             A:00 X:33 Y:83 P:07 SP:F9
F81F  70 05     BVS                             A:00 X:33 Y:83 P:07 SP:F9
F821  90 03     BCC                             A:00 X:33 Y:83 P:07 SP:F9
F823  30 01     BMI                             A:00 X:33 Y:83 P:07 SP:F9
F825  60        RTS                             A:00 X:33 Y:83 P:07 SP:F9
D2AD  C8        INY                             A:00 X:33 Y:83 P:07 SP:FB
D2AE  A9 69     LDA #$69                        A:00 X:33 Y:84 P:85 SP:FB
D2B0  85 78     STA $78 = 112                   A:69 X:33 Y:84 P:05 SP:FB
D2B2  20 29 F8  JSR todo                        A:69 X:33 Y:84 P:05 SP:FB
F829  18        CLC                             A:69 X:33 Y:84 P:05 SP:F9
F82A  24 01     BIT $01 = 255                   A:69 X:33 Y:84 P:04 SP:F9
F82C  A9 00     LDA #$00                        A:69 X:33 Y:84 P:C4 SP:F9
F82E  60        RTS                             A:00 X:33 Y:84 P:46 SP:F9
D2B5  65 78     ADC $78 = 105                   A:00 X:33 Y:84 P:46 SP:FB
D2B7  20 2F F8  JSR todo                        A:69 X:33 Y:84 P:04 SP:FB
F82F  30 09     BMI                             A:69 X:33 Y:84 P:04 SP:F9
F831  B0 07     BCS                             A:69 X:33 Y:84 P:04 SP:F9
F833  C9 69     CMP #$69                        A:69 X:33 Y:84 P:04 SP:F9
F835  D0 03     BNE                             A:69 X:33 Y:84 P:07 SP:F9
F837  70 01     BVS                             A:69 X:33 Y:84 P:07 SP:F9
F839  60        RTS                             A:69 X:33 Y:84 P:07 SP:F9
D2BA  C8        INY                             A:69 X:33 Y:84 P:07 SP:FB
D2BB  20 3D F8  JSR todo                        A:69 X:33 Y:85 P:85 SP:FB
F83D  38        SEC                             A:69 X:33 Y:85 P:85 SP:F9
F83E  24 01     BIT $01 = 255                   A:69 X:33 Y:85 P:85 SP:F9
F840  A9 00     LDA #$00                        A:69 X:33 Y:85 P:C5 SP:F9
F842  60        RTS                             A:00 X:33 Y:85 P:47 SP:F9
D2BE  65 78     ADC $78 = 105                   A:00 X:33 Y:85 P:47 SP:FB
D2C0  20 43 F8  JSR todo                        A:6A X:33 Y:85 P:04 SP:FB
F843  30 09     BMI                             A:6A X:33 Y:85 P:04 SP:F9
F845  B0 07     BCS                             A:6A X:33 Y:85 P:04 SP:F9
F847  C9 6A     CMP #$6A                        A:6A X:33 Y:85 P:04 SP:F9
F849  D0 03     BNE                             A:6A X:33 Y:85 P:07 SP:F9
F84B  70 01     BVS                             A:6A X:33 Y:85 P:07 SP:F9
F84D  60        RTS                             A:6A X:33 Y:85 P:07 SP:F9
D2C3  C8        INY                             A:6A X:33 Y:85 P:07 SP:FB
D2C4  A9 7F     LDA #$7F                        A:6A X:33 Y:86 P:85 SP:FB
D2C6  85 78     STA $78 = 105                   A:7F X:33 Y:86 P:05 SP:FB
D2C8  20 51 F8  JSR todo                        A:7F X:33 Y:86 P:05 SP:FB
F851  38        SEC                             A:7F X:33 Y:86 P:05 SP:F9
F852  B8        CLV                             A:7F X:33 Y:86 P:05 SP:F9
F853  A9 7F     LDA #$7F                        A:7F X:33 Y:86 P:05 SP:F9
F855  60        RTS                             A:7F X:33 Y:86 P:05 SP:F9
D2CB  65 78     ADC $78 = 127                   A:7F X:33 Y:86 P:05 SP:FB
D2CD  20 56 F8  JSR todo                        A:FF X:33 Y:86 P:C4 SP:FB
F856  10 09     BPL                             A:FF X:33 Y:86 P:C4 SP:F9
F858  B0 07     BCS                             A:FF X:33 Y:86 P:C4 SP:F9
F85A  C9 FF     CMP #$FF                        A:FF X:33 Y:86 P:C4 SP:F9
F85C  D0 03     BNE                             A:FF X:33 Y:86 P:47 SP:F9
F85E  50 01     BVC                             A:FF X:33 Y:86 P:47 SP:F9
F860  60        RTS                             A:FF X:33 Y:86 P:47 SP:F9
D2D0  C8        INY                             A:FF X:33 Y:86 P:47 SP:FB
D2D1  A9 80     LDA #$80                        A:FF X:33 Y:87 P:C5 SP:FB
D2D3  85 78     STA $78 = 127                   A:80 X:33 Y:87 P:C5 SP:FB
D2D5  20 64 F8  JSR todo                        A:80 X:33 Y:87 P:C5 SP:FB
F864  18        CLC                             A:80 X:33 Y:87 P:C5 SP:F9
F865  24 01     BIT $01 = 255                   A:80 X:33 Y:87 P:C4 SP:F9
F867  A9 7F     LDA #$7F                        A:80 X:33 Y:87 P:C4 SP:F9
F869  60        RTS                             A:7F X:33 Y:87 P:44 SP:F9
D2D8  65 78     ADC $78 = 128                   A:7F X:33 Y:87 P:44 SP:FB
D2DA  20 6A F8  JSR todo                        A:FF X:33 Y:87 P:84 SP:FB
F86A  10 09     BPL                             A:FF X:33 Y:87 P:84 SP:F9
F86C  B0 07     BCS                             A:FF X:33 Y:87 P:84 SP:F9
F86E  C9 FF     CMP #$FF                        A:FF X:33 Y:87 P:84 SP:F9
F870  D0 03     BNE                             A:FF X:33 Y:87 P:07 SP:F9
F872  70 01     BVS                             A:FF X:33 Y:87 P:07 SP:F9
F874  60        RTS                             A:FF X:33 Y:87 P:07 SP:F9
D2DD  C8        INY                             A:FF X:33 Y:87 P:07 SP:FB
D2DE  20 78 F8  JSR todo                        A:FF X:33 Y:88 P:85 SP:FB
F878  38        SEC                             A:FF X:33 Y:88 P:85 SP:F9
F879  B8        CLV                             A:FF X:33 Y:88 P:85 SP:F9
F87A  A9 7F     LDA #$7F                        A:FF X:33 Y:88 P:85 SP:F9
F87C  60        RTS                             A:7F X:33 Y:88 P:05 SP:F9
D2E1  65 78     ADC $78 = 128                   A:7F X:33 Y:88 P:05 SP:FB
D2E3  20 7D F8  JSR todo                        A:00 X:33 Y:88 P:07 SP:FB
F87D  D0 07     BNE                             A:00 X:33 Y:88 P:07 SP:F9
F87F  30 05     BMI                             A:00 X:33 Y:88 P:07 SP:F9
F881  70 03     BVS                             A:00 X:33 Y:88 P:07 SP:F9
F883  90 01     BCC                             A:00 X:33 Y:88 P:07 SP:F9
F885  60        RTS                             A:00 X:33 Y:88 P:07 SP:F9
D2E6  C8        INY                             A:00 X:33 Y:88 P:07 SP:FB
D2E7  A9 40     LDA #$40                        A:00 X:33 Y:89 P:85 SP:FB
D2E9  85 78     STA $78 = 128                   A:40 X:33 Y:89 P:05 SP:FB
D2EB  20 89 F8  JSR todo                        A:40 X:33 Y:89 P:05 SP:FB
F889  24 01     BIT $01 = 255                   A:40 X:33 Y:89 P:05 SP:F9
F88B  A9 40     LDA #$40                        A:40 X:33 Y:89 P:C5 SP:F9
F88D  60        RTS                             A:40 X:33 Y:89 P:45 SP:F9
D2EE  C5 78     CMP $78 = 64                    A:40 X:33 Y:89 P:45 SP:FB
D2F0  20 8E F8  JSR todo                        A:40 X:33 Y:89 P:47 SP:FB
F88E  30 07     BMI                             A:40 X:33 Y:89 P:47 SP:F9
F890  90 05     BCC                             A:40 X:33 Y:89 P:47 SP:F9
F892  D0 03     BNE                             A:40 X:33 Y:89 P:47 SP:F9
F894  50 01     BVC                             A:40 X:33 Y:89 P:47 SP:F9
F896  60        RTS                             A:40 X:33 Y:89 P:47 SP:F9
D2F3  C8        INY                             A:40 X:33 Y:89 P:47 SP:FB
D2F4  48        PHA                             A:40 X:33 Y:8A P:C5 SP:FB
D2F5  A9 3F     LDA #$3F                        A:40 X:33 Y:8A P:C5 SP:FA
D2F7  85 78     STA $78 = 64                    A:3F X:33 Y:8A P:45 SP:FA
D2F9  68        PLA                             A:3F X:33 Y:8A P:45 SP:FA
D2FA  20 9A F8  JSR todo                        A:40 X:33 Y:8A P:45 SP:FB
F89A  B8        CLV                             A:40 X:33 Y:8A P:45 SP:F9
F89B  60        RTS                             A:40 X:33 Y:8A P:05 SP:F9
D2FD  C5 78     CMP $78 = 63                    A:40 X:33 Y:8A P:05 SP:FB
D2FF  20 9C F8  JSR todo                        A:40 X:33 Y:8A P:05 SP:FB
F89C  F0 07     BEQ                             A:40 X:33 Y:8A P:05 SP:F9
F89E  30 05     BMI                             A:40 X:33 Y:8A P:05 SP:F9
F8A0  90 03     BCC                             A:40 X:33 Y:8A P:05 SP:F9
F8A2  70 01     BVS                             A:40 X:33 Y:8A P:05 SP:F9
F8A4  60        RTS                             A:40 X:33 Y:8A P:05 SP:F9
D302  C8        INY                             A:40 X:33 Y:8A P:05 SP:FB
D303  48        PHA                             A:40 X:33 Y:8B P:85 SP:FB
D304  A9 41     LDA #$41                        A:40 X:33 Y:8B P:85 SP:FA
D306  85 78     STA $78 = 63                    A:41 X:33 Y:8B P:05 SP:FA
D308  68        PLA                             A:41 X:33 Y:8B P:05 SP:FA
D309  C5 78     CMP $78 = 65                    A:40 X:33 Y:8B P:05 SP:FB
D30B  20 A8 F8  JSR todo                        A:40 X:33 Y:8B P:84 SP:FB
F8A8  F0 05     BEQ                             A:40 X:33 Y:8B P:84 SP:F9
F8AA  10 03     BPL                             A:40 X:33 Y:8B P:84 SP:F9
F8AC  10 01     BPL                             A:40 X:33 Y:8B P:84 SP:F9
F8AE  60        RTS                             A:40 X:33 Y:8B P:84 SP:F9
D30E  C8        INY                             A:40 X:33 Y:8B P:84 SP:FB
D30F  48        PHA                             A:40 X:33 Y:8C P:84 SP:FB
D310  A9 00     LDA #$00                        A:40 X:33 Y:8C P:84 SP:FA
D312  85 78     STA $78 = 65                    A:00 X:33 Y:8C P:06 SP:FA
D314  68        PLA                             A:00 X:33 Y:8C P:06 SP:FA
D315  20 B2 F8  JSR todo                        A:40 X:33 Y:8C P:04 SP:FB
F8B2  A9 80     LDA #$80                        A:40 X:33 Y:8C P:04 SP:F9
F8B4  60        RTS                             A:80 X:33 Y:8C P:84 SP:F9
D318  C5 78     CMP $78 = 0                     A:80 X:33 Y:8C P:84 SP:FB
D31A  20 B5 F8  JSR todo                        A:80 X:33 Y:8C P:85 SP:FB
F8B5  F0 05     BEQ                             A:80 X:33 Y:8C P:85 SP:F9
F8B7  10 03     BPL                             A:80 X:33 Y:8C P:85 SP:F9
F8B9  90 01     BCC                             A:80 X:33 Y:8C P:85 SP:F9
F8BB  60        RTS                             A:80 X:33 Y:8C P:85 SP:F9
D31D  C8        INY                             A:80 X:33 Y:8C P:85 SP:FB
D31E  48        PHA                             A:80 X:33 Y:8D P:85 SP:FB
D31F  A9 80     LDA #$80                        A:80 X:33 Y:8D P:85 SP:FA
D321  85 78     STA $78 = 0                     A:80 X:33 Y:8D P:85 SP:FA
D323  68        PLA                             A:80 X:33 Y:8D P:85 SP:FA
D324  C5 78     CMP $78 = 128                   A:80 X:33 Y:8D P:85 SP:FB
D326  20 BF F8  JSR todo                        A:80 X:33 Y:8D P:07 SP:FB
F8BF  D0 05     BNE                             A:80 X:33 Y:8D P:07 SP:F9
F8C1  30 03     BMI                             A:80 X:33 Y:8D P:07 SP:F9
F8C3  90 01     BCC                             A:80 X:33 Y:8D P:07 SP:F9
F8C5  60        RTS                             A:80 X:33 Y:8D P:07 SP:F9
D329  C8        INY                             A:80 X:33 Y:8D P:07 SP:FB
D32A  48        PHA                             A:80 X:33 Y:8E P:85 SP:FB
D32B  A9 81     LDA #$81                        A:80 X:33 Y:8E P:85 SP:FA
D32D  85 78     STA $78 = 128                   A:81 X:33 Y:8E P:85 SP:FA
D32F  68        PLA                             A:81 X:33 Y:8E P:85 SP:FA
D330  C5 78     CMP $78 = 129                   A:80 X:33 Y:8E P:85 SP:FB
D332  20 C9 F8  JSR todo                        A:80 X:33 Y:8E P:84 SP:FB
F8C9  B0 05     BCS                             A:80 X:33 Y:8E P:84 SP:F9
F8CB  F0 03     BEQ                             A:80 X:33 Y:8E P:84 SP:F9
F8CD  10 01     BPL                             A:80 X:33 Y:8E P:84 SP:F9
F8CF  60        RTS                             A:80 X:33 Y:8E P:84 SP:F9
D335  C8        INY                             A:80 X:33 Y:8E P:84 SP:FB
D336  48        PHA                             A:80 X:33 Y:8F P:84 SP:FB
D337  A9 7F     LDA #$7F                        A:80 X:33 Y:8F P:84 SP:FA
D339  85 78     STA $78 = 129                   A:7F X:33 Y:8F P:04 SP:FA
D33B  68        PLA                             A:7F X:33 Y:8F P:04 SP:FA
D33C  C5 78     CMP $78 = 127                   A:80 X:33 Y:8F P:84 SP:FB
D33E  20 D3 F8  JSR todo                        A:80 X:33 Y:8F P:05 SP:FB
F8D3  90 05     BCC                             A:80 X:33 Y:8F P:05 SP:F9
F8D5  F0 03     BEQ                             A:80 X:33 Y:8F P:05 SP:F9
F8D7  30 01     BMI                             A:80 X:33 Y:8F P:05 SP:F9
F8D9  60        RTS                             A:80 X:33 Y:8F P:05 SP:F9
D341  C8        INY                             A:80 X:33 Y:8F P:05 SP:FB
D342  A9 40     LDA #$40                        A:80 X:33 Y:90 P:85 SP:FB
D344  85 78     STA $78 = 127                   A:40 X:33 Y:90 P:05 SP:FB
D346  20 31 F9  JSR todo                        A:40 X:33 Y:90 P:05 SP:FB
F931  24 01     BIT $01 = 255                   A:40 X:33 Y:90 P:05 SP:F9
F933  A9 40     LDA #$40                        A:40 X:33 Y:90 P:C5 SP:F9
F935  38        SEC                             A:40 X:33 Y:90 P:45 SP:F9
F936  60        RTS                             A:40 X:33 Y:90 P:45 SP:F9
D349  E5 78     SBC $78 = 64                    A:40 X:33 Y:90 P:45 SP:FB
D34B  20 37 F9  JSR todo                        A:00 X:33 Y:90 P:07 SP:FB
F937  30 0B     BMI                             A:00 X:33 Y:90 P:07 SP:F9
F939  90 09     BCC                             A:00 X:33 Y:90 P:07 SP:F9
F93B  D0 07     BNE                             A:00 X:33 Y:90 P:07 SP:F9
F93D  70 05     BVS                             A:00 X:33 Y:90 P:07 SP:F9
F93F  C9 00     CMP #$00                        A:00 X:33 Y:90 P:07 SP:F9
F941  D0 01     BNE                             A:00 X:33 Y:90 P:07 SP:F9
F943  60        RTS                             A:00 X:33 Y:90 P:07 SP:F9
D34E  C8        INY                             A:00 X:33 Y:90 P:07 SP:FB
D34F  A9 3F     LDA #$3F                        A:00 X:33 Y:91 P:85 SP:FB
D351  85 78     STA $78 = 64                    A:3F X:33 Y:91 P:05 SP:FB
D353  20 47 F9  JSR todo                        A:3F X:33 Y:91 P:05 SP:FB
F947  B8        CLV                             A:3F X:33 Y:91 P:05 SP:F9
F948  38        SEC                             A:3F X:33 Y:91 P:05 SP:F9
F949  A9 40     LDA #$40                        A:3F X:33 Y:91 P:05 SP:F9
F94B  60        RTS                             A:40 X:33 Y:91 P:05 SP:F9
D356  E5 78     SBC $78 = 63                    A:40 X:33 Y:91 P:05 SP:FB
D358  20 4C F9  JSR todo                        A:01 X:33 Y:91 P:05 SP:FB
F94C  F0 0B     BEQ                             A:01 X:33 Y:91 P:05 SP:F9
F94E  30 09     BMI                             A:01 X:33 Y:91 P:05 SP:F9
F950  90 07     BCC                             A:01 X:33 Y:91 P:05 SP:F9
F952  70 05     BVS                             A:01 X:33 Y:91 P:05 SP:F9
F954  C9 01     CMP #$01                        A:01 X:33 Y:91 P:05 SP:F9
F956  D0 01     BNE                             A:01 X:33 Y:91 P:07 SP:F9
F958  60        RTS                             A:01 X:33 Y:91 P:07 SP:F9
D35B  C8        INY                             A:01 X:33 Y:91 P:07 SP:FB
D35C  A9 41     LDA #$41                        A:01 X:33 Y:92 P:85 SP:FB
D35E  85 78     STA $78 = 63                    A:41 X:33 Y:92 P:05 SP:FB
D360  20 5C F9  JSR todo                        A:41 X:33 Y:92 P:05 SP:FB
F95C  A9 40     LDA #$40                        A:41 X:33 Y:92 P:05 SP:F9
F95E  38        SEC                             A:40 X:33 Y:92 P:05 SP:F9
F95F  24 01     BIT $01 = 255                   A:40 X:33 Y:92 P:05 SP:F9
F961  60        RTS                             A:40 X:33 Y:92 P:C5 SP:F9
D363  E5 78     SBC $78 = 65                    A:40 X:33 Y:92 P:C5 SP:FB
D365  20 62 F9  JSR todo                        A:FF X:33 Y:92 P:84 SP:FB
F962  B0 0B     BCS                             A:FF X:33 Y:92 P:84 SP:F9
F964  F0 09     BEQ                             A:FF X:33 Y:92 P:84 SP:F9
F966  10 07     BPL                             A:FF X:33 Y:92 P:84 SP:F9
F968  70 05     BVS                             A:FF X:33 Y:92 P:84 SP:F9
F96A  C9 FF     CMP #$FF                        A:FF X:33 Y:92 P:84 SP:F9
F96C  D0 01     BNE                             A:FF X:33 Y:92 P:07 SP:F9
F96E  60        RTS                             A:FF X:33 Y:92 P:07 SP:F9
D368  C8        INY                             A:FF X:33 Y:92 P:07 SP:FB
D369  A9 00     LDA #$00                        A:FF X:33 Y:93 P:85 SP:FB
D36B  85 78     STA $78 = 65                    A:00 X:33 Y:93 P:07 SP:FB
D36D  20 72 F9  JSR todo                        A:00 X:33 Y:93 P:07 SP:FB
F972  18        CLC                             A:00 X:33 Y:93 P:07 SP:F9
F973  A9 80     LDA #$80                        A:00 X:33 Y:93 P:06 SP:F9
F975  60        RTS                             A:80 X:33 Y:93 P:84 SP:F9
D370  E5 78     SBC $78 = 0                     A:80 X:33 Y:93 P:84 SP:FB
D372  20 76 F9  JSR todo                        A:7F X:33 Y:93 P:45 SP:FB
F976  90 05     BCC                             A:7F X:33 Y:93 P:45 SP:F9
F978  C9 7F     CMP #$7F                        A:7F X:33 Y:93 P:45 SP:F9
F97A  D0 01     BNE                             A:7F X:33 Y:93 P:47 SP:F9
F97C  60        RTS                             A:7F X:33 Y:93 P:47 SP:F9
D375  C8        INY                             A:7F X:33 Y:93 P:47 SP:FB
D376  A9 7F     LDA #$7F                        A:7F X:33 Y:94 P:C5 SP:FB
D378  85 78     STA $78 = 0                     A:7F X:33 Y:94 P:45 SP:FB
D37A  20 80 F9  JSR todo                        A:7F X:33 Y:94 P:45 SP:FB
F980  38        SEC                             A:7F X:33 Y:94 P:45 SP:F9
F981  A9 81     LDA #$81                        A:7F X:33 Y:94 P:45 SP:F9
F983  60        RTS                             A:81 X:33 Y:94 P:C5 SP:F9
D37D  E5 78     SBC $78 = 127                   A:81 X:33 Y:94 P:C5 SP:FB
D37F  20 84 F9  JSR todo                        A:02 X:33 Y:94 P:45 SP:FB
F984  50 07     BVC                             A:02 X:33 Y:94 P:45 SP:F9
F986  90 05     BCC                             A:02 X:33 Y:94 P:45 SP:F9
F988  C9 02     CMP #$02                        A:02 X:33 Y:94 P:45 SP:F9
F98A  D0 01     BNE                             A:02 X:33 Y:94 P:47 SP:F9
F98C  60        RTS                             A:02 X:33 Y:94 P:47 SP:F9
D382  C8        INY                             A:02 X:33 Y:94 P:47 SP:FB
D383  A9 40     LDA #$40                        A:02 X:33 Y:95 P:C5 SP:FB
D385  85 78     STA $78 = 127                   A:40 X:33 Y:95 P:45 SP:FB
D387  20 89 F8  JSR todo                        A:40 X:33 Y:95 P:45 SP:FB
F889  24 01     BIT $01 = 255                   A:40 X:33 Y:95 P:45 SP:F9
F88B  A9 40     LDA #$40                        A:40 X:33 Y:95 P:C5 SP:F9
F88D  60        RTS                             A:40 X:33 Y:95 P:45 SP:F9
D38A  AA        TAX                             A:40 X:33 Y:95 P:45 SP:FB
D38B  E4 78     CPX $78 = 64                    A:40 X:40 Y:95 P:45 SP:FB
D38D  20 8E F8  JSR todo                        A:40 X:40 Y:95 P:47 SP:FB
F88E  30 07     BMI                             A:40 X:40 Y:95 P:47 SP:F9
F890  90 05     BCC                             A:40 X:40 Y:95 P:47 SP:F9
F892  D0 03     BNE                             A:40 X:40 Y:95 P:47 SP:F9
F894  50 01     BVC                             A:40 X:40 Y:95 P:47 SP:F9
F896  60        RTS                             A:40 X:40 Y:95 P:47 SP:F9
D390  C8        INY                             A:40 X:40 Y:95 P:47 SP:FB
D391  A9 3F     LDA #$3F                        A:40 X:40 Y:96 P:C5 SP:FB
D393  85 78     STA $78 = 64                    A:3F X:40 Y:96 P:45 SP:FB
D395  20 9A F8  JSR todo                        A:3F X:40 Y:96 P:45 SP:FB
F89A  B8        CLV                             A:3F X:40 Y:96 P:45 SP:F9
F89B  60        RTS                             A:3F X:40 Y:96 P:05 SP:F9
D398  E4 78     CPX $78 = 63                    A:3F X:40 Y:96 P:05 SP:FB
D39A  20 9C F8  JSR todo                        A:3F X:40 Y:96 P:05 SP:FB
F89C  F0 07     BEQ                             A:3F X:40 Y:96 P:05 SP:F9
F89E  30 05     BMI                             A:3F X:40 Y:96 P:05 SP:F9
F8A0  90 03     BCC                             A:3F X:40 Y:96 P:05 SP:F9
F8A2  70 01     BVS                             A:3F X:40 Y:96 P:05 SP:F9
F8A4  60        RTS                             A:3F X:40 Y:96 P:05 SP:F9
D39D  C8        INY                             A:3F X:40 Y:96 P:05 SP:FB
D39E  A9 41     LDA #$41                        A:3F X:40 Y:97 P:85 SP:FB
D3A0  85 78     STA $78 = 63                    A:41 X:40 Y:97 P:05 SP:FB
D3A2  E4 78     CPX $78 = 65                    A:41 X:40 Y:97 P:05 SP:FB
D3A4  20 A8 F8  JSR todo                        A:41 X:40 Y:97 P:84 SP:FB
F8A8  F0 05     BEQ                             A:41 X:40 Y:97 P:84 SP:F9
F8AA  10 03     BPL                             A:41 X:40 Y:97 P:84 SP:F9
F8AC  10 01     BPL                             A:41 X:40 Y:97 P:84 SP:F9
F8AE  60        RTS                             A:41 X:40 Y:97 P:84 SP:F9
D3A7  C8        INY                             A:41 X:40 Y:97 P:84 SP:FB
D3A8  A9 00     LDA #$00                        A:41 X:40 Y:98 P:84 SP:FB
D3AA  85 78     STA $78 = 65                    A:00 X:40 Y:98 P:06 SP:FB
D3AC  20 B2 F8  JSR todo                        A:00 X:40 Y:98 P:06 SP:FB
F8B2  A9 80     LDA #$80                        A:00 X:40 Y:98 P:06 SP:F9
F8B4  60        RTS                             A:80 X:40 Y:98 P:84 SP:F9
D3AF  AA        TAX                             A:80 X:40 Y:98 P:84 SP:FB
D3B0  E4 78     CPX $78 = 0                     A:80 X:80 Y:98 P:84 SP:FB
D3B2  20 B5 F8  JSR todo                        A:80 X:80 Y:98 P:85 SP:FB
F8B5  F0 05     BEQ                             A:80 X:80 Y:98 P:85 SP:F9
F8B7  10 03     BPL                             A:80 X:80 Y:98 P:85 SP:F9
F8B9  90 01     BCC                             A:80 X:80 Y:98 P:85 SP:F9
F8BB  60        RTS                             A:80 X:80 Y:98 P:85 SP:F9
D3B5  C8        INY                             A:80 X:80 Y:98 P:85 SP:FB
D3B6  A9 80     LDA #$80                        A:80 X:80 Y:99 P:85 SP:FB
D3B8  85 78     STA $78 = 0                     A:80 X:80 Y:99 P:85 SP:FB
D3BA  E4 78     CPX $78 = 128                   A:80 X:80 Y:99 P:85 SP:FB
D3BC  20 BF F8  JSR todo                        A:80 X:80 Y:99 P:07 SP:FB
F8BF  D0 05     BNE                             A:80 X:80 Y:99 P:07 SP:F9
F8C1  30 03     BMI                             A:80 X:80 Y:99 P:07 SP:F9
F8C3  90 01     BCC                             A:80 X:80 Y:99 P:07 SP:F9
F8C5  60        RTS                             A:80 X:80 Y:99 P:07 SP:F9
D3BF  C8        INY                             A:80 X:80 Y:99 P:07 SP:FB
D3C0  A9 81     LDA #$81                        A:80 X:80 Y:9A P:85 SP:FB
D3C2  85 78     STA $78 = 128                   A:81 X:80 Y:9A P:85 SP:FB
D3C4  E4 78     CPX $78 = 129                   A:81 X:80 Y:9A P:85 SP:FB
D3C6  20 C9 F8  JSR todo                        A:81 X:80 Y:9A P:84 SP:FB
F8C9  B0 05     BCS                             A:81 X:80 Y:9A P:84 SP:F9
F8CB  F0 03     BEQ                             A:81 X:80 Y:9A P:84 SP:F9
F8CD  10 01     BPL                             A:81 X:80 Y:9A P:84 SP:F9
F8CF  60        RTS                             A:81 X:80 Y:9A P:84 SP:F9
D3C9  C8        INY                             A:81 X:80 Y:9A P:84 SP:FB
D3CA  A9 7F     LDA #$7F                        A:81 X:80 Y:9B P:84 SP:FB
D3CC  85 78     STA $78 = 129                   A:7F X:80 Y:9B P:04 SP:FB
D3CE  E4 78     CPX $78 = 127                   A:7F X:80 Y:9B P:04 SP:FB
D3D0  20 D3 F8  JSR todo                        A:7F X:80 Y:9B P:05 SP:FB
F8D3  90 05     BCC                             A:7F X:80 Y:9B P:05 SP:F9
F8D5  F0 03     BEQ                             A:7F X:80 Y:9B P:05 SP:F9
F8D7  30 01     BMI                             A:7F X:80 Y:9B P:05 SP:F9
F8D9  60        RTS                             A:7F X:80 Y:9B P:05 SP:F9
D3D3  C8        INY                             A:7F X:80 Y:9B P:05 SP:FB
D3D4  98        TYA                             A:7F X:80 Y:9C P:85 SP:FB
D3D5  AA        TAX                             A:9C X:80 Y:9C P:85 SP:FB
D3D6  A9 40     LDA #$40                        A:9C X:9C Y:9C P:85 SP:FB
D3D8  85 78     STA $78 = 127                   A:40 X:9C Y:9C P:05 SP:FB
D3DA  20 DD F8  JSR todo                        A:40 X:9C Y:9C P:05 SP:FB
F8DD  24 01     BIT $01 = 255                   A:40 X:9C Y:9C P:05 SP:F9
F8DF  A0 40     LDY #$40                        A:40 X:9C Y:9C P:C5 SP:F9
F8E1  60        RTS                             A:40 X:9C Y:40 P:45 SP:F9
D3DD  C4 78     CPY $78 = 64                    A:40 X:9C Y:40 P:45 SP:FB
D3DF  20 E2 F8  JSR todo                        A:40 X:9C Y:40 P:47 SP:FB
F8E2  30 07     BMI                             A:40 X:9C Y:40 P:47 SP:F9
F8E4  90 05     BCC                             A:40 X:9C Y:40 P:47 SP:F9
F8E6  D0 03     BNE                             A:40 X:9C Y:40 P:47 SP:F9
F8E8  50 01     BVC                             A:40 X:9C Y:40 P:47 SP:F9
F8EA  60        RTS                             A:40 X:9C Y:40 P:47 SP:F9
D3E2  E8        INX                             A:40 X:9C Y:40 P:47 SP:FB
D3E3  A9 3F     LDA #$3F                        A:40 X:9D Y:40 P:C5 SP:FB
D3E5  85 78     STA $78 = 64                    A:3F X:9D Y:40 P:45 SP:FB
D3E7  20 EE F8  JSR todo                        A:3F X:9D Y:40 P:45 SP:FB
F8EE  B8        CLV                             A:3F X:9D Y:40 P:45 SP:F9
F8EF  60        RTS                             A:3F X:9D Y:40 P:05 SP:F9
D3EA  C4 78     CPY $78 = 63                    A:3F X:9D Y:40 P:05 SP:FB
D3EC  20 F0 F8  JSR todo                        A:3F X:9D Y:40 P:05 SP:FB
F8F0  F0 07     BEQ                             A:3F X:9D Y:40 P:05 SP:F9
F8F2  30 05     BMI                             A:3F X:9D Y:40 P:05 SP:F9
F8F4  90 03     BCC                             A:3F X:9D Y:40 P:05 SP:F9
F8F6  70 01     BVS                             A:3F X:9D Y:40 P:05 SP:F9
F8F8  60        RTS                             A:3F X:9D Y:40 P:05 SP:F9
D3EF  E8        INX                             A:3F X:9D Y:40 P:05 SP:FB
D3F0  A9 41     LDA #$41                        A:3F X:9E Y:40 P:85 SP:FB
D3F2  85 78     STA $78 = 63                    A:41 X:9E Y:40 P:05 SP:FB
D3F4  C4 78     CPY $78 = 65                    A:41 X:9E Y:40 P:05 SP:FB
D3F6  20 FC F8  JSR todo                        A:41 X:9E Y:40 P:84 SP:FB
F8FC  F0 05     BEQ                             A:41 X:9E Y:40 P:84 SP:F9
F8FE  10 03     BPL                             A:41 X:9E Y:40 P:84 SP:F9
F900  10 01     BPL                             A:41 X:9E Y:40 P:84 SP:F9
F902  60        RTS                             A:41 X:9E Y:40 P:84 SP:F9
D3F9  E8        INX                             A:41 X:9E Y:40 P:84 SP:FB
D3FA  A9 00     LDA #$00                        A:41 X:9F Y:40 P:84 SP:FB
D3FC  85 78     STA $78 = 65                    A:00 X:9F Y:40 P:06 SP:FB
D3FE  20 06 F9  JSR todo                        A:00 X:9F Y:40 P:06 SP:FB
F906  A0 80     LDY #$80                        A:00 X:9F Y:40 P:06 SP:F9
F908  60        RTS                             A:00 X:9F Y:80 P:84 SP:F9
D401  C4 78     CPY $78 = 0                     A:00 X:9F Y:80 P:84 SP:FB
D403  20 09 F9  JSR todo                        A:00 X:9F Y:80 P:85 SP:FB
F909  F0 05     BEQ                             A:00 X:9F Y:80 P:85 SP:F9
F90B  10 03     BPL                             A:00 X:9F Y:80 P:85 SP:F9
F90D  90 01     BCC                             A:00 X:9F Y:80 P:85 SP:F9
F90F  60        RTS                             A:00 X:9F Y:80 P:85 SP:F9
D406  E8        INX                             A:00 X:9F Y:80 P:85 SP:FB
D407  A9 80     LDA #$80                        A:00 X:A0 Y:80 P:85 SP:FB
D409  85 78     STA $78 = 0                     A:80 X:A0 Y:80 P:85 SP:FB
D40B  C4 78     CPY $78 = 128                   A:80 X:A0 Y:80 P:85 SP:FB
D40D  20 13 F9  JSR todo                        A:80 X:A0 Y:80 P:07 SP:FB
F913  D0 05     BNE                             A:80 X:A0 Y:80 P:07 SP:F9
F915  30 03     BMI                             A:80 X:A0 Y:80 P:07 SP:F9
F917  90 01     BCC                             A:80 X:A0 Y:80 P:07 SP:F9
F919  60        RTS                             A:80 X:A0 Y:80 P:07 SP:F9
D410  E8        INX                             A:80 X:A0 Y:80 P:07 SP:FB
D411  A9 81     LDA #$81                        A:80 X:A1 Y:80 P:85 SP:FB
D413  85 78     STA $78 = 128                   A:81 X:A1 Y:80 P:85 SP:FB
D415  C4 78     CPY $78 = 129                   A:81 X:A1 Y:80 P:85 SP:FB
D417  20 1D F9  JSR todo                        A:81 X:A1 Y:80 P:84 SP:FB
F91D  B0 05     BCS                             A:81 X:A1 Y:80 P:84 SP:F9
F91F  F0 03     BEQ                             A:81 X:A1 Y:80 P:84 SP:F9
F921  10 01     BPL                             A:81 X:A1 Y:80 P:84 SP:F9
F923  60        RTS                             A:81 X:A1 Y:80 P:84 SP:F9
D41A  E8        INX                             A:81 X:A1 Y:80 P:84 SP:FB
D41B  A9 7F     LDA #$7F                        A:81 X:A2 Y:80 P:84 SP:FB
D41D  85 78     STA $78 = 129                   A:7F X:A2 Y:80 P:04 SP:FB
D41F  C4 78     CPY $78 = 127                   A:7F X:A2 Y:80 P:04 SP:FB
D421  20 27 F9  JSR todo                        A:7F X:A2 Y:80 P:05 SP:FB
F927  90 05     BCC                             A:7F X:A2 Y:80 P:05 SP:F9
F929  F0 03     BEQ                             A:7F X:A2 Y:80 P:05 SP:F9
F92B  30 01     BMI                             A:7F X:A2 Y:80 P:05 SP:F9
F92D  60        RTS                             A:7F X:A2 Y:80 P:05 SP:F9
D424  E8        INX                             A:7F X:A2 Y:80 P:05 SP:FB
D425  8A        TXA                             A:7F X:A3 Y:80 P:85 SP:FB
D426  A8        TAY                             A:A3 X:A3 Y:80 P:85 SP:FB
D427  20 90 F9  JSR todo                        A:A3 X:A3 Y:A3 P:85 SP:FB
F990  A2 55     LDX #$55                        A:A3 X:A3 Y:A3 P:85 SP:F9
F992  A9 FF     LDA #$FF                        A:A3 X:55 Y:A3 P:05 SP:F9
F994  85 01     STA $01 = 255                   A:FF X:55 Y:A3 P:85 SP:F9
F996  EA        NOP                             A:FF X:55 Y:A3 P:85 SP:F9
F997  24 01     BIT $01 = 255                   A:FF X:55 Y:A3 P:85 SP:F9
F999  38        SEC                             A:FF X:55 Y:A3 P:C5 SP:F9
F99A  A9 01     LDA #$01                        A:FF X:55 Y:A3 P:C5 SP:F9
F99C  60        RTS                             A:01 X:55 Y:A3 P:45 SP:F9
D42A  85 78     STA $78 = 127                   A:01 X:55 Y:A3 P:45 SP:FB
D42C  46 78     LSR $78 = 1                     A:01 X:55 Y:A3 P:45 SP:FB
D42E  A5 78     LDA $78 = 0                     A:01 X:55 Y:A3 P:47 SP:FB
D430  20 9D F9  JSR todo                        A:00 X:55 Y:A3 P:47 SP:FB
F99D  90 1B     BCC                             A:00 X:55 Y:A3 P:47 SP:F9
F99F  D0 19     BNE                             A:00 X:55 Y:A3 P:47 SP:F9
F9A1  30 17     BMI                             A:00 X:55 Y:A3 P:47 SP:F9
F9A3  50 15     BVC                             A:00 X:55 Y:A3 P:47 SP:F9
F9A5  C9 00     CMP #$00                        A:00 X:55 Y:A3 P:47 SP:F9
F9A7  D0 11     BNE                             A:00 X:55 Y:A3 P:47 SP:F9
F9A9  B8        CLV                             A:00 X:55 Y:A3 P:47 SP:F9
F9AA  A9 AA     LDA #$AA                        A:00 X:55 Y:A3 P:07 SP:F9
F9AC  60        RTS                             A:AA X:55 Y:A3 P:85 SP:F9
D433  C8        INY                             A:AA X:55 Y:A3 P:85 SP:FB
D434  85 78     STA $78 = 0                     A:AA X:55 Y:A4 P:85 SP:FB
D436  46 78     LSR $78 = 170                   A:AA X:55 Y:A4 P:85 SP:FB
D438  A5 78     LDA $78 = 85                    A:AA X:55 Y:A4 P:04 SP:FB
D43A  20 AD F9  JSR todo                        A:55 X:55 Y:A4 P:04 SP:FB
F9AD  B0 0B     BCS                             A:55 X:55 Y:A4 P:04 SP:F9
F9AF  F0 09     BEQ                             A:55 X:55 Y:A4 P:04 SP:F9
F9B1  30 07     BMI                             A:55 X:55 Y:A4 P:04 SP:F9
F9B3  70 05     BVS                             A:55 X:55 Y:A4 P:04 SP:F9
F9B5  C9 55     CMP #$55                        A:55 X:55 Y:A4 P:04 SP:F9
F9B7  D0 01     BNE                             A:55 X:55 Y:A4 P:07 SP:F9
F9B9  60        RTS                             A:55 X:55 Y:A4 P:07 SP:F9
D43D  C8        INY                             A:55 X:55 Y:A4 P:07 SP:FB
D43E  20 BD F9  JSR todo                        A:55 X:55 Y:A5 P:85 SP:FB
F9BD  24 01     BIT $01 = 255                   A:55 X:55 Y:A5 P:85 SP:F9
F9BF  38        SEC                             A:55 X:55 Y:A5 P:C5 SP:F9
F9C0  A9 80     LDA #$80                        A:55 X:55 Y:A5 P:C5 SP:F9
F9C2  60        RTS                             A:80 X:55 Y:A5 P:C5 SP:F9
D441  85 78     STA $78 = 85                    A:80 X:55 Y:A5 P:C5 SP:FB
D443  06 78     ASL $78 = 128                   A:80 X:55 Y:A5 P:C5 SP:FB
D445  A5 78     LDA $78 = 0                     A:80 X:55 Y:A5 P:47 SP:FB
D447  20 C3 F9  JSR todo                        A:00 X:55 Y:A5 P:47 SP:FB
F9C3  90 1C     BCC                             A:00 X:55 Y:A5 P:47 SP:F9
F9C5  D0 1A     BNE                             A:00 X:55 Y:A5 P:47 SP:F9
F9C7  30 18     BMI                             A:00 X:55 Y:A5 P:47 SP:F9
F9C9  50 16     BVC                             A:00 X:55 Y:A5 P:47 SP:F9
F9CB  C9 00     CMP #$00                        A:00 X:55 Y:A5 P:47 SP:F9
F9CD  D0 12     BNE                             A:00 X:55 Y:A5 P:47 SP:F9
F9CF  B8        CLV                             A:00 X:55 Y:A5 P:47 SP:F9
F9D0  A9 55     LDA #$55                        A:00 X:55 Y:A5 P:07 SP:F9
F9D2  38        SEC                             A:55 X:55 Y:A5 P:05 SP:F9
F9D3  60        RTS                             A:55 X:55 Y:A5 P:05 SP:F9
D44A  C8        INY                             A:55 X:55 Y:A5 P:05 SP:FB
D44B  85 78     STA $78 = 0                     A:55 X:55 Y:A6 P:85 SP:FB
D44D  06 78     ASL $78 = 85                    A:55 X:55 Y:A6 P:85 SP:FB
D44F  A5 78     LDA $78 = 170                   A:55 X:55 Y:A6 P:84 SP:FB
D451  20 D4 F9  JSR todo                        A:AA X:55 Y:A6 P:84 SP:FB
F9D4  B0 0B     BCS                             A:AA X:55 Y:A6 P:84 SP:F9
F9D6  F0 09     BEQ                             A:AA X:55 Y:A6 P:84 SP:F9
F9D8  10 07     BPL                             A:AA X:55 Y:A6 P:84 SP:F9
F9DA  70 05     BVS                             A:AA X:55 Y:A6 P:84 SP:F9
F9DC  C9 AA     CMP #$AA                        A:AA X:55 Y:A6 P:84 SP:F9
F9DE  D0 01     BNE                             A:AA X:55 Y:A6 P:07 SP:F9
F9E0  60        RTS                             A:AA X:55 Y:A6 P:07 SP:F9
D454  C8        INY                             A:AA X:55 Y:A6 P:07 SP:FB
D455  20 E4 F9  JSR todo                        A:AA X:55 Y:A7 P:85 SP:FB
F9E4  24 01     BIT $01 = 255                   A:AA X:55 Y:A7 P:85 SP:F9
F9E6  38        SEC                             A:AA X:55 Y:A7 P:C5 SP:F9
F9E7  A9 01     LDA #$01                        A:AA X:55 Y:A7 P:C5 SP:F9
F9E9  60        RTS                             A:01 X:55 Y:A7 P:45 SP:F9
D458  85 78     STA $78 = 170                   A:01 X:55 Y:A7 P:45 SP:FB
D45A  66 78     ROR $78 = 1                     A:01 X:55 Y:A7 P:45 SP:FB
D45C  A5 78     LDA $78 = 128                   A:01 X:55 Y:A7 P:C5 SP:FB
D45E  20 EA F9  JSR todo                        A:80 X:55 Y:A7 P:C5 SP:FB
F9EA  90 1C     BCC                             A:80 X:55 Y:A7 P:C5 SP:F9
F9EC  F0 1A     BEQ                             A:80 X:55 Y:A7 P:C5 SP:F9
F9EE  10 18     BPL                             A:80 X:55 Y:A7 P:C5 SP:F9
F9F0  50 16     BVC                             A:80 X:55 Y:A7 P:C5 SP:F9
F9F2  C9 80     CMP #$80                        A:80 X:55 Y:A7 P:C5 SP:F9
F9F4  D0 12     BNE                             A:80 X:55 Y:A7 P:47 SP:F9
F9F6  B8        CLV                             A:80 X:55 Y:A7 P:47 SP:F9
F9F7  18        CLC                             A:80 X:55 Y:A7 P:07 SP:F9
F9F8  A9 55     LDA #$55                        A:80 X:55 Y:A7 P:06 SP:F9
F9FA  60        RTS                             A:55 X:55 Y:A7 P:04 SP:F9
D461  C8        INY                             A:55 X:55 Y:A7 P:04 SP:FB
D462  85 78     STA $78 = 128                   A:55 X:55 Y:A8 P:84 SP:FB
D464  66 78     ROR $78 = 85                    A:55 X:55 Y:A8 P:84 SP:FB
D466  A5 78     LDA $78 = 42                    A:55 X:55 Y:A8 P:05 SP:FB
D468  20 FB F9  JSR todo                        A:2A X:55 Y:A8 P:05 SP:FB
F9FB  90 0B     BCC                             A:2A X:55 Y:A8 P:05 SP:F9
F9FD  F0 09     BEQ                             A:2A X:55 Y:A8 P:05 SP:F9
F9FF  30 07     BMI                             A:2A X:55 Y:A8 P:05 SP:F9
FA01  70 05     BVS                             A:2A X:55 Y:A8 P:05 SP:F9
FA03  C9 2A     CMP #$2A                        A:2A X:55 Y:A8 P:05 SP:F9
FA05  D0 01     BNE                             A:2A X:55 Y:A8 P:07 SP:F9
FA07  60        RTS                             A:2A X:55 Y:A8 P:07 SP:F9
D46B  C8        INY                             A:2A X:55 Y:A8 P:07 SP:FB
D46C  20 0A FA  JSR todo                        A:2A X:55 Y:A9 P:85 SP:FB
FA0A  24 01     BIT $01 = 255                   A:2A X:55 Y:A9 P:85 SP:F9
FA0C  38        SEC                             A:2A X:55 Y:A9 P:C5 SP:F9
FA0D  A9 80     LDA #$80                        A:2A X:55 Y:A9 P:C5 SP:F9
FA0F  60        RTS                             A:80 X:55 Y:A9 P:C5 SP:F9
D46F  85 78     STA $78 = 42                    A:80 X:55 Y:A9 P:C5 SP:FB
D471  26 78     ROL $78 = 128                   A:80 X:55 Y:A9 P:C5 SP:FB
D473  A5 78     LDA $78 = 1                     A:80 X:55 Y:A9 P:45 SP:FB
D475  20 10 FA  JSR todo                        A:01 X:55 Y:A9 P:45 SP:FB
FA10  90 1C     BCC                             A:01 X:55 Y:A9 P:45 SP:F9
FA12  F0 1A     BEQ                             A:01 X:55 Y:A9 P:45 SP:F9
FA14  30 18     BMI                             A:01 X:55 Y:A9 P:45 SP:F9
FA16  50 16     BVC                             A:01 X:55 Y:A9 P:45 SP:F9
FA18  C9 01     CMP #$01                        A:01 X:55 Y:A9 P:45 SP:F9
FA1A  D0 12     BNE                             A:01 X:55 Y:A9 P:47 SP:F9
FA1C  B8        CLV                             A:01 X:55 Y:A9 P:47 SP:F9
FA1D  18        CLC                             A:01 X:55 Y:A9 P:07 SP:F9
FA1E  A9 55     LDA #$55                        A:01 X:55 Y:A9 P:06 SP:F9
FA20  60        RTS                             A:55 X:55 Y:A9 P:04 SP:F9
D478  C8        INY                             A:55 X:55 Y:A9 P:04 SP:FB
D479  85 78     STA $78 = 1                     A:55 X:55 Y:AA P:84 SP:FB
D47B  26 78     ROL $78 = 85                    A:55 X:55 Y:AA P:84 SP:FB
D47D  A5 78     LDA $78 = 170                   A:55 X:55 Y:AA P:84 SP:FB
D47F  20 21 FA  JSR todo                        A:AA X:55 Y:AA P:84 SP:FB
FA21  B0 0B     BCS                             A:AA X:55 Y:AA P:84 SP:F9
FA23  F0 09     BEQ                             A:AA X:55 Y:AA P:84 SP:F9
FA25  10 07     BPL                             A:AA X:55 Y:AA P:84 SP:F9
FA27  70 05     BVS                             A:AA X:55 Y:AA P:84 SP:F9
FA29  C9 AA     CMP #$AA                        A:AA X:55 Y:AA P:84 SP:F9
FA2B  D0 01     BNE                             A:AA X:55 Y:AA P:07 SP:F9
FA2D  60        RTS                             A:AA X:55 Y:AA P:07 SP:F9
D482  A9 FF     LDA #$FF                        A:AA X:55 Y:AA P:07 SP:FB
D484  85 78     STA $78 = 170                   A:FF X:55 Y:AA P:85 SP:FB
D486  85 01     STA $01 = 255                   A:FF X:55 Y:AA P:85 SP:FB
D488  24 01     BIT $01 = 255                   A:FF X:55 Y:AA P:85 SP:FB
D48A  38        SEC                             A:FF X:55 Y:AA P:C5 SP:FB
D48B  E6 78     INC $78 = 255                   A:FF X:55 Y:AA P:C5 SP:FB
D48D  D0 0C     BNE                             A:FF X:55 Y:AA P:47 SP:FB
D48F  30 0A     BMI                             A:FF X:55 Y:AA P:47 SP:FB
D491  50 08     BVC                             A:FF X:55 Y:AA P:47 SP:FB
D493  90 06     BCC                             A:FF X:55 Y:AA P:47 SP:FB
D495  A5 78     LDA $78 = 0                     A:FF X:55 Y:AA P:47 SP:FB
D497  C9 00     CMP #$00                        A:00 X:55 Y:AA P:47 SP:FB
D499  F0 04     BEQ                             A:00 X:55 Y:AA P:47 SP:FB
D49F  A9 7F     LDA #$7F                        A:00 X:55 Y:AA P:47 SP:FB
D4A1  85 78     STA $78 = 0                     A:7F X:55 Y:AA P:45 SP:FB
D4A3  B8        CLV                             A:7F X:55 Y:AA P:45 SP:FB
D4A4  18        CLC                             A:7F X:55 Y:AA P:05 SP:FB
D4A5  E6 78     INC $78 = 127                   A:7F X:55 Y:AA P:04 SP:FB
D4A7  F0 0C     BEQ                             A:7F X:55 Y:AA P:84 SP:FB
D4A9  10 0A     BPL                             A:7F X:55 Y:AA P:84 SP:FB
D4AB  70 08     BVS                             A:7F X:55 Y:AA P:84 SP:FB
D4AD  B0 06     BCS                             A:7F X:55 Y:AA P:84 SP:FB
D4AF  A5 78     LDA $78 = 128                   A:7F X:55 Y:AA P:84 SP:FB
D4B1  C9 80     CMP #$80                        A:80 X:55 Y:AA P:84 SP:FB
D4B3  F0 04     BEQ                             A:80 X:55 Y:AA P:07 SP:FB
D4B9  A9 00     LDA #$00                        A:80 X:55 Y:AA P:07 SP:FB
D4BB  85 78     STA $78 = 128                   A:00 X:55 Y:AA P:07 SP:FB
D4BD  24 01     BIT $01 = 255                   A:00 X:55 Y:AA P:07 SP:FB
D4BF  38        SEC                             A:00 X:55 Y:AA P:C7 SP:FB
D4C0  C6 78     DEC $78 = 0                     A:00 X:55 Y:AA P:C7 SP:FB
D4C2  F0 0C     BEQ                             A:00 X:55 Y:AA P:C5 SP:FB
D4C4  10 0A     BPL                             A:00 X:55 Y:AA P:C5 SP:FB
D4C6  50 08     BVC                             A:00 X:55 Y:AA P:C5 SP:FB
D4C8  90 06     BCC                             A:00 X:55 Y:AA P:C5 SP:FB
D4CA  A5 78     LDA $78 = 255                   A:00 X:55 Y:AA P:C5 SP:FB
D4CC  C9 FF     CMP #$FF                        A:FF X:55 Y:AA P:C5 SP:FB
D4CE  F0 04     BEQ                             A:FF X:55 Y:AA P:47 SP:FB
D4D4  A9 80     LDA #$80                        A:FF X:55 Y:AA P:47 SP:FB
D4D6  85 78     STA $78 = 255                   A:80 X:55 Y:AA P:C5 SP:FB
D4D8  B8        CLV                             A:80 X:55 Y:AA P:C5 SP:FB
D4D9  18        CLC                             A:80 X:55 Y:AA P:85 SP:FB
D4DA  C6 78     DEC $78 = 128                   A:80 X:55 Y:AA P:84 SP:FB
D4DC  F0 0C     BEQ                             A:80 X:55 Y:AA P:04 SP:FB
D4DE  30 0A     BMI                             A:80 X:55 Y:AA P:04 SP:FB
D4E0  70 08     BVS                             A:80 X:55 Y:AA P:04 SP:FB
D4E2  B0 06     BCS                             A:80 X:55 Y:AA P:04 SP:FB
D4E4  A5 78     LDA $78 = 127                   A:80 X:55 Y:AA P:04 SP:FB
D4E6  C9 7F     CMP #$7F                        A:7F X:55 Y:AA P:04 SP:FB
D4E8  F0 04     BEQ                             A:7F X:55 Y:AA P:07 SP:FB
D4EE  A9 01     LDA #$01                        A:7F X:55 Y:AA P:07 SP:FB
D4F0  85 78     STA $78 = 127                   A:01 X:55 Y:AA P:05 SP:FB
D4F2  C6 78     DEC $78 = 1                     A:01 X:55 Y:AA P:05 SP:FB
D4F4  F0 04     BEQ                             A:01 X:55 Y:AA P:07 SP:FB
D4FA  60        RTS                             A:01 X:55 Y:AA P:07 SP:FB
8615  20 FB D4  JSR todo                        A:01 X:55 Y:AA P:07 SP:FD
D4FB  A9 55     LDA #$55                        A:01 X:55 Y:AA P:07 SP:FB
D4FD  8D 78 06  STA todo                        A:55 X:55 Y:AA P:05 SP:FB
D500  A9 FF     LDA #$FF                        A:55 X:55 Y:AA P:05 SP:FB
D502  85 01     STA $01 = 255                   A:FF X:55 Y:AA P:85 SP:FB
D504  24 01     BIT $01 = 255                   A:FF X:55 Y:AA P:85 SP:FB
D506  A0 11     LDY #$11                        A:FF X:55 Y:AA P:C5 SP:FB
D508  A2 23     LDX #$23                        A:FF X:55 Y:11 P:45 SP:FB
D50A  A9 00     LDA #$00                        A:FF X:23 Y:11 P:45 SP:FB
D50C  AD 78 06  LDA todo                        A:00 X:23 Y:11 P:47 SP:FB
D50F  F0 10     BEQ                             A:55 X:23 Y:11 P:45 SP:FB
D511  30 0E     BMI                             A:55 X:23 Y:11 P:45 SP:FB
D513  C9 55     CMP #$55                        A:55 X:23 Y:11 P:45 SP:FB
D515  D0 0A     BNE                             A:55 X:23 Y:11 P:47 SP:FB
D517  C0 11     CPY #$11                        A:55 X:23 Y:11 P:47 SP:FB
D519  D0 06     BNE                             A:55 X:23 Y:11 P:47 SP:FB
D51B  E0 23     CPX #$23                        A:55 X:23 Y:11 P:47 SP:FB
D51D  50 02     BVC                             A:55 X:23 Y:11 P:47 SP:FB
D51F  F0 04     BEQ                             A:55 X:23 Y:11 P:47 SP:FB
D525  A9 46     LDA #$46                        A:55 X:23 Y:11 P:47 SP:FB
D527  24 01     BIT $01 = 255                   A:46 X:23 Y:11 P:45 SP:FB
D529  8D 78 06  STA todo                        A:46 X:23 Y:11 P:C5 SP:FB
D52C  F0 0B     BEQ                             A:46 X:23 Y:11 P:C5 SP:FB
D52E  10 09     BPL                             A:46 X:23 Y:11 P:C5 SP:FB
D530  50 07     BVC                             A:46 X:23 Y:11 P:C5 SP:FB
D532  AD 78 06  LDA todo                        A:46 X:23 Y:11 P:C5 SP:FB
D535  C9 46     CMP #$46                        A:46 X:23 Y:11 P:45 SP:FB
D537  F0 04     BEQ                             A:46 X:23 Y:11 P:47 SP:FB
D53D  A9 55     LDA #$55                        A:46 X:23 Y:11 P:47 SP:FB
D53F  8D 78 06  STA todo                        A:55 X:23 Y:11 P:45 SP:FB
D542  24 01     BIT $01 = 255                   A:55 X:23 Y:11 P:45 SP:FB
D544  A9 11     LDA #$11                        A:55 X:23 Y:11 P:C5 SP:FB
D546  A2 23     LDX #$23                        A:11 X:23 Y:11 P:45 SP:FB
D548  A0 00     LDY #$00                        A:11 X:23 Y:11 P:45 SP:FB
D54A  AC 78 06  LDY todo                        A:11 X:23 Y:00 P:47 SP:FB
D54D  F0 10     BEQ                             A:11 X:23 Y:55 P:45 SP:FB
D54F  30 0E     BMI                             A:11 X:23 Y:55 P:45 SP:FB
D551  C0 55     CPY #$55                        A:11 X:23 Y:55 P:45 SP:FB
D553  D0 0A     BNE                             A:11 X:23 Y:55 P:47 SP:FB
D555  C9 11     CMP #$11                        A:11 X:23 Y:55 P:47 SP:FB
D557  D0 06     BNE                             A:11 X:23 Y:55 P:47 SP:FB
D559  E0 23     CPX #$23                        A:11 X:23 Y:55 P:47 SP:FB
D55B  50 02     BVC                             A:11 X:23 Y:55 P:47 SP:FB
D55D  F0 04     BEQ                             A:11 X:23 Y:55 P:47 SP:FB
D563  A0 46     LDY #$46                        A:11 X:23 Y:55 P:47 SP:FB
D565  24 01     BIT $01 = 255                   A:11 X:23 Y:46 P:45 SP:FB
D567  8C 78 06  STY todo                        A:11 X:23 Y:46 P:C5 SP:FB
D56A  F0 0B     BEQ                             A:11 X:23 Y:46 P:C5 SP:FB
D56C  10 09     BPL                             A:11 X:23 Y:46 P:C5 SP:FB
D56E  50 07     BVC                             A:11 X:23 Y:46 P:C5 SP:FB
D570  AC 78 06  LDY todo                        A:11 X:23 Y:46 P:C5 SP:FB
D573  C0 46     CPY #$46                        A:11 X:23 Y:46 P:45 SP:FB
D575  F0 04     BEQ                             A:11 X:23 Y:46 P:47 SP:FB
D57B  24 01     BIT $01 = 255                   A:11 X:23 Y:46 P:47 SP:FB
D57D  A9 55     LDA #$55                        A:11 X:23 Y:46 P:C5 SP:FB
D57F  8D 78 06  STA todo                        A:55 X:23 Y:46 P:45 SP:FB
D582  A0 11     LDY #$11                        A:55 X:23 Y:46 P:45 SP:FB
D584  A9 23     LDA #$23                        A:55 X:23 Y:11 P:45 SP:FB
D586  A2 00     LDX #$00                        A:23 X:23 Y:11 P:45 SP:FB
D588  AE 78 06  LDX todo                        A:23 X:00 Y:11 P:47 SP:FB
D58B  F0 10     BEQ                             A:23 X:55 Y:11 P:45 SP:FB
D58D  30 0E     BMI                             A:23 X:55 Y:11 P:45 SP:FB
D58F  E0 55     CPX #$55                        A:23 X:55 Y:11 P:45 SP:FB
D591  D0 0A     BNE                             A:23 X:55 Y:11 P:47 SP:FB
D593  C0 11     CPY #$11                        A:23 X:55 Y:11 P:47 SP:FB
D595  D0 06     BNE                             A:23 X:55 Y:11 P:47 SP:FB
D597  C9 23     CMP #$23                        A:23 X:55 Y:11 P:47 SP:FB
D599  50 02     BVC                             A:23 X:55 Y:11 P:47 SP:FB
D59B  F0 04     BEQ                             A:23 X:55 Y:11 P:47 SP:FB
D5A1  A2 46     LDX #$46                        A:23 X:55 Y:11 P:47 SP:FB
D5A3  24 01     BIT $01 = 255                   A:23 X:46 Y:11 P:45 SP:FB
D5A5  8E 78 06  STX todo                        A:23 X:46 Y:11 P:C5 SP:FB
D5A8  F0 0B     BEQ                             A:23 X:46 Y:11 P:C5 SP:FB
D5AA  10 09     BPL                             A:23 X:46 Y:11 P:C5 SP:FB
D5AC  50 07     BVC                             A:23 X:46 Y:11 P:C5 SP:FB
D5AE  AE 78 06  LDX todo                        A:23 X:46 Y:11 P:C5 SP:FB
D5B1  E0 46     CPX #$46                        A:23 X:46 Y:11 P:45 SP:FB
D5B3  F0 04     BEQ                             A:23 X:46 Y:11 P:47 SP:FB
D5B9  A9 C0     LDA #$C0                        A:23 X:46 Y:11 P:47 SP:FB
D5BB  8D 78 06  STA todo                        A:C0 X:46 Y:11 P:C5 SP:FB
D5BE  A2 33     LDX #$33                        A:C0 X:46 Y:11 P:C5 SP:FB
D5C0  A0 88     LDY #$88                        A:C0 X:33 Y:11 P:45 SP:FB
D5C2  A9 05     LDA #$05                        A:C0 X:33 Y:88 P:C5 SP:FB
D5C4  2C 78 06  BIT todo                        A:05 X:33 Y:88 P:45 SP:FB
D5C7  10 10     BPL                             A:05 X:33 Y:88 P:C7 SP:FB
D5C9  50 0E     BVC                             A:05 X:33 Y:88 P:C7 SP:FB
D5CB  D0 0C     BNE                             A:05 X:33 Y:88 P:C7 SP:FB
D5CD  C9 05     CMP #$05                        A:05 X:33 Y:88 P:C7 SP:FB
D5CF  D0 08     BNE                             A:05 X:33 Y:88 P:47 SP:FB
D5D1  E0 33     CPX #$33                        A:05 X:33 Y:88 P:47 SP:FB
D5D3  D0 04     BNE                             A:05 X:33 Y:88 P:47 SP:FB
D5D5  C0 88     CPY #$88                        A:05 X:33 Y:88 P:47 SP:FB
D5D7  F0 04     BEQ                             A:05 X:33 Y:88 P:47 SP:FB
D5DD  A9 03     LDA #$03                        A:05 X:33 Y:88 P:47 SP:FB
D5DF  8D 78 06  STA todo                        A:03 X:33 Y:88 P:45 SP:FB
D5E2  A9 01     LDA #$01                        A:03 X:33 Y:88 P:45 SP:FB
D5E4  2C 78 06  BIT todo                        A:01 X:33 Y:88 P:45 SP:FB
D5E7  30 08     BMI                             A:01 X:33 Y:88 P:05 SP:FB
D5E9  70 06     BVS                             A:01 X:33 Y:88 P:05 SP:FB
D5EB  F0 04     BEQ                             A:01 X:33 Y:88 P:05 SP:FB
D5ED  C9 01     CMP #$01                        A:01 X:33 Y:88 P:05 SP:FB
D5EF  F0 04     BEQ                             A:01 X:33 Y:88 P:07 SP:FB
D5F5  A0 B8     LDY #$B8                        A:01 X:33 Y:88 P:07 SP:FB
D5F7  A9 AA     LDA #$AA                        A:01 X:33 Y:B8 P:85 SP:FB
D5F9  8D 78 06  STA todo                        A:AA X:33 Y:B8 P:85 SP:FB
D5FC  20 B6 F7  JSR todo                        A:AA X:33 Y:B8 P:85 SP:FB
F7B6  18        CLC                             A:AA X:33 Y:B8 P:85 SP:F9
F7B7  A9 FF     LDA #$FF                        A:AA X:33 Y:B8 P:84 SP:F9
F7B9  85 01     STA $01 = 255                   A:FF X:33 Y:B8 P:84 SP:F9
F7BB  24 01     BIT $01 = 255                   A:FF X:33 Y:B8 P:84 SP:F9
F7BD  A9 55     LDA #$55                        A:FF X:33 Y:B8 P:C4 SP:F9
F7BF  60        RTS                             A:55 X:33 Y:B8 P:44 SP:F9
D5FF  0D 78 06  ORA todo                        A:55 X:33 Y:B8 P:44 SP:FB
D602  20 C0 F7  JSR todo                        A:FF X:33 Y:B8 P:C4 SP:FB
F7C0  B0 09     BCS                             A:FF X:33 Y:B8 P:C4 SP:F9
F7C2  10 07     BPL                             A:FF X:33 Y:B8 P:C4 SP:F9
F7C4  C9 FF     CMP #$FF                        A:FF X:33 Y:B8 P:C4 SP:F9
F7C6  D0 03     BNE                             A:FF X:33 Y:B8 P:47 SP:F9
F7C8  50 01     BVC                             A:FF X:33 Y:B8 P:47 SP:F9
F7CA  60        RTS                             A:FF X:33 Y:B8 P:47 SP:F9
D605  C8        INY                             A:FF X:33 Y:B8 P:47 SP:FB
D606  A9 00     LDA #$00                        A:FF X:33 Y:B9 P:C5 SP:FB
D608  8D 78 06  STA todo                        A:00 X:33 Y:B9 P:47 SP:FB
D60B  20 CE F7  JSR todo                        A:00 X:33 Y:B9 P:47 SP:FB
F7CE  38        SEC                             A:00 X:33 Y:B9 P:47 SP:F9
F7CF  B8        CLV                             A:00 X:33 Y:B9 P:47 SP:F9
F7D0  A9 00     LDA #$00                        A:00 X:33 Y:B9 P:07 SP:F9
F7D2  60        RTS                             A:00 X:33 Y:B9 P:07 SP:F9
D60E  0D 78 06  ORA todo                        A:00 X:33 Y:B9 P:07 SP:FB
D611  20 D3 F7  JSR todo                        A:00 X:33 Y:B9 P:07 SP:FB
F7D3  D0 07     BNE                             A:00 X:33 Y:B9 P:07 SP:F9
F7D5  70 05     BVS                             A:00 X:33 Y:B9 P:07 SP:F9
F7D7  90 03     BCC                             A:00 X:33 Y:B9 P:07 SP:F9
F7D9  30 01     BMI                             A:00 X:33 Y:B9 P:07 SP:F9
F7DB  60        RTS                             A:00 X:33 Y:B9 P:07 SP:F9
D614  C8        INY                             A:00 X:33 Y:B9 P:07 SP:FB
D615  A9 AA     LDA #$AA                        A:00 X:33 Y:BA P:85 SP:FB
D617  8D 78 06  STA todo                        A:AA X:33 Y:BA P:85 SP:FB
D61A  20 DF F7  JSR todo                        A:AA X:33 Y:BA P:85 SP:FB
F7DF  18        CLC                             A:AA X:33 Y:BA P:85 SP:F9
F7E0  24 01     BIT $01 = 255                   A:AA X:33 Y:BA P:84 SP:F9
F7E2  A9 55     LDA #$55                        A:AA X:33 Y:BA P:C4 SP:F9
F7E4  60        RTS                             A:55 X:33 Y:BA P:44 SP:F9
D61D  2D 78 06  AND todo                        A:55 X:33 Y:BA P:44 SP:FB
D620  20 E5 F7  JSR todo                        A:00 X:33 Y:BA P:46 SP:FB
F7E5  D0 07     BNE                             A:00 X:33 Y:BA P:46 SP:F9
F7E7  50 05     BVC                             A:00 X:33 Y:BA P:46 SP:F9
F7E9  B0 03     BCS                             A:00 X:33 Y:BA P:46 SP:F9
F7EB  30 01     BMI                             A:00 X:33 Y:BA P:46 SP:F9
F7ED  60        RTS                             A:00 X:33 Y:BA P:46 SP:F9
D623  C8        INY                             A:00 X:33 Y:BA P:46 SP:FB
D624  A9 EF     LDA #$EF                        A:00 X:33 Y:BB P:C4 SP:FB
D626  8D 78 06  STA todo                        A:EF X:33 Y:BB P:C4 SP:FB
D629  20 F1 F7  JSR todo                        A:EF X:33 Y:BB P:C4 SP:FB
F7F1  38        SEC                             A:EF X:33 Y:BB P:C4 SP:F9
F7F2  B8        CLV                             A:EF X:33 Y:BB P:C5 SP:F9
F7F3  A9 F8     LDA #$F8                        A:EF X:33 Y:BB P:85 SP:F9
F7F5  60        RTS                             A:F8 X:33 Y:BB P:85 SP:F9
D62C  2D 78 06  AND todo                        A:F8 X:33 Y:BB P:85 SP:FB
D62F  20 F6 F7  JSR todo                        A:E8 X:33 Y:BB P:85 SP:FB
F7F6  90 09     BCC                             A:E8 X:33 Y:BB P:85 SP:F9
F7F8  10 07     BPL                             A:E8 X:33 Y:BB P:85 SP:F9
F7FA  C9 E8     CMP #$E8                        A:E8 X:33 Y:BB P:85 SP:F9
F7FC  D0 03     BNE                             A:E8 X:33 Y:BB P:07 SP:F9
F7FE  70 01     BVS                             A:E8 X:33 Y:BB P:07 SP:F9
F800  60        RTS                             A:E8 X:33 Y:BB P:07 SP:F9
D632  C8        INY                             A:E8 X:33 Y:BB P:07 SP:FB
D633  A9 AA     LDA #$AA                        A:E8 X:33 Y:BC P:85 SP:FB
D635  8D 78 06  STA todo                        A:AA X:33 Y:BC P:85 SP:FB
D638  20 04 F8  JSR todo                        A:AA X:33 Y:BC P:85 SP:FB
F804  18        CLC                             A:AA X:33 Y:BC P:85 SP:F9
F805  24 01     BIT $01 = 255                   A:AA X:33 Y:BC P:84 SP:F9
F807  A9 5F     LDA #$5F                        A:AA X:33 Y:BC P:C4 SP:F9
F809  60        RTS                             A:5F X:33 Y:BC P:44 SP:F9
D63B  4D 78 06  EOR todo                        A:5F X:33 Y:BC P:44 SP:FB
D63E  20 0A F8  JSR todo                        A:F5 X:33 Y:BC P:C4 SP:FB
F80A  B0 09     BCS                             A:F5 X:33 Y:BC P:C4 SP:F9
F80C  10 07     BPL                             A:F5 X:33 Y:BC P:C4 SP:F9
F80E  C9 F5     CMP #$F5                        A:F5 X:33 Y:BC P:C4 SP:F9
F810  D0 03     BNE                             A:F5 X:33 Y:BC P:47 SP:F9
F812  50 01     BVC                             A:F5 X:33 Y:BC P:47 SP:F9
F814  60        RTS                             A:F5 X:33 Y:BC P:47 SP:F9
D641  C8        INY                             A:F5 X:33 Y:BC P:47 SP:FB
D642  A9 70     LDA #$70                        A:F5 X:33 Y:BD P:C5 SP:FB
D644  8D 78 06  STA todo                        A:70 X:33 Y:BD P:45 SP:FB
D647  20 18 F8  JSR todo                        A:70 X:33 Y:BD P:45 SP:FB
F818  38        SEC                             A:70 X:33 Y:BD P:45 SP:F9
F819  B8        CLV                             A:70 X:33 Y:BD P:45 SP:F9
F81A  A9 70     LDA #$70                        A:70 X:33 Y:BD P:05 SP:F9
F81C  60        RTS                             A:70 X:33 Y:BD P:05 SP:F9
D64A  4D 78 06  EOR todo                        A:70 X:33 Y:BD P:05 SP:FB
D64D  20 1D F8  JSR todo                        A:00 X:33 Y:BD P:07 SP:FB
F81D  D0 07     BNE                             A:00 X:33 Y:BD P:07 SP:F9
F81F  70 05     BVS                             A:00 X:33 Y:BD P:07 SP:F9
F821  90 03     BCC                             A:00 X:33 Y:BD P:07 SP:F9
F823  30 01     BMI                             A:00 X:33 Y:BD P:07 SP:F9
F825  60        RTS                             A:00 X:33 Y:BD P:07 SP:F9
D650  C8        INY                             A:00 X:33 Y:BD P:07 SP:FB
D651  A9 69     LDA #$69                        A:00 X:33 Y:BE P:85 SP:FB
D653  8D 78 06  STA todo                        A:69 X:33 Y:BE P:05 SP:FB
D656  20 29 F8  JSR todo                        A:69 X:33 Y:BE P:05 SP:FB
F829  18        CLC                             A:69 X:33 Y:BE P:05 SP:F9
F82A  24 01     BIT $01 = 255                   A:69 X:33 Y:BE P:04 SP:F9
F82C  A9 00     LDA #$00                        A:69 X:33 Y:BE P:C4 SP:F9
F82E  60        RTS                             A:00 X:33 Y:BE P:46 SP:F9
D659  6D 78 06  ADC todo                        A:00 X:33 Y:BE P:46 SP:FB
D65C  20 2F F8  JSR todo                        A:69 X:33 Y:BE P:04 SP:FB
F82F  30 09     BMI                             A:69 X:33 Y:BE P:04 SP:F9
F831  B0 07     BCS                             A:69 X:33 Y:BE P:04 SP:F9
F833  C9 69     CMP #$69                        A:69 X:33 Y:BE P:04 SP:F9
F835  D0 03     BNE                             A:69 X:33 Y:BE P:07 SP:F9
F837  70 01     BVS                             A:69 X:33 Y:BE P:07 SP:F9
F839  60        RTS                             A:69 X:33 Y:BE P:07 SP:F9
D65F  C8        INY                             A:69 X:33 Y:BE P:07 SP:FB
D660  20 3D F8  JSR todo                        A:69 X:33 Y:BF P:85 SP:FB
F83D  38        SEC                             A:69 X:33 Y:BF P:85 SP:F9
F83E  24 01     BIT $01 = 255                   A:69 X:33 Y:BF P:85 SP:F9
F840  A9 00     LDA #$00                        A:69 X:33 Y:BF P:C5 SP:F9
F842  60        RTS                             A:00 X:33 Y:BF P:47 SP:F9
D663  6D 78 06  ADC todo                        A:00 X:33 Y:BF P:47 SP:FB
D666  20 43 F8  JSR todo                        A:6A X:33 Y:BF P:04 SP:FB
F843  30 09     BMI                             A:6A X:33 Y:BF P:04 SP:F9
F845  B0 07     BCS                             A:6A X:33 Y:BF P:04 SP:F9
F847  C9 6A     CMP #$6A                        A:6A X:33 Y:BF P:04 SP:F9
F849  D0 03     BNE                             A:6A X:33 Y:BF P:07 SP:F9
F84B  70 01     BVS                             A:6A X:33 Y:BF P:07 SP:F9
F84D  60        RTS                             A:6A X:33 Y:BF P:07 SP:F9
D669  C8        INY                             A:6A X:33 Y:BF P:07 SP:FB
D66A  A9 7F     LDA #$7F                        A:6A X:33 Y:C0 P:85 SP:FB
D66C  8D 78 06  STA todo                        A:7F X:33 Y:C0 P:05 SP:FB
D66F  20 51 F8  JSR todo                        A:7F X:33 Y:C0 P:05 SP:FB
F851  38        SEC                             A:7F X:33 Y:C0 P:05 SP:F9
F852  B8        CLV                             A:7F X:33 Y:C0 P:05 SP:F9
F853  A9 7F     LDA #$7F                        A:7F X:33 Y:C0 P:05 SP:F9
F855  60        RTS                             A:7F X:33 Y:C0 P:05 SP:F9
D672  6D 78 06  ADC todo                        A:7F X:33 Y:C0 P:05 SP:FB
D675  20 56 F8  JSR todo                        A:FF X:33 Y:C0 P:C4 SP:FB
F856  10 09     BPL                             A:FF X:33 Y:C0 P:C4 SP:F9
F858  B0 07     BCS                             A:FF X:33 Y:C0 P:C4 SP:F9
F85A  C9 FF     CMP #$FF                        A:FF X:33 Y:C0 P:C4 SP:F9
F85C  D0 03     BNE                             A:FF X:33 Y:C0 P:47 SP:F9
F85E  50 01     BVC                             A:FF X:33 Y:C0 P:47 SP:F9
F860  60        RTS                             A:FF X:33 Y:C0 P:47 SP:F9
D678  C8        INY                             A:FF X:33 Y:C0 P:47 SP:FB
D679  A9 80     LDA #$80                        A:FF X:33 Y:C1 P:C5 SP:FB
D67B  8D 78 06  STA todo                        A:80 X:33 Y:C1 P:C5 SP:FB
D67E  20 64 F8  JSR todo                        A:80 X:33 Y:C1 P:C5 SP:FB
F864  18        CLC                             A:80 X:33 Y:C1 P:C5 SP:F9
F865  24 01     BIT $01 = 255                   A:80 X:33 Y:C1 P:C4 SP:F9
F867  A9 7F     LDA #$7F                        A:80 X:33 Y:C1 P:C4 SP:F9
F869  60        RTS                             A:7F X:33 Y:C1 P:44 SP:F9
D681  6D 78 06  ADC todo                        A:7F X:33 Y:C1 P:44 SP:FB
D684  20 6A F8  JSR todo                        A:FF X:33 Y:C1 P:84 SP:FB
F86A  10 09     BPL                             A:FF X:33 Y:C1 P:84 SP:F9
F86C  B0 07     BCS                             A:FF X:33 Y:C1 P:84 SP:F9
F86E  C9 FF     CMP #$FF                        A:FF X:33 Y:C1 P:84 SP:F9
F870  D0 03     BNE                             A:FF X:33 Y:C1 P:07 SP:F9
F872  70 01     BVS                             A:FF X:33 Y:C1 P:07 SP:F9
F874  60        RTS                             A:FF X:33 Y:C1 P:07 SP:F9
D687  C8        INY                             A:FF X:33 Y:C1 P:07 SP:FB
D688  20 78 F8  JSR todo                        A:FF X:33 Y:C2 P:85 SP:FB
F878  38        SEC                             A:FF X:33 Y:C2 P:85 SP:F9
F879  B8        CLV                             A:FF X:33 Y:C2 P:85 SP:F9
F87A  A9 7F     LDA #$7F                        A:FF X:33 Y:C2 P:85 SP:F9
F87C  60        RTS                             A:7F X:33 Y:C2 P:05 SP:F9
D68B  6D 78 06  ADC todo                        A:7F X:33 Y:C2 P:05 SP:FB
D68E  20 7D F8  JSR todo                        A:00 X:33 Y:C2 P:07 SP:FB
F87D  D0 07     BNE                             A:00 X:33 Y:C2 P:07 SP:F9
F87F  30 05     BMI                             A:00 X:33 Y:C2 P:07 SP:F9
F881  70 03     BVS                             A:00 X:33 Y:C2 P:07 SP:F9
F883  90 01     BCC                             A:00 X:33 Y:C2 P:07 SP:F9
F885  60        RTS                             A:00 X:33 Y:C2 P:07 SP:F9
D691  C8        INY                             A:00 X:33 Y:C2 P:07 SP:FB
D692  A9 40     LDA #$40                        A:00 X:33 Y:C3 P:85 SP:FB
D694  8D 78 06  STA todo                        A:40 X:33 Y:C3 P:05 SP:FB
D697  20 89 F8  JSR todo                        A:40 X:33 Y:C3 P:05 SP:FB
F889  24 01     BIT $01 = 255                   A:40 X:33 Y:C3 P:05 SP:F9
F88B  A9 40     LDA #$40                        A:40 X:33 Y:C3 P:C5 SP:F9
F88D  60        RTS                             A:40 X:33 Y:C3 P:45 SP:F9
D69A  CD 78 06  CMP todo                        A:40 X:33 Y:C3 P:45 SP:FB
D69D  20 8E F8  JSR todo                        A:40 X:33 Y:C3 P:47 SP:FB
F88E  30 07     BMI                             A:40 X:33 Y:C3 P:47 SP:F9
F890  90 05     BCC                             A:40 X:33 Y:C3 P:47 SP:F9
F892  D0 03     BNE                             A:40 X:33 Y:C3 P:47 SP:F9
F894  50 01     BVC                             A:40 X:33 Y:C3 P:47 SP:F9
F896  60        RTS                             A:40 X:33 Y:C3 P:47 SP:F9
D6A0  C8        INY                             A:40 X:33 Y:C3 P:47 SP:FB
D6A1  48        PHA                             A:40 X:33 Y:C4 P:C5 SP:FB
D6A2  A9 3F     LDA #$3F                        A:40 X:33 Y:C4 P:C5 SP:FA
D6A4  8D 78 06  STA todo                        A:3F X:33 Y:C4 P:45 SP:FA
D6A7  68        PLA                             A:3F X:33 Y:C4 P:45 SP:FA
D6A8  20 9A F8  JSR todo                        A:40 X:33 Y:C4 P:45 SP:FB
F89A  B8        CLV                             A:40 X:33 Y:C4 P:45 SP:F9
F89B  60        RTS                             A:40 X:33 Y:C4 P:05 SP:F9
D6AB  CD 78 06  CMP todo                        A:40 X:33 Y:C4 P:05 SP:FB
D6AE  20 9C F8  JSR todo                        A:40 X:33 Y:C4 P:05 SP:FB
F89C  F0 07     BEQ                             A:40 X:33 Y:C4 P:05 SP:F9
F89E  30 05     BMI                             A:40 X:33 Y:C4 P:05 SP:F9
F8A0  90 03     BCC                             A:40 X:33 Y:C4 P:05 SP:F9
F8A2  70 01     BVS                             A:40 X:33 Y:C4 P:05 SP:F9
F8A4  60        RTS                             A:40 X:33 Y:C4 P:05 SP:F9
D6B1  C8        INY                             A:40 X:33 Y:C4 P:05 SP:FB
D6B2  48        PHA                             A:40 X:33 Y:C5 P:85 SP:FB
D6B3  A9 41     LDA #$41                        A:40 X:33 Y:C5 P:85 SP:FA
D6B5  8D 78 06  STA todo                        A:41 X:33 Y:C5 P:05 SP:FA
D6B8  68        PLA                             A:41 X:33 Y:C5 P:05 SP:FA
D6B9  CD 78 06  CMP todo                        A:40 X:33 Y:C5 P:05 SP:FB
D6BC  20 A8 F8  JSR todo                        A:40 X:33 Y:C5 P:84 SP:FB
F8A8  F0 05     BEQ                             A:40 X:33 Y:C5 P:84 SP:F9
F8AA  10 03     BPL                             A:40 X:33 Y:C5 P:84 SP:F9
F8AC  10 01     BPL                             A:40 X:33 Y:C5 P:84 SP:F9
F8AE  60        RTS                             A:40 X:33 Y:C5 P:84 SP:F9
D6BF  C8        INY                             A:40 X:33 Y:C5 P:84 SP:FB
D6C0  48        PHA                             A:40 X:33 Y:C6 P:84 SP:FB
D6C1  A9 00     LDA #$00                        A:40 X:33 Y:C6 P:84 SP:FA
D6C3  8D 78 06  STA todo                        A:00 X:33 Y:C6 P:06 SP:FA
D6C6  68        PLA                             A:00 X:33 Y:C6 P:06 SP:FA
D6C7  20 B2 F8  JSR todo                        A:40 X:33 Y:C6 P:04 SP:FB
F8B2  A9 80     LDA #$80                        A:40 X:33 Y:C6 P:04 SP:F9
F8B4  60        RTS                             A:80 X:33 Y:C6 P:84 SP:F9
D6CA  CD 78 06  CMP todo                        A:80 X:33 Y:C6 P:84 SP:FB
D6CD  20 B5 F8  JSR todo                        A:80 X:33 Y:C6 P:85 SP:FB
F8B5  F0 05     BEQ                             A:80 X:33 Y:C6 P:85 SP:F9
F8B7  10 03     BPL                             A:80 X:33 Y:C6 P:85 SP:F9
F8B9  90 01     BCC                             A:80 X:33 Y:C6 P:85 SP:F9
F8BB  60        RTS                             A:80 X:33 Y:C6 P:85 SP:F9
D6D0  C8        INY                             A:80 X:33 Y:C6 P:85 SP:FB
D6D1  48        PHA                             A:80 X:33 Y:C7 P:85 SP:FB
D6D2  A9 80     LDA #$80                        A:80 X:33 Y:C7 P:85 SP:FA
D6D4  8D 78 06  STA todo                        A:80 X:33 Y:C7 P:85 SP:FA
D6D7  68        PLA                             A:80 X:33 Y:C7 P:85 SP:FA
D6D8  CD 78 06  CMP todo                        A:80 X:33 Y:C7 P:85 SP:FB
D6DB  20 BF F8  JSR todo                        A:80 X:33 Y:C7 P:07 SP:FB
F8BF  D0 05     BNE                             A:80 X:33 Y:C7 P:07 SP:F9
F8C1  30 03     BMI                             A:80 X:33 Y:C7 P:07 SP:F9
F8C3  90 01     BCC                             A:80 X:33 Y:C7 P:07 SP:F9
F8C5  60        RTS                             A:80 X:33 Y:C7 P:07 SP:F9
D6DE  C8        INY                             A:80 X:33 Y:C7 P:07 SP:FB
D6DF  48        PHA                             A:80 X:33 Y:C8 P:85 SP:FB
D6E0  A9 81     LDA #$81                        A:80 X:33 Y:C8 P:85 SP:FA
D6E2  8D 78 06  STA todo                        A:81 X:33 Y:C8 P:85 SP:FA
D6E5  68        PLA                             A:81 X:33 Y:C8 P:85 SP:FA
D6E6  CD 78 06  CMP todo                        A:80 X:33 Y:C8 P:85 SP:FB
D6E9  20 C9 F8  JSR todo                        A:80 X:33 Y:C8 P:84 SP:FB
F8C9  B0 05     BCS                             A:80 X:33 Y:C8 P:84 SP:F9
F8CB  F0 03     BEQ                             A:80 X:33 Y:C8 P:84 SP:F9
F8CD  10 01     BPL                             A:80 X:33 Y:C8 P:84 SP:F9
F8CF  60        RTS                             A:80 X:33 Y:C8 P:84 SP:F9
D6EC  C8        INY                             A:80 X:33 Y:C8 P:84 SP:FB
D6ED  48        PHA                             A:80 X:33 Y:C9 P:84 SP:FB
D6EE  A9 7F     LDA #$7F                        A:80 X:33 Y:C9 P:84 SP:FA
D6F0  8D 78 06  STA todo                        A:7F X:33 Y:C9 P:04 SP:FA
D6F3  68        PLA                             A:7F X:33 Y:C9 P:04 SP:FA
D6F4  CD 78 06  CMP todo                        A:80 X:33 Y:C9 P:84 SP:FB
D6F7  20 D3 F8  JSR todo                        A:80 X:33 Y:C9 P:05 SP:FB
F8D3  90 05     BCC                             A:80 X:33 Y:C9 P:05 SP:F9
F8D5  F0 03     BEQ                             A:80 X:33 Y:C9 P:05 SP:F9
F8D7  30 01     BMI                             A:80 X:33 Y:C9 P:05 SP:F9
F8D9  60        RTS                             A:80 X:33 Y:C9 P:05 SP:F9
D6FA  C8        INY                             A:80 X:33 Y:C9 P:05 SP:FB
D6FB  A9 40     LDA #$40                        A:80 X:33 Y:CA P:85 SP:FB
D6FD  8D 78 06  STA todo                        A:40 X:33 Y:CA P:05 SP:FB
D700  20 31 F9  JSR todo                        A:40 X:33 Y:CA P:05 SP:FB
F931  24 01     BIT $01 = 255                   A:40 X:33 Y:CA P:05 SP:F9
F933  A9 40     LDA #$40                        A:40 X:33 Y:CA P:C5 SP:F9
F935  38        SEC                             A:40 X:33 Y:CA P:45 SP:F9
F936  60        RTS                             A:40 X:33 Y:CA P:45 SP:F9
D703  ED 78 06  SBC todo                        A:40 X:33 Y:CA P:45 SP:FB
D706  20 37 F9  JSR todo                        A:00 X:33 Y:CA P:07 SP:FB
F937  30 0B     BMI                             A:00 X:33 Y:CA P:07 SP:F9
F939  90 09     BCC                             A:00 X:33 Y:CA P:07 SP:F9
F93B  D0 07     BNE                             A:00 X:33 Y:CA P:07 SP:F9
F93D  70 05     BVS                             A:00 X:33 Y:CA P:07 SP:F9
F93F  C9 00     CMP #$00                        A:00 X:33 Y:CA P:07 SP:F9
F941  D0 01     BNE                             A:00 X:33 Y:CA P:07 SP:F9
F943  60        RTS                             A:00 X:33 Y:CA P:07 SP:F9
D709  C8        INY                             A:00 X:33 Y:CA P:07 SP:FB
D70A  A9 3F     LDA #$3F                        A:00 X:33 Y:CB P:85 SP:FB
D70C  8D 78 06  STA todo                        A:3F X:33 Y:CB P:05 SP:FB
D70F  20 47 F9  JSR todo                        A:3F X:33 Y:CB P:05 SP:FB
F947  B8        CLV                             A:3F X:33 Y:CB P:05 SP:F9
F948  38        SEC                             A:3F X:33 Y:CB P:05 SP:F9
F949  A9 40     LDA #$40                        A:3F X:33 Y:CB P:05 SP:F9
F94B  60        RTS                             A:40 X:33 Y:CB P:05 SP:F9
D712  ED 78 06  SBC todo                        A:40 X:33 Y:CB P:05 SP:FB
D715  20 4C F9  JSR todo                        A:01 X:33 Y:CB P:05 SP:FB
F94C  F0 0B     BEQ                             A:01 X:33 Y:CB P:05 SP:F9
F94E  30 09     BMI                             A:01 X:33 Y:CB P:05 SP:F9
F950  90 07     BCC                             A:01 X:33 Y:CB P:05 SP:F9
F952  70 05     BVS                             A:01 X:33 Y:CB P:05 SP:F9
F954  C9 01     CMP #$01                        A:01 X:33 Y:CB P:05 SP:F9
F956  D0 01     BNE                             A:01 X:33 Y:CB P:07 SP:F9
F958  60        RTS                             A:01 X:33 Y:CB P:07 SP:F9
D718  C8        INY                             A:01 X:33 Y:CB P:07 SP:FB
D719  A9 41     LDA #$41                        A:01 X:33 Y:CC P:85 SP:FB
D71B  8D 78 06  STA todo                        A:41 X:33 Y:CC P:05 SP:FB
D71E  20 5C F9  JSR todo                        A:41 X:33 Y:CC P:05 SP:FB
F95C  A9 40     LDA #$40                        A:41 X:33 Y:CC P:05 SP:F9
F95E  38        SEC                             A:40 X:33 Y:CC P:05 SP:F9
F95F  24 01     BIT $01 = 255                   A:40 X:33 Y:CC P:05 SP:F9
F961  60        RTS                             A:40 X:33 Y:CC P:C5 SP:F9
D721  ED 78 06  SBC todo                        A:40 X:33 Y:CC P:C5 SP:FB
D724  20 62 F9  JSR todo                        A:FF X:33 Y:CC P:84 SP:FB
F962  B0 0B     BCS                             A:FF X:33 Y:CC P:84 SP:F9
F964  F0 09     BEQ                             A:FF X:33 Y:CC P:84 SP:F9
F966  10 07     BPL                             A:FF X:33 Y:CC P:84 SP:F9
F968  70 05     BVS                             A:FF X:33 Y:CC P:84 SP:F9
F96A  C9 FF     CMP #$FF                        A:FF X:33 Y:CC P:84 SP:F9
F96C  D0 01     BNE                             A:FF X:33 Y:CC P:07 SP:F9
F96E  60        RTS                             A:FF X:33 Y:CC P:07 SP:F9
D727  C8        INY                             A:FF X:33 Y:CC P:07 SP:FB
D728  A9 00     LDA #$00                        A:FF X:33 Y:CD P:85 SP:FB
D72A  8D 78 06  STA todo                        A:00 X:33 Y:CD P:07 SP:FB
D72D  20 72 F9  JSR todo                        A:00 X:33 Y:CD P:07 SP:FB
F972  18        CLC                             A:00 X:33 Y:CD P:07 SP:F9
F973  A9 80     LDA #$80                        A:00 X:33 Y:CD P:06 SP:F9
F975  60        RTS                             A:80 X:33 Y:CD P:84 SP:F9
D730  ED 78 06  SBC todo                        A:80 X:33 Y:CD P:84 SP:FB
D733  20 76 F9  JSR todo                        A:7F X:33 Y:CD P:45 SP:FB
F976  90 05     BCC                             A:7F X:33 Y:CD P:45 SP:F9
F978  C9 7F     CMP #$7F                        A:7F X:33 Y:CD P:45 SP:F9
F97A  D0 01     BNE                             A:7F X:33 Y:CD P:47 SP:F9
F97C  60        RTS                             A:7F X:33 Y:CD P:47 SP:F9
D736  C8        INY                             A:7F X:33 Y:CD P:47 SP:FB
D737  A9 7F     LDA #$7F                        A:7F X:33 Y:CE P:C5 SP:FB
D739  8D 78 06  STA todo                        A:7F X:33 Y:CE P:45 SP:FB
D73C  20 80 F9  JSR todo                        A:7F X:33 Y:CE P:45 SP:FB
F980  38        SEC                             A:7F X:33 Y:CE P:45 SP:F9
F981  A9 81     LDA #$81                        A:7F X:33 Y:CE P:45 SP:F9
F983  60        RTS                             A:81 X:33 Y:CE P:C5 SP:F9
D73F  ED 78 06  SBC todo                        A:81 X:33 Y:CE P:C5 SP:FB
D742  20 84 F9  JSR todo                        A:02 X:33 Y:CE P:45 SP:FB
F984  50 07     BVC                             A:02 X:33 Y:CE P:45 SP:F9
F986  90 05     BCC                             A:02 X:33 Y:CE P:45 SP:F9
F988  C9 02     CMP #$02                        A:02 X:33 Y:CE P:45 SP:F9
F98A  D0 01     BNE                             A:02 X:33 Y:CE P:47 SP:F9
F98C  60        RTS                             A:02 X:33 Y:CE P:47 SP:F9
D745  C8        INY                             A:02 X:33 Y:CE P:47 SP:FB
D746  A9 40     LDA #$40                        A:02 X:33 Y:CF P:C5 SP:FB
D748  8D 78 06  STA todo                        A:40 X:33 Y:CF P:45 SP:FB
D74B  20 89 F8  JSR todo                        A:40 X:33 Y:CF P:45 SP:FB
F889  24 01     BIT $01 = 255                   A:40 X:33 Y:CF P:45 SP:F9
F88B  A9 40     LDA #$40                        A:40 X:33 Y:CF P:C5 SP:F9
F88D  60        RTS                             A:40 X:33 Y:CF P:45 SP:F9
D74E  AA        TAX                             A:40 X:33 Y:CF P:45 SP:FB
D74F  EC 78 06  CPX todo                        A:40 X:40 Y:CF P:45 SP:FB
D752  20 8E F8  JSR todo                        A:40 X:40 Y:CF P:47 SP:FB
F88E  30 07     BMI                             A:40 X:40 Y:CF P:47 SP:F9
F890  90 05     BCC                             A:40 X:40 Y:CF P:47 SP:F9
F892  D0 03     BNE                             A:40 X:40 Y:CF P:47 SP:F9
F894  50 01     BVC                             A:40 X:40 Y:CF P:47 SP:F9
F896  60        RTS                             A:40 X:40 Y:CF P:47 SP:F9
D755  C8        INY                             A:40 X:40 Y:CF P:47 SP:FB
D756  A9 3F     LDA #$3F                        A:40 X:40 Y:D0 P:C5 SP:FB
D758  8D 78 06  STA todo                        A:3F X:40 Y:D0 P:45 SP:FB
D75B  20 9A F8  JSR todo                        A:3F X:40 Y:D0 P:45 SP:FB
F89A  B8        CLV                             A:3F X:40 Y:D0 P:45 SP:F9
F89B  60        RTS                             A:3F X:40 Y:D0 P:05 SP:F9
D75E  EC 78 06  CPX todo                        A:3F X:40 Y:D0 P:05 SP:FB
D761  20 9C F8  JSR todo                        A:3F X:40 Y:D0 P:05 SP:FB
F89C  F0 07     BEQ                             A:3F X:40 Y:D0 P:05 SP:F9
F89E  30 05     BMI                             A:3F X:40 Y:D0 P:05 SP:F9
F8A0  90 03     BCC                             A:3F X:40 Y:D0 P:05 SP:F9
F8A2  70 01     BVS                             A:3F X:40 Y:D0 P:05 SP:F9
F8A4  60        RTS                             A:3F X:40 Y:D0 P:05 SP:F9
D764  C8        INY                             A:3F X:40 Y:D0 P:05 SP:FB
D765  A9 41     LDA #$41                        A:3F X:40 Y:D1 P:85 SP:FB
D767  8D 78 06  STA todo                        A:41 X:40 Y:D1 P:05 SP:FB
D76A  EC 78 06  CPX todo                        A:41 X:40 Y:D1 P:05 SP:FB
D76D  20 A8 F8  JSR todo                        A:41 X:40 Y:D1 P:84 SP:FB
F8A8  F0 05     BEQ                             A:41 X:40 Y:D1 P:84 SP:F9
F8AA  10 03     BPL                             A:41 X:40 Y:D1 P:84 SP:F9
F8AC  10 01     BPL                             A:41 X:40 Y:D1 P:84 SP:F9
F8AE  60        RTS                             A:41 X:40 Y:D1 P:84 SP:F9
D770  C8        INY                             A:41 X:40 Y:D1 P:84 SP:FB
D771  A9 00     LDA #$00                        A:41 X:40 Y:D2 P:84 SP:FB
D773  8D 78 06  STA todo                        A:00 X:40 Y:D2 P:06 SP:FB
D776  20 B2 F8  JSR todo                        A:00 X:40 Y:D2 P:06 SP:FB
F8B2  A9 80     LDA #$80                        A:00 X:40 Y:D2 P:06 SP:F9
F8B4  60        RTS                             A:80 X:40 Y:D2 P:84 SP:F9
D779  AA        TAX                             A:80 X:40 Y:D2 P:84 SP:FB
D77A  EC 78 06  CPX todo                        A:80 X:80 Y:D2 P:84 SP:FB
D77D  20 B5 F8  JSR todo                        A:80 X:80 Y:D2 P:85 SP:FB
F8B5  F0 05     BEQ                             A:80 X:80 Y:D2 P:85 SP:F9
F8B7  10 03     BPL                             A:80 X:80 Y:D2 P:85 SP:F9
F8B9  90 01     BCC                             A:80 X:80 Y:D2 P:85 SP:F9
F8BB  60        RTS                             A:80 X:80 Y:D2 P:85 SP:F9
D780  C8        INY                             A:80 X:80 Y:D2 P:85 SP:FB
D781  A9 80     LDA #$80                        A:80 X:80 Y:D3 P:85 SP:FB
D783  8D 78 06  STA todo                        A:80 X:80 Y:D3 P:85 SP:FB
D786  EC 78 06  CPX todo                        A:80 X:80 Y:D3 P:85 SP:FB
D789  20 BF F8  JSR todo                        A:80 X:80 Y:D3 P:07 SP:FB
F8BF  D0 05     BNE                             A:80 X:80 Y:D3 P:07 SP:F9
F8C1  30 03     BMI                             A:80 X:80 Y:D3 P:07 SP:F9
F8C3  90 01     BCC                             A:80 X:80 Y:D3 P:07 SP:F9
F8C5  60        RTS                             A:80 X:80 Y:D3 P:07 SP:F9
D78C  C8        INY                             A:80 X:80 Y:D3 P:07 SP:FB
D78D  A9 81     LDA #$81                        A:80 X:80 Y:D4 P:85 SP:FB
D78F  8D 78 06  STA todo                        A:81 X:80 Y:D4 P:85 SP:FB
D792  EC 78 06  CPX todo                        A:81 X:80 Y:D4 P:85 SP:FB
D795  20 C9 F8  JSR todo                        A:81 X:80 Y:D4 P:84 SP:FB
F8C9  B0 05     BCS                             A:81 X:80 Y:D4 P:84 SP:F9
F8CB  F0 03     BEQ                             A:81 X:80 Y:D4 P:84 SP:F9
F8CD  10 01     BPL                             A:81 X:80 Y:D4 P:84 SP:F9
F8CF  60        RTS                             A:81 X:80 Y:D4 P:84 SP:F9
D798  C8        INY                             A:81 X:80 Y:D4 P:84 SP:FB
D799  A9 7F     LDA #$7F                        A:81 X:80 Y:D5 P:84 SP:FB
D79B  8D 78 06  STA todo                        A:7F X:80 Y:D5 P:04 SP:FB
D79E  EC 78 06  CPX todo                        A:7F X:80 Y:D5 P:04 SP:FB
D7A1  20 D3 F8  JSR todo                        A:7F X:80 Y:D5 P:05 SP:FB
F8D3  90 05     BCC                             A:7F X:80 Y:D5 P:05 SP:F9
F8D5  F0 03     BEQ                             A:7F X:80 Y:D5 P:05 SP:F9
F8D7  30 01     BMI                             A:7F X:80 Y:D5 P:05 SP:F9
F8D9  60        RTS                             A:7F X:80 Y:D5 P:05 SP:F9
D7A4  C8        INY                             A:7F X:80 Y:D5 P:05 SP:FB
D7A5  98        TYA                             A:7F X:80 Y:D6 P:85 SP:FB
D7A6  AA        TAX                             A:D6 X:80 Y:D6 P:85 SP:FB
D7A7  A9 40     LDA #$40                        A:D6 X:D6 Y:D6 P:85 SP:FB
D7A9  8D 78 06  STA todo                        A:40 X:D6 Y:D6 P:05 SP:FB
D7AC  20 DD F8  JSR todo                        A:40 X:D6 Y:D6 P:05 SP:FB
F8DD  24 01     BIT $01 = 255                   A:40 X:D6 Y:D6 P:05 SP:F9
F8DF  A0 40     LDY #$40                        A:40 X:D6 Y:D6 P:C5 SP:F9
F8E1  60        RTS                             A:40 X:D6 Y:40 P:45 SP:F9
D7AF  CC 78 06  CPY todo                        A:40 X:D6 Y:40 P:45 SP:FB
D7B2  20 E2 F8  JSR todo                        A:40 X:D6 Y:40 P:47 SP:FB
F8E2  30 07     BMI                             A:40 X:D6 Y:40 P:47 SP:F9
F8E4  90 05     BCC                             A:40 X:D6 Y:40 P:47 SP:F9
F8E6  D0 03     BNE                             A:40 X:D6 Y:40 P:47 SP:F9
F8E8  50 01     BVC                             A:40 X:D6 Y:40 P:47 SP:F9
F8EA  60        RTS                             A:40 X:D6 Y:40 P:47 SP:F9
D7B5  E8        INX                             A:40 X:D6 Y:40 P:47 SP:FB
D7B6  A9 3F     LDA #$3F                        A:40 X:D7 Y:40 P:C5 SP:FB
D7B8  8D 78 06  STA todo                        A:3F X:D7 Y:40 P:45 SP:FB
D7BB  20 EE F8  JSR todo                        A:3F X:D7 Y:40 P:45 SP:FB
F8EE  B8        CLV                             A:3F X:D7 Y:40 P:45 SP:F9
F8EF  60        RTS                             A:3F X:D7 Y:40 P:05 SP:F9
D7BE  CC 78 06  CPY todo                        A:3F X:D7 Y:40 P:05 SP:FB
D7C1  20 F0 F8  JSR todo                        A:3F X:D7 Y:40 P:05 SP:FB
F8F0  F0 07     BEQ                             A:3F X:D7 Y:40 P:05 SP:F9
F8F2  30 05     BMI                             A:3F X:D7 Y:40 P:05 SP:F9
F8F4  90 03     BCC                             A:3F X:D7 Y:40 P:05 SP:F9
F8F6  70 01     BVS                             A:3F X:D7 Y:40 P:05 SP:F9
F8F8  60        RTS                             A:3F X:D7 Y:40 P:05 SP:F9
D7C4  E8        INX                             A:3F X:D7 Y:40 P:05 SP:FB
D7C5  A9 41     LDA #$41                        A:3F X:D8 Y:40 P:85 SP:FB
D7C7  8D 78 06  STA todo                        A:41 X:D8 Y:40 P:05 SP:FB
D7CA  CC 78 06  CPY todo                        A:41 X:D8 Y:40 P:05 SP:FB
D7CD  20 FC F8  JSR todo                        A:41 X:D8 Y:40 P:84 SP:FB
F8FC  F0 05     BEQ                             A:41 X:D8 Y:40 P:84 SP:F9
F8FE  10 03     BPL                             A:41 X:D8 Y:40 P:84 SP:F9
F900  10 01     BPL                             A:41 X:D8 Y:40 P:84 SP:F9
F902  60        RTS                             A:41 X:D8 Y:40 P:84 SP:F9
D7D0  E8        INX                             A:41 X:D8 Y:40 P:84 SP:FB
D7D1  A9 00     LDA #$00                        A:41 X:D9 Y:40 P:84 SP:FB
D7D3  8D 78 06  STA todo                        A:00 X:D9 Y:40 P:06 SP:FB
D7D6  20 06 F9  JSR todo                        A:00 X:D9 Y:40 P:06 SP:FB
F906  A0 80     LDY #$80                        A:00 X:D9 Y:40 P:06 SP:F9
F908  60        RTS                             A:00 X:D9 Y:80 P:84 SP:F9
D7D9  CC 78 06  CPY todo                        A:00 X:D9 Y:80 P:84 SP:FB
D7DC  20 09 F9  JSR todo                        A:00 X:D9 Y:80 P:85 SP:FB
F909  F0 05     BEQ                             A:00 X:D9 Y:80 P:85 SP:F9
F90B  10 03     BPL                             A:00 X:D9 Y:80 P:85 SP:F9
F90D  90 01     BCC                             A:00 X:D9 Y:80 P:85 SP:F9
F90F  60        RTS                             A:00 X:D9 Y:80 P:85 SP:F9
D7DF  E8        INX                             A:00 X:D9 Y:80 P:85 SP:FB
D7E0  A9 80     LDA #$80                        A:00 X:DA Y:80 P:85 SP:FB
D7E2  8D 78 06  STA todo                        A:80 X:DA Y:80 P:85 SP:FB
D7E5  CC 78 06  CPY todo                        A:80 X:DA Y:80 P:85 SP:FB
D7E8  20 13 F9  JSR todo                        A:80 X:DA Y:80 P:07 SP:FB
F913  D0 05     BNE                             A:80 X:DA Y:80 P:07 SP:F9
F915  30 03     BMI                             A:80 X:DA Y:80 P:07 SP:F9
F917  90 01     BCC                             A:80 X:DA Y:80 P:07 SP:F9
F919  60        RTS                             A:80 X:DA Y:80 P:07 SP:F9
D7EB  E8        INX                             A:80 X:DA Y:80 P:07 SP:FB
D7EC  A9 81     LDA #$81                        A:80 X:DB Y:80 P:85 SP:FB
D7EE  8D 78 06  STA todo                        A:81 X:DB Y:80 P:85 SP:FB
D7F1  CC 78 06  CPY todo                        A:81 X:DB Y:80 P:85 SP:FB
D7F4  20 1D F9  JSR todo                        A:81 X:DB Y:80 P:84 SP:FB
F91D  B0 05     BCS                             A:81 X:DB Y:80 P:84 SP:F9
F91F  F0 03     BEQ                             A:81 X:DB Y:80 P:84 SP:F9
F921  10 01     BPL                             A:81 X:DB Y:80 P:84 SP:F9
F923  60        RTS                             A:81 X:DB Y:80 P:84 SP:F9
D7F7  E8        INX                             A:81 X:DB Y:80 P:84 SP:FB
D7F8  A9 7F     LDA #$7F                        A:81 X:DC Y:80 P:84 SP:FB
D7FA  8D 78 06  STA todo                        A:7F X:DC Y:80 P:04 SP:FB
D7FD  CC 78 06  CPY todo                        A:7F X:DC Y:80 P:04 SP:FB
D800  20 27 F9  JSR todo                        A:7F X:DC Y:80 P:05 SP:FB
F927  90 05     BCC                             A:7F X:DC Y:80 P:05 SP:F9
F929  F0 03     BEQ                             A:7F X:DC Y:80 P:05 SP:F9
F92B  30 01     BMI                             A:7F X:DC Y:80 P:05 SP:F9
F92D  60        RTS                             A:7F X:DC Y:80 P:05 SP:F9
D803  E8        INX                             A:7F X:DC Y:80 P:05 SP:FB
D804  8A        TXA                             A:7F X:DD Y:80 P:85 SP:FB
D805  A8        TAY                             A:DD X:DD Y:80 P:85 SP:FB
D806  20 90 F9  JSR todo                        A:DD X:DD Y:DD P:85 SP:FB
F990  A2 55     LDX #$55                        A:DD X:DD Y:DD P:85 SP:F9
F992  A9 FF     LDA #$FF                        A:DD X:55 Y:DD P:05 SP:F9
F994  85 01     STA $01 = 255                   A:FF X:55 Y:DD P:85 SP:F9
F996  EA        NOP                             A:FF X:55 Y:DD P:85 SP:F9
F997  24 01     BIT $01 = 255                   A:FF X:55 Y:DD P:85 SP:F9
F999  38        SEC                             A:FF X:55 Y:DD P:C5 SP:F9
F99A  A9 01     LDA #$01                        A:FF X:55 Y:DD P:C5 SP:F9
F99C  60        RTS                             A:01 X:55 Y:DD P:45 SP:F9
D809  8D 78 06  STA todo                        A:01 X:55 Y:DD P:45 SP:FB
D80C  4E 78 06  LSR todo                        A:01 X:55 Y:DD P:45 SP:FB
D80F  AD 78 06  LDA todo                        A:01 X:55 Y:DD P:47 SP:FB
D812  20 9D F9  JSR todo                        A:00 X:55 Y:DD P:47 SP:FB
F99D  90 1B     BCC                             A:00 X:55 Y:DD P:47 SP:F9
F99F  D0 19     BNE                             A:00 X:55 Y:DD P:47 SP:F9
F9A1  30 17     BMI                             A:00 X:55 Y:DD P:47 SP:F9
F9A3  50 15     BVC                             A:00 X:55 Y:DD P:47 SP:F9
F9A5  C9 00     CMP #$00                        A:00 X:55 Y:DD P:47 SP:F9
F9A7  D0 11     BNE                             A:00 X:55 Y:DD P:47 SP:F9
F9A9  B8        CLV                             A:00 X:55 Y:DD P:47 SP:F9
F9AA  A9 AA     LDA #$AA                        A:00 X:55 Y:DD P:07 SP:F9
F9AC  60        RTS                             A:AA X:55 Y:DD P:85 SP:F9
D815  C8        INY                             A:AA X:55 Y:DD P:85 SP:FB
D816  8D 78 06  STA todo                        A:AA X:55 Y:DE P:85 SP:FB
D819  4E 78 06  LSR todo                        A:AA X:55 Y:DE P:85 SP:FB
D81C  AD 78 06  LDA todo                        A:AA X:55 Y:DE P:04 SP:FB
D81F  20 AD F9  JSR todo                        A:55 X:55 Y:DE P:04 SP:FB
F9AD  B0 0B     BCS                             A:55 X:55 Y:DE P:04 SP:F9
F9AF  F0 09     BEQ                             A:55 X:55 Y:DE P:04 SP:F9
F9B1  30 07     BMI                             A:55 X:55 Y:DE P:04 SP:F9
F9B3  70 05     BVS                             A:55 X:55 Y:DE P:04 SP:F9
F9B5  C9 55     CMP #$55                        A:55 X:55 Y:DE P:04 SP:F9
F9B7  D0 01     BNE                             A:55 X:55 Y:DE P:07 SP:F9
F9B9  60        RTS                             A:55 X:55 Y:DE P:07 SP:F9
D822  C8        INY                             A:55 X:55 Y:DE P:07 SP:FB
D823  20 BD F9  JSR todo                        A:55 X:55 Y:DF P:85 SP:FB
F9BD  24 01     BIT $01 = 255                   A:55 X:55 Y:DF P:85 SP:F9
F9BF  38        SEC                             A:55 X:55 Y:DF P:C5 SP:F9
F9C0  A9 80     LDA #$80                        A:55 X:55 Y:DF P:C5 SP:F9
F9C2  60        RTS                             A:80 X:55 Y:DF P:C5 SP:F9
D826  8D 78 06  STA todo                        A:80 X:55 Y:DF P:C5 SP:FB
D829  0E 78 06  ASL todo                        A:80 X:55 Y:DF P:C5 SP:FB
D82C  AD 78 06  LDA todo                        A:80 X:55 Y:DF P:47 SP:FB
D82F  20 C3 F9  JSR todo                        A:00 X:55 Y:DF P:47 SP:FB
F9C3  90 1C     BCC                             A:00 X:55 Y:DF P:47 SP:F9
F9C5  D0 1A     BNE                             A:00 X:55 Y:DF P:47 SP:F9
F9C7  30 18     BMI                             A:00 X:55 Y:DF P:47 SP:F9
F9C9  50 16     BVC                             A:00 X:55 Y:DF P:47 SP:F9
F9CB  C9 00     CMP #$00                        A:00 X:55 Y:DF P:47 SP:F9
F9CD  D0 12     BNE                             A:00 X:55 Y:DF P:47 SP:F9
F9CF  B8        CLV                             A:00 X:55 Y:DF P:47 SP:F9
F9D0  A9 55     LDA #$55                        A:00 X:55 Y:DF P:07 SP:F9
F9D2  38        SEC                             A:55 X:55 Y:DF P:05 SP:F9
F9D3  60        RTS                             A:55 X:55 Y:DF P:05 SP:F9
D832  C8        INY                             A:55 X:55 Y:DF P:05 SP:FB
D833  8D 78 06  STA todo                        A:55 X:55 Y:E0 P:85 SP:FB
D836  0E 78 06  ASL todo                        A:55 X:55 Y:E0 P:85 SP:FB
D839  AD 78 06  LDA todo                        A:55 X:55 Y:E0 P:84 SP:FB
D83C  20 D4 F9  JSR todo                        A:AA X:55 Y:E0 P:84 SP:FB
F9D4  B0 0B     BCS                             A:AA X:55 Y:E0 P:84 SP:F9
F9D6  F0 09     BEQ                             A:AA X:55 Y:E0 P:84 SP:F9
F9D8  10 07     BPL                             A:AA X:55 Y:E0 P:84 SP:F9
F9DA  70 05     BVS                             A:AA X:55 Y:E0 P:84 SP:F9
F9DC  C9 AA     CMP #$AA                        A:AA X:55 Y:E0 P:84 SP:F9
F9DE  D0 01     BNE                             A:AA X:55 Y:E0 P:07 SP:F9
F9E0  60        RTS                             A:AA X:55 Y:E0 P:07 SP:F9
D83F  C8        INY                             A:AA X:55 Y:E0 P:07 SP:FB
D840  20 E4 F9  JSR todo                        A:AA X:55 Y:E1 P:85 SP:FB
F9E4  24 01     BIT $01 = 255                   A:AA X:55 Y:E1 P:85 SP:F9
F9E6  38        SEC                             A:AA X:55 Y:E1 P:C5 SP:F9
F9E7  A9 01     LDA #$01                        A:AA X:55 Y:E1 P:C5 SP:F9
F9E9  60        RTS                             A:01 X:55 Y:E1 P:45 SP:F9
D843  8D 78 06  STA todo                        A:01 X:55 Y:E1 P:45 SP:FB
D846  6E 78 06  ROR todo                        A:01 X:55 Y:E1 P:45 SP:FB
D849  AD 78 06  LDA todo                        A:01 X:55 Y:E1 P:C5 SP:FB
D84C  20 EA F9  JSR todo                        A:80 X:55 Y:E1 P:C5 SP:FB
F9EA  90 1C     BCC                             A:80 X:55 Y:E1 P:C5 SP:F9
F9EC  F0 1A     BEQ                             A:80 X:55 Y:E1 P:C5 SP:F9
F9EE  10 18     BPL                             A:80 X:55 Y:E1 P:C5 SP:F9
F9F0  50 16     BVC                             A:80 X:55 Y:E1 P:C5 SP:F9
F9F2  C9 80     CMP #$80                        A:80 X:55 Y:E1 P:C5 SP:F9
F9F4  D0 12     BNE                             A:80 X:55 Y:E1 P:47 SP:F9
F9F6  B8        CLV                             A:80 X:55 Y:E1 P:47 SP:F9
F9F7  18        CLC                             A:80 X:55 Y:E1 P:07 SP:F9
F9F8  A9 55     LDA #$55                        A:80 X:55 Y:E1 P:06 SP:F9
F9FA  60        RTS                             A:55 X:55 Y:E1 P:04 SP:F9
D84F  C8        INY                             A:55 X:55 Y:E1 P:04 SP:FB
D850  8D 78 06  STA todo                        A:55 X:55 Y:E2 P:84 SP:FB
D853  6E 78 06  ROR todo                        A:55 X:55 Y:E2 P:84 SP:FB
D856  AD 78 06  LDA todo                        A:55 X:55 Y:E2 P:05 SP:FB
D859  20 FB F9  JSR todo                        A:2A X:55 Y:E2 P:05 SP:FB
F9FB  90 0B     BCC                             A:2A X:55 Y:E2 P:05 SP:F9
F9FD  F0 09     BEQ                             A:2A X:55 Y:E2 P:05 SP:F9
F9FF  30 07     BMI                             A:2A X:55 Y:E2 P:05 SP:F9
FA01  70 05     BVS                             A:2A X:55 Y:E2 P:05 SP:F9
FA03  C9 2A     CMP #$2A                        A:2A X:55 Y:E2 P:05 SP:F9
FA05  D0 01     BNE                             A:2A X:55 Y:E2 P:07 SP:F9
FA07  60        RTS                             A:2A X:55 Y:E2 P:07 SP:F9
D85C  C8        INY                             A:2A X:55 Y:E2 P:07 SP:FB
D85D  20 0A FA  JSR todo                        A:2A X:55 Y:E3 P:85 SP:FB
FA0A  24 01     BIT $01 = 255                   A:2A X:55 Y:E3 P:85 SP:F9
FA0C  38        SEC                             A:2A X:55 Y:E3 P:C5 SP:F9
FA0D  A9 80     LDA #$80                        A:2A X:55 Y:E3 P:C5 SP:F9
FA0F  60        RTS                             A:80 X:55 Y:E3 P:C5 SP:F9
D860  8D 78 06  STA todo                        A:80 X:55 Y:E3 P:C5 SP:FB
D863  2E 78 06  ROL todo                        A:80 X:55 Y:E3 P:C5 SP:FB
D866  AD 78 06  LDA todo                        A:80 X:55 Y:E3 P:45 SP:FB
D869  20 10 FA  JSR todo                        A:01 X:55 Y:E3 P:45 SP:FB
FA10  90 1C     BCC                             A:01 X:55 Y:E3 P:45 SP:F9
FA12  F0 1A     BEQ                             A:01 X:55 Y:E3 P:45 SP:F9
FA14  30 18     BMI                             A:01 X:55 Y:E3 P:45 SP:F9
FA16  50 16     BVC                             A:01 X:55 Y:E3 P:45 SP:F9
FA18  C9 01     CMP #$01                        A:01 X:55 Y:E3 P:45 SP:F9
FA1A  D0 12     BNE                             A:01 X:55 Y:E3 P:47 SP:F9
FA1C  B8        CLV                             A:01 X:55 Y:E3 P:47 SP:F9
FA1D  18        CLC                             A:01 X:55 Y:E3 P:07 SP:F9
FA1E  A9 55     LDA #$55                        A:01 X:55 Y:E3 P:06 SP:F9
FA20  60        RTS                             A:55 X:55 Y:E3 P:04 SP:F9
D86C  C8        INY                             A:55 X:55 Y:E3 P:04 SP:FB
D86D  8D 78 06  STA todo                        A:55 X:55 Y:E4 P:84 SP:FB
D870  2E 78 06  ROL todo                        A:55 X:55 Y:E4 P:84 SP:FB
D873  AD 78 06  LDA todo                        A:55 X:55 Y:E4 P:84 SP:FB
D876  20 21 FA  JSR todo                        A:AA X:55 Y:E4 P:84 SP:FB
FA21  B0 0B     BCS                             A:AA X:55 Y:E4 P:84 SP:F9
FA23  F0 09     BEQ                             A:AA X:55 Y:E4 P:84 SP:F9
FA25  10 07     BPL                             A:AA X:55 Y:E4 P:84 SP:F9
FA27  70 05     BVS                             A:AA X:55 Y:E4 P:84 SP:F9
FA29  C9 AA     CMP #$AA                        A:AA X:55 Y:E4 P:84 SP:F9
FA2B  D0 01     BNE                             A:AA X:55 Y:E4 P:07 SP:F9
FA2D  60        RTS                             A:AA X:55 Y:E4 P:07 SP:F9
D879  A9 FF     LDA #$FF                        A:AA X:55 Y:E4 P:07 SP:FB
D87B  8D 78 06  STA todo                        A:FF X:55 Y:E4 P:85 SP:FB
D87E  85 01     STA $01 = 255                   A:FF X:55 Y:E4 P:85 SP:FB
D880  24 01     BIT $01 = 255                   A:FF X:55 Y:E4 P:85 SP:FB
D882  38        SEC                             A:FF X:55 Y:E4 P:C5 SP:FB
D883  EE 78 06  INC todo                        A:FF X:55 Y:E4 P:C5 SP:FB
D886  D0 0D     BNE                             A:FF X:55 Y:E4 P:47 SP:FB
D888  30 0B     BMI                             A:FF X:55 Y:E4 P:47 SP:FB
D88A  50 09     BVC                             A:FF X:55 Y:E4 P:47 SP:FB
D88C  90 07     BCC                             A:FF X:55 Y:E4 P:47 SP:FB
D88E  AD 78 06  LDA todo                        A:FF X:55 Y:E4 P:47 SP:FB
D891  C9 00     CMP #$00                        A:00 X:55 Y:E4 P:47 SP:FB
D893  F0 04     BEQ                             A:00 X:55 Y:E4 P:47 SP:FB
D899  A9 7F     LDA #$7F                        A:00 X:55 Y:E4 P:47 SP:FB
D89B  8D 78 06  STA todo                        A:7F X:55 Y:E4 P:45 SP:FB
D89E  B8        CLV                             A:7F X:55 Y:E4 P:45 SP:FB
D89F  18        CLC                             A:7F X:55 Y:E4 P:05 SP:FB
D8A0  EE 78 06  INC todo                        A:7F X:55 Y:E4 P:04 SP:FB
D8A3  F0 0D     BEQ                             A:7F X:55 Y:E4 P:84 SP:FB
D8A5  10 0B     BPL                             A:7F X:55 Y:E4 P:84 SP:FB
D8A7  70 09     BVS                             A:7F X:55 Y:E4 P:84 SP:FB
D8A9  B0 07     BCS                             A:7F X:55 Y:E4 P:84 SP:FB
D8AB  AD 78 06  LDA todo                        A:7F X:55 Y:E4 P:84 SP:FB
D8AE  C9 80     CMP #$80                        A:80 X:55 Y:E4 P:84 SP:FB
D8B0  F0 04     BEQ                             A:80 X:55 Y:E4 P:07 SP:FB
D8B6  A9 00     LDA #$00                        A:80 X:55 Y:E4 P:07 SP:FB
D8B8  8D 78 06  STA todo                        A:00 X:55 Y:E4 P:07 SP:FB
D8BB  24 01     BIT $01 = 255                   A:00 X:55 Y:E4 P:07 SP:FB
D8BD  38        SEC                             A:00 X:55 Y:E4 P:C7 SP:FB
D8BE  CE 78 06  DEC todo                        A:00 X:55 Y:E4 P:C7 SP:FB
D8C1  F0 0D     BEQ                             A:00 X:55 Y:E4 P:C5 SP:FB
D8C3  10 0B     BPL                             A:00 X:55 Y:E4 P:C5 SP:FB
D8C5  50 09     BVC                             A:00 X:55 Y:E4 P:C5 SP:FB
D8C7  90 07     BCC                             A:00 X:55 Y:E4 P:C5 SP:FB
D8C9  AD 78 06  LDA todo                        A:00 X:55 Y:E4 P:C5 SP:FB
D8CC  C9 FF     CMP #$FF                        A:FF X:55 Y:E4 P:C5 SP:FB
D8CE  F0 04     BEQ                             A:FF X:55 Y:E4 P:47 SP:FB
D8D4  A9 80     LDA #$80                        A:FF X:55 Y:E4 P:47 SP:FB
D8D6  8D 78 06  STA todo                        A:80 X:55 Y:E4 P:C5 SP:FB
D8D9  B8        CLV                             A:80 X:55 Y:E4 P:C5 SP:FB
D8DA  18        CLC                             A:80 X:55 Y:E4 P:85 SP:FB
D8DB  CE 78 06  DEC todo                        A:80 X:55 Y:E4 P:84 SP:FB
D8DE  F0 0D     BEQ                             A:80 X:55 Y:E4 P:04 SP:FB
D8E0  30 0B     BMI                             A:80 X:55 Y:E4 P:04 SP:FB
D8E2  70 09     BVS                             A:80 X:55 Y:E4 P:04 SP:FB
D8E4  B0 07     BCS                             A:80 X:55 Y:E4 P:04 SP:FB
D8E6  AD 78 06  LDA todo                        A:80 X:55 Y:E4 P:04 SP:FB
D8E9  C9 7F     CMP #$7F                        A:7F X:55 Y:E4 P:04 SP:FB
D8EB  F0 04     BEQ                             A:7F X:55 Y:E4 P:07 SP:FB
D8F1  A9 01     LDA #$01                        A:7F X:55 Y:E4 P:07 SP:FB
D8F3  8D 78 06  STA todo                        A:01 X:55 Y:E4 P:05 SP:FB
D8F6  CE 78 06  DEC todo                        A:01 X:55 Y:E4 P:05 SP:FB
D8F9  F0 04     BEQ                             A:01 X:55 Y:E4 P:07 SP:FB
D8FF  60        RTS                             A:01 X:55 Y:E4 P:07 SP:FB
8618  20 00 D9  JSR todo                        A:01 X:55 Y:E4 P:07 SP:FD
D900  A9 A3     LDA #$A3                        A:01 X:55 Y:E4 P:07 SP:FB
D902  85 33     STA $33 = 0                     A:A3 X:55 Y:E4 P:85 SP:FB
D904  A9 89     LDA #$89                        A:A3 X:55 Y:E4 P:85 SP:FB
D906  8D 00 03  STA todo                        A:89 X:55 Y:E4 P:85 SP:FB
D909  A9 12     LDA #$12                        A:89 X:55 Y:E4 P:85 SP:FB
D90B  8D 45 02  STA todo                        A:12 X:55 Y:E4 P:05 SP:FB
D90E  A9 FF     LDA #$FF                        A:12 X:55 Y:E4 P:05 SP:FB
D910  85 01     STA $01 = 255                   A:FF X:55 Y:E4 P:85 SP:FB
D912  A2 65     LDX #$65                        A:FF X:55 Y:E4 P:85 SP:FB
D914  A9 00     LDA #$00                        A:FF X:65 Y:E4 P:05 SP:FB
D916  85 89     STA $89 = 0                     A:00 X:65 Y:E4 P:07 SP:FB
D918  A9 03     LDA #$03                        A:00 X:65 Y:E4 P:07 SP:FB
D91A  85 8A     STA $8A = 0                     A:03 X:65 Y:E4 P:05 SP:FB
D91C  A0 00     LDY #$00                        A:03 X:65 Y:E4 P:05 SP:FB
D91E  38        SEC                             A:03 X:65 Y:00 P:07 SP:FB
D91F  A9 00     LDA #$00                        A:03 X:65 Y:00 P:07 SP:FB
D921  B8        CLV                             A:00 X:65 Y:00 P:07 SP:FB
D922  B1 89     LDA ($89),Y = 0300 @ 0300 = 89  A:00 X:65 Y:00 P:07 SP:FB
D924  F0 0C     BEQ                             A:89 X:65 Y:00 P:85 SP:FB
D926  90 0A     BCC                             A:89 X:65 Y:00 P:85 SP:FB
D928  70 08     BVS                             A:89 X:65 Y:00 P:85 SP:FB
D92A  C9 89     CMP #$89                        A:89 X:65 Y:00 P:85 SP:FB
D92C  D0 04     BNE                             A:89 X:65 Y:00 P:07 SP:FB
D92E  E0 65     CPX #$65                        A:89 X:65 Y:00 P:07 SP:FB
D930  F0 04     BEQ                             A:89 X:65 Y:00 P:07 SP:FB
D936  A9 FF     LDA #$FF                        A:89 X:65 Y:00 P:07 SP:FB
D938  85 97     STA $97 = 0                     A:FF X:65 Y:00 P:85 SP:FB
D93A  85 98     STA $98 = 0                     A:FF X:65 Y:00 P:85 SP:FB
D93C  24 98     BIT $98 = 255                   A:FF X:65 Y:00 P:85 SP:FB
D93E  A0 34     LDY #$34                        A:FF X:65 Y:00 P:C5 SP:FB
D940  B1 97     LDA ($97),Y = 0033 @ 0033 = A3  A:FF X:65 Y:34 P:45 SP:FB
D942  C9 A3     CMP #$A3                        A:A3 X:65 Y:34 P:C5 SP:FB
D944  D0 02     BNE                             A:A3 X:65 Y:34 P:47 SP:FB
D946  B0 04     BCS                             A:A3 X:65 Y:34 P:47 SP:FB
D94C  A5 00     LDA $00 = 0                     A:A3 X:65 Y:34 P:47 SP:FB
D94E  48        PHA                             A:00 X:65 Y:34 P:47 SP:FB
D94F  A9 46     LDA #$46                        A:00 X:65 Y:34 P:47 SP:FA
D951  85 FF     STA $FF = 0                     A:46 X:65 Y:34 P:45 SP:FA
D953  A9 01     LDA #$01                        A:46 X:65 Y:34 P:45 SP:FA
D955  85 00     STA $00 = 0                     A:01 X:65 Y:34 P:45 SP:FA
D957  A0 FF     LDY #$FF                        A:01 X:65 Y:34 P:45 SP:FA
D959  B1 FF     LDA ($FF),Y = 0145 @ 0145 = 00  A:01 X:65 Y:FF P:C5 SP:FA
D95B  C9 12     CMP #$12                        A:12 X:65 Y:FF P:45 SP:FA
D95D  F0 04     BEQ                             A:12 X:65 Y:FF P:47 SP:FA
D963  68        PLA                             A:12 X:65 Y:FF P:47 SP:FA
D964  85 00     STA $00 = 1                     A:00 X:65 Y:FF P:47 SP:FB
D966  A2 ED     LDX #$ED                        A:00 X:65 Y:FF P:47 SP:FB
D968  A9 00     LDA #$00                        A:00 X:ED Y:FF P:C5 SP:FB
D96A  85 33     STA $33 = 163                   A:00 X:ED Y:FF P:47 SP:FB
D96C  A9 04     LDA #$04                        A:00 X:ED Y:FF P:47 SP:FB
D96E  85 34     STA $34 = 0                     A:04 X:ED Y:FF P:45 SP:FB
D970  A0 00     LDY #$00                        A:04 X:ED Y:FF P:45 SP:FB
D972  18        CLC                             A:04 X:ED Y:00 P:47 SP:FB
D973  A9 FF     LDA #$FF                        A:04 X:ED Y:00 P:46 SP:FB
D975  85 01     STA $01 = 255                   A:FF X:ED Y:00 P:C4 SP:FB
D977  24 01     BIT $01 = 255                   A:FF X:ED Y:00 P:C4 SP:FB
D979  A9 AA     LDA #$AA                        A:FF X:ED Y:00 P:C4 SP:FB
D97B  8D 00 04  STA todo                        A:AA X:ED Y:00 P:C4 SP:FB
D97E  A9 55     LDA #$55                        A:AA X:ED Y:00 P:C4 SP:FB
D980  11 33     ORA ($33),Y = 0400 @ 0400 = AA  A:55 X:ED Y:00 P:44 SP:FB
D982  B0 08     BCS                             A:FF X:ED Y:00 P:C4 SP:FB
D984  10 06     BPL                             A:FF X:ED Y:00 P:C4 SP:FB
D986  C9 FF     CMP #$FF                        A:FF X:ED Y:00 P:C4 SP:FB
D988  D0 02     BNE                             A:FF X:ED Y:00 P:47 SP:FB
D98A  70 02     BVS                             A:FF X:ED Y:00 P:47 SP:FB
D98E  E8        INX                             A:FF X:ED Y:00 P:47 SP:FB
D98F  38        SEC                             A:FF X:EE Y:00 P:C5 SP:FB
D990  B8        CLV                             A:FF X:EE Y:00 P:C5 SP:FB
D991  A9 00     LDA #$00                        A:FF X:EE Y:00 P:85 SP:FB
D993  11 33     ORA ($33),Y = 0400 @ 0400 = AA  A:00 X:EE Y:00 P:07 SP:FB
D995  F0 06     BEQ                             A:AA X:EE Y:00 P:85 SP:FB
D997  70 04     BVS                             A:AA X:EE Y:00 P:85 SP:FB
D999  90 02     BCC                             A:AA X:EE Y:00 P:85 SP:FB
D99B  30 02     BMI                             A:AA X:EE Y:00 P:85 SP:FB
D99F  E8        INX                             A:AA X:EE Y:00 P:85 SP:FB
D9A0  18        CLC                             A:AA X:EF Y:00 P:85 SP:FB
D9A1  24 01     BIT $01 = 255                   A:AA X:EF Y:00 P:84 SP:FB
D9A3  A9 55     LDA #$55                        A:AA X:EF Y:00 P:C4 SP:FB
D9A5  31 33     AND ($33),Y = 0400 @ 0400 = AA  A:55 X:EF Y:00 P:44 SP:FB
D9A7  D0 06     BNE                             A:00 X:EF Y:00 P:46 SP:FB
D9A9  50 04     BVC                             A:00 X:EF Y:00 P:46 SP:FB
D9AB  B0 02     BCS                             A:00 X:EF Y:00 P:46 SP:FB
D9AD  10 02     BPL                             A:00 X:EF Y:00 P:46 SP:FB
D9B1  E8        INX                             A:00 X:EF Y:00 P:46 SP:FB
D9B2  38        SEC                             A:00 X:F0 Y:00 P:C4 SP:FB
D9B3  B8        CLV                             A:00 X:F0 Y:00 P:C5 SP:FB
D9B4  A9 EF     LDA #$EF                        A:00 X:F0 Y:00 P:85 SP:FB
D9B6  8D 00 04  STA todo                        A:EF X:F0 Y:00 P:85 SP:FB
D9B9  A9 F8     LDA #$F8                        A:EF X:F0 Y:00 P:85 SP:FB
D9BB  31 33     AND ($33),Y = 0400 @ 0400 = EF  A:F8 X:F0 Y:00 P:85 SP:FB
D9BD  90 08     BCC                             A:E8 X:F0 Y:00 P:85 SP:FB
D9BF  10 06     BPL                             A:E8 X:F0 Y:00 P:85 SP:FB
D9C1  C9 E8     CMP #$E8                        A:E8 X:F0 Y:00 P:85 SP:FB
D9C3  D0 02     BNE                             A:E8 X:F0 Y:00 P:07 SP:FB
D9C5  50 02     BVC                             A:E8 X:F0 Y:00 P:07 SP:FB
D9C9  E8        INX                             A:E8 X:F0 Y:00 P:07 SP:FB
D9CA  18        CLC                             A:E8 X:F1 Y:00 P:85 SP:FB
D9CB  24 01     BIT $01 = 255                   A:E8 X:F1 Y:00 P:84 SP:FB
D9CD  A9 AA     LDA #$AA                        A:E8 X:F1 Y:00 P:C4 SP:FB
D9CF  8D 00 04  STA todo                        A:AA X:F1 Y:00 P:C4 SP:FB
D9D2  A9 5F     LDA #$5F                        A:AA X:F1 Y:00 P:C4 SP:FB
D9D4  51 33     EOR ($33),Y = 0400 @ 0400 = AA  A:5F X:F1 Y:00 P:44 SP:FB
D9D6  B0 08     BCS                             A:F5 X:F1 Y:00 P:C4 SP:FB
D9D8  10 06     BPL                             A:F5 X:F1 Y:00 P:C4 SP:FB
D9DA  C9 F5     CMP #$F5                        A:F5 X:F1 Y:00 P:C4 SP:FB
D9DC  D0 02     BNE                             A:F5 X:F1 Y:00 P:47 SP:FB
D9DE  70 02     BVS                             A:F5 X:F1 Y:00 P:47 SP:FB
D9E2  E8        INX                             A:F5 X:F1 Y:00 P:47 SP:FB
D9E3  38        SEC                             A:F5 X:F2 Y:00 P:C5 SP:FB
D9E4  B8        CLV                             A:F5 X:F2 Y:00 P:C5 SP:FB
D9E5  A9 70     LDA #$70                        A:F5 X:F2 Y:00 P:85 SP:FB
D9E7  8D 00 04  STA todo                        A:70 X:F2 Y:00 P:05 SP:FB
D9EA  51 33     EOR ($33),Y = 0400 @ 0400 = 70  A:70 X:F2 Y:00 P:05 SP:FB
D9EC  D0 06     BNE                             A:00 X:F2 Y:00 P:07 SP:FB
D9EE  70 04     BVS                             A:00 X:F2 Y:00 P:07 SP:FB
D9F0  90 02     BCC                             A:00 X:F2 Y:00 P:07 SP:FB
D9F2  10 02     BPL                             A:00 X:F2 Y:00 P:07 SP:FB
D9F6  E8        INX                             A:00 X:F2 Y:00 P:07 SP:FB
D9F7  18        CLC                             A:00 X:F3 Y:00 P:85 SP:FB
D9F8  24 01     BIT $01 = 255                   A:00 X:F3 Y:00 P:84 SP:FB
D9FA  A9 69     LDA #$69                        A:00 X:F3 Y:00 P:C6 SP:FB
D9FC  8D 00 04  STA todo                        A:69 X:F3 Y:00 P:44 SP:FB
D9FF  A9 00     LDA #$00                        A:69 X:F3 Y:00 P:44 SP:FB
DA01  71 33     ADC ($33),Y = 0400 @ 0400 = 69  A:00 X:F3 Y:00 P:46 SP:FB
DA03  30 08     BMI                             A:69 X:F3 Y:00 P:04 SP:FB
DA05  B0 06     BCS                             A:69 X:F3 Y:00 P:04 SP:FB
DA07  C9 69     CMP #$69                        A:69 X:F3 Y:00 P:04 SP:FB
DA09  D0 02     BNE                             A:69 X:F3 Y:00 P:07 SP:FB
DA0B  50 02     BVC                             A:69 X:F3 Y:00 P:07 SP:FB
DA0F  E8        INX                             A:69 X:F3 Y:00 P:07 SP:FB
DA10  38        SEC                             A:69 X:F4 Y:00 P:85 SP:FB
DA11  24 01     BIT $01 = 255                   A:69 X:F4 Y:00 P:85 SP:FB
DA13  A9 00     LDA #$00                        A:69 X:F4 Y:00 P:C5 SP:FB
DA15  71 33     ADC ($33),Y = 0400 @ 0400 = 69  A:00 X:F4 Y:00 P:47 SP:FB
DA17  30 08     BMI                             A:6A X:F4 Y:00 P:04 SP:FB
DA19  B0 06     BCS                             A:6A X:F4 Y:00 P:04 SP:FB
DA1B  C9 6A     CMP #$6A                        A:6A X:F4 Y:00 P:04 SP:FB
DA1D  D0 02     BNE                             A:6A X:F4 Y:00 P:07 SP:FB
DA1F  50 02     BVC                             A:6A X:F4 Y:00 P:07 SP:FB
DA23  E8        INX                             A:6A X:F4 Y:00 P:07 SP:FB
DA24  38        SEC                             A:6A X:F5 Y:00 P:85 SP:FB
DA25  B8        CLV                             A:6A X:F5 Y:00 P:85 SP:FB
DA26  A9 7F     LDA #$7F                        A:6A X:F5 Y:00 P:85 SP:FB
DA28  8D 00 04  STA todo                        A:7F X:F5 Y:00 P:05 SP:FB
DA2B  71 33     ADC ($33),Y = 0400 @ 0400 = 7F  A:7F X:F5 Y:00 P:05 SP:FB
DA2D  10 08     BPL                             A:FF X:F5 Y:00 P:C4 SP:FB
DA2F  B0 06     BCS                             A:FF X:F5 Y:00 P:C4 SP:FB
DA31  C9 FF     CMP #$FF                        A:FF X:F5 Y:00 P:C4 SP:FB
DA33  D0 02     BNE                             A:FF X:F5 Y:00 P:47 SP:FB
DA35  70 02     BVS                             A:FF X:F5 Y:00 P:47 SP:FB
DA39  E8        INX                             A:FF X:F5 Y:00 P:47 SP:FB
DA3A  18        CLC                             A:FF X:F6 Y:00 P:C5 SP:FB
DA3B  24 01     BIT $01 = 255                   A:FF X:F6 Y:00 P:C4 SP:FB
DA3D  A9 80     LDA #$80                        A:FF X:F6 Y:00 P:C4 SP:FB
DA3F  8D 00 04  STA todo                        A:80 X:F6 Y:00 P:C4 SP:FB
DA42  A9 7F     LDA #$7F                        A:80 X:F6 Y:00 P:C4 SP:FB
DA44  71 33     ADC ($33),Y = 0400 @ 0400 = 80  A:7F X:F6 Y:00 P:44 SP:FB
DA46  10 08     BPL                             A:FF X:F6 Y:00 P:84 SP:FB
DA48  B0 06     BCS                             A:FF X:F6 Y:00 P:84 SP:FB
DA4A  C9 FF     CMP #$FF                        A:FF X:F6 Y:00 P:84 SP:FB
DA4C  D0 02     BNE                             A:FF X:F6 Y:00 P:07 SP:FB
DA4E  50 02     BVC                             A:FF X:F6 Y:00 P:07 SP:FB
DA52  E8        INX                             A:FF X:F6 Y:00 P:07 SP:FB
DA53  38        SEC                             A:FF X:F7 Y:00 P:85 SP:FB
DA54  B8        CLV                             A:FF X:F7 Y:00 P:85 SP:FB
DA55  A9 80     LDA #$80                        A:FF X:F7 Y:00 P:85 SP:FB
DA57  8D 00 04  STA todo                        A:80 X:F7 Y:00 P:85 SP:FB
DA5A  A9 7F     LDA #$7F                        A:80 X:F7 Y:00 P:85 SP:FB
DA5C  71 33     ADC ($33),Y = 0400 @ 0400 = 80  A:7F X:F7 Y:00 P:05 SP:FB
DA5E  D0 06     BNE                             A:00 X:F7 Y:00 P:07 SP:FB
DA60  30 04     BMI                             A:00 X:F7 Y:00 P:07 SP:FB
DA62  70 02     BVS                             A:00 X:F7 Y:00 P:07 SP:FB
DA64  B0 02     BCS                             A:00 X:F7 Y:00 P:07 SP:FB
DA68  E8        INX                             A:00 X:F7 Y:00 P:07 SP:FB
DA69  24 01     BIT $01 = 255                   A:00 X:F8 Y:00 P:85 SP:FB
DA6B  A9 40     LDA #$40                        A:00 X:F8 Y:00 P:C7 SP:FB
DA6D  8D 00 04  STA todo                        A:40 X:F8 Y:00 P:45 SP:FB
DA70  D1 33     CMP ($33),Y = 0400 @ 0400 = 40  A:40 X:F8 Y:00 P:45 SP:FB
DA72  30 06     BMI                             A:40 X:F8 Y:00 P:47 SP:FB
DA74  90 04     BCC                             A:40 X:F8 Y:00 P:47 SP:FB
DA76  D0 02     BNE                             A:40 X:F8 Y:00 P:47 SP:FB
DA78  70 02     BVS                             A:40 X:F8 Y:00 P:47 SP:FB
DA7C  E8        INX                             A:40 X:F8 Y:00 P:47 SP:FB
DA7D  B8        CLV                             A:40 X:F9 Y:00 P:C5 SP:FB
DA7E  CE 00 04  DEC todo                        A:40 X:F9 Y:00 P:85 SP:FB
DA81  D1 33     CMP ($33),Y = 0400 @ 0400 = 3F  A:40 X:F9 Y:00 P:05 SP:FB
DA83  F0 06     BEQ                             A:40 X:F9 Y:00 P:05 SP:FB
DA85  30 04     BMI                             A:40 X:F9 Y:00 P:05 SP:FB
DA87  90 02     BCC                             A:40 X:F9 Y:00 P:05 SP:FB
DA89  50 02     BVC                             A:40 X:F9 Y:00 P:05 SP:FB
DA8D  E8        INX                             A:40 X:F9 Y:00 P:05 SP:FB
DA8E  EE 00 04  INC todo                        A:40 X:FA Y:00 P:85 SP:FB
DA91  EE 00 04  INC todo                        A:40 X:FA Y:00 P:05 SP:FB
DA94  D1 33     CMP ($33),Y = 0400 @ 0400 = 41  A:40 X:FA Y:00 P:05 SP:FB
DA96  F0 02     BEQ                             A:40 X:FA Y:00 P:84 SP:FB
DA98  30 02     BMI                             A:40 X:FA Y:00 P:84 SP:FB
DA9C  E8        INX                             A:40 X:FA Y:00 P:84 SP:FB
DA9D  A9 00     LDA #$00                        A:40 X:FB Y:00 P:84 SP:FB
DA9F  8D 00 04  STA todo                        A:00 X:FB Y:00 P:06 SP:FB
DAA2  A9 80     LDA #$80                        A:00 X:FB Y:00 P:06 SP:FB
DAA4  D1 33     CMP ($33),Y = 0400 @ 0400 = 00  A:80 X:FB Y:00 P:84 SP:FB
DAA6  F0 04     BEQ                             A:80 X:FB Y:00 P:85 SP:FB
DAA8  10 02     BPL                             A:80 X:FB Y:00 P:85 SP:FB
DAAA  B0 02     BCS                             A:80 X:FB Y:00 P:85 SP:FB
DAAE  E8        INX                             A:80 X:FB Y:00 P:85 SP:FB
DAAF  A0 80     LDY #$80                        A:80 X:FC Y:00 P:85 SP:FB
DAB1  8C 00 04  STY todo                        A:80 X:FC Y:80 P:85 SP:FB
DAB4  A0 00     LDY #$00                        A:80 X:FC Y:80 P:85 SP:FB
DAB6  D1 33     CMP ($33),Y = 0400 @ 0400 = 80  A:80 X:FC Y:00 P:07 SP:FB
DAB8  D0 04     BNE                             A:80 X:FC Y:00 P:07 SP:FB
DABA  30 02     BMI                             A:80 X:FC Y:00 P:07 SP:FB
DABC  B0 02     BCS                             A:80 X:FC Y:00 P:07 SP:FB
DAC0  E8        INX                             A:80 X:FC Y:00 P:07 SP:FB
DAC1  EE 00 04  INC todo                        A:80 X:FD Y:00 P:85 SP:FB
DAC4  D1 33     CMP ($33),Y = 0400 @ 0400 = 81  A:80 X:FD Y:00 P:85 SP:FB
DAC6  B0 04     BCS                             A:80 X:FD Y:00 P:84 SP:FB
DAC8  F0 02     BEQ                             A:80 X:FD Y:00 P:84 SP:FB
DACA  30 02     BMI                             A:80 X:FD Y:00 P:84 SP:FB
DACE  E8        INX                             A:80 X:FD Y:00 P:84 SP:FB
DACF  CE 00 04  DEC todo                        A:80 X:FE Y:00 P:84 SP:FB
DAD2  CE 00 04  DEC todo                        A:80 X:FE Y:00 P:84 SP:FB
DAD5  D1 33     CMP ($33),Y = 0400 @ 0400 = 7F  A:80 X:FE Y:00 P:04 SP:FB
DAD7  90 04     BCC                             A:80 X:FE Y:00 P:05 SP:FB
DAD9  F0 02     BEQ                             A:80 X:FE Y:00 P:05 SP:FB
DADB  10 02     BPL                             A:80 X:FE Y:00 P:05 SP:FB
DADF  60        RTS                             A:80 X:FE Y:00 P:05 SP:FB
861B  A5 00     LDA $00 = 0                     A:80 X:FE Y:00 P:05 SP:FD
861D  85 10     STA $10 = 0                     A:00 X:FE Y:00 P:07 SP:FD
861F  A9 00     LDA #$00                        A:00 X:FE Y:00 P:07 SP:FD
8621  85 00     STA $00 = 0                     A:00 X:FE Y:00 P:07 SP:FD
8623  20 E0 DA  JSR todo                        A:00 X:FE Y:00 P:07 SP:FD
DAE0  A9 00     LDA #$00                        A:00 X:FE Y:00 P:07 SP:FB
DAE2  85 33     STA $33 = 0                     A:00 X:FE Y:00 P:07 SP:FB
DAE4  A9 04     LDA #$04                        A:00 X:FE Y:00 P:07 SP:FB
DAE6  85 34     STA $34 = 4                     A:04 X:FE Y:00 P:05 SP:FB
DAE8  A0 00     LDY #$00                        A:04 X:FE Y:00 P:05 SP:FB
DAEA  A2 01     LDX #$01                        A:04 X:FE Y:00 P:07 SP:FB
DAEC  24 01     BIT $01 = 255                   A:04 X:01 Y:00 P:05 SP:FB
DAEE  A9 40     LDA #$40                        A:04 X:01 Y:00 P:C5 SP:FB
DAF0  8D 00 04  STA todo                        A:40 X:01 Y:00 P:45 SP:FB
DAF3  38        SEC                             A:40 X:01 Y:00 P:45 SP:FB
DAF4  F1 33     SBC ($33),Y = 0400 @ 0400 = 40  A:40 X:01 Y:00 P:45 SP:FB
DAF6  30 0A     BMI                             A:00 X:01 Y:00 P:07 SP:FB
DAF8  90 08     BCC                             A:00 X:01 Y:00 P:07 SP:FB
DAFA  D0 06     BNE                             A:00 X:01 Y:00 P:07 SP:FB
DAFC  70 04     BVS                             A:00 X:01 Y:00 P:07 SP:FB
DAFE  C9 00     CMP #$00                        A:00 X:01 Y:00 P:07 SP:FB
DB00  F0 02     BEQ                             A:00 X:01 Y:00 P:07 SP:FB
DB04  E8        INX                             A:00 X:01 Y:00 P:07 SP:FB
DB05  B8        CLV                             A:00 X:02 Y:00 P:05 SP:FB
DB06  38        SEC                             A:00 X:02 Y:00 P:05 SP:FB
DB07  A9 40     LDA #$40                        A:00 X:02 Y:00 P:05 SP:FB
DB09  CE 00 04  DEC todo                        A:40 X:02 Y:00 P:05 SP:FB
DB0C  F1 33     SBC ($33),Y = 0400 @ 0400 = 3F  A:40 X:02 Y:00 P:05 SP:FB
DB0E  F0 0A     BEQ                             A:01 X:02 Y:00 P:05 SP:FB
DB10  30 08     BMI                             A:01 X:02 Y:00 P:05 SP:FB
DB12  90 06     BCC                             A:01 X:02 Y:00 P:05 SP:FB
DB14  70 04     BVS                             A:01 X:02 Y:00 P:05 SP:FB
DB16  C9 01     CMP #$01                        A:01 X:02 Y:00 P:05 SP:FB
DB18  F0 02     BEQ                             A:01 X:02 Y:00 P:07 SP:FB
DB1C  E8        INX                             A:01 X:02 Y:00 P:07 SP:FB
DB1D  A9 40     LDA #$40                        A:01 X:03 Y:00 P:05 SP:FB
DB1F  38        SEC                             A:40 X:03 Y:00 P:05 SP:FB
DB20  24 01     BIT $01 = 255                   A:40 X:03 Y:00 P:05 SP:FB
DB22  EE 00 04  INC todo                        A:40 X:03 Y:00 P:C5 SP:FB
DB25  EE 00 04  INC todo                        A:40 X:03 Y:00 P:45 SP:FB
DB28  F1 33     SBC ($33),Y = 0400 @ 0400 = 41  A:40 X:03 Y:00 P:45 SP:FB
DB2A  B0 0A     BCS                             A:FF X:03 Y:00 P:84 SP:FB
DB2C  F0 08     BEQ                             A:FF X:03 Y:00 P:84 SP:FB
DB2E  10 06     BPL                             A:FF X:03 Y:00 P:84 SP:FB
DB30  70 04     BVS                             A:FF X:03 Y:00 P:84 SP:FB
DB32  C9 FF     CMP #$FF                        A:FF X:03 Y:00 P:84 SP:FB
DB34  F0 02     BEQ                             A:FF X:03 Y:00 P:07 SP:FB
DB38  E8        INX                             A:FF X:03 Y:00 P:07 SP:FB
DB39  18        CLC                             A:FF X:04 Y:00 P:05 SP:FB
DB3A  A9 00     LDA #$00                        A:FF X:04 Y:00 P:04 SP:FB
DB3C  8D 00 04  STA todo                        A:00 X:04 Y:00 P:06 SP:FB
DB3F  A9 80     LDA #$80                        A:00 X:04 Y:00 P:06 SP:FB
DB41  F1 33     SBC ($33),Y = 0400 @ 0400 = 00  A:80 X:04 Y:00 P:84 SP:FB
DB43  90 04     BCC                             A:7F X:04 Y:00 P:45 SP:FB
DB45  C9 7F     CMP #$7F                        A:7F X:04 Y:00 P:45 SP:FB
DB47  F0 02     BEQ                             A:7F X:04 Y:00 P:47 SP:FB
DB4B  E8        INX                             A:7F X:04 Y:00 P:47 SP:FB
DB4C  38        SEC                             A:7F X:05 Y:00 P:45 SP:FB
DB4D  A9 7F     LDA #$7F                        A:7F X:05 Y:00 P:45 SP:FB
DB4F  8D 00 04  STA todo                        A:7F X:05 Y:00 P:45 SP:FB
DB52  A9 81     LDA #$81                        A:7F X:05 Y:00 P:45 SP:FB
DB54  F1 33     SBC ($33),Y = 0400 @ 0400 = 7F  A:81 X:05 Y:00 P:C5 SP:FB
DB56  50 06     BVC                             A:02 X:05 Y:00 P:45 SP:FB
DB58  90 04     BCC                             A:02 X:05 Y:00 P:45 SP:FB
DB5A  C9 02     CMP #$02                        A:02 X:05 Y:00 P:45 SP:FB
DB5C  F0 02     BEQ                             A:02 X:05 Y:00 P:47 SP:FB
DB60  E8        INX                             A:02 X:05 Y:00 P:47 SP:FB
DB61  A9 00     LDA #$00                        A:02 X:06 Y:00 P:45 SP:FB
DB63  A9 87     LDA #$87                        A:00 X:06 Y:00 P:47 SP:FB
DB65  91 33     STA ($33),Y = 0400 @ 0400 = 7F  A:87 X:06 Y:00 P:C5 SP:FB
DB67  AD 00 04  LDA todo                        A:87 X:06 Y:00 P:C5 SP:FB
DB6A  C9 87     CMP #$87                        A:87 X:06 Y:00 P:C5 SP:FB
DB6C  F0 02     BEQ                             A:87 X:06 Y:00 P:47 SP:FB
DB70  E8        INX                             A:87 X:06 Y:00 P:47 SP:FB
DB71  A9 7E     LDA #$7E                        A:87 X:07 Y:00 P:45 SP:FB
DB73  8D 00 02  STA todo                        A:7E X:07 Y:00 P:45 SP:FB
DB76  A9 DB     LDA #$DB                        A:7E X:07 Y:00 P:45 SP:FB
DB78  8D 01 02  STA todo                        A:DB X:07 Y:00 P:C5 SP:FB
DB7B  6C 00 02  JMP                             A:DB X:07 Y:00 P:C5 SP:FB
DB7E  A9 00     LDA #$00                        A:DB X:07 Y:00 P:C5 SP:FB
DB80  8D FF 02  STA todo                        A:00 X:07 Y:00 P:47 SP:FB
DB83  A9 01     LDA #$01                        A:00 X:07 Y:00 P:47 SP:FB
DB85  8D 00 03  STA todo                        A:01 X:07 Y:00 P:45 SP:FB
DB88  A9 03     LDA #$03                        A:01 X:07 Y:00 P:45 SP:FB
DB8A  8D 00 02  STA todo                        A:03 X:07 Y:00 P:45 SP:FB
DB8D  A9 A9     LDA #$A9                        A:03 X:07 Y:00 P:45 SP:FB
DB8F  8D 00 01  STA todo                        A:A9 X:07 Y:00 P:C5 SP:FB
DB92  A9 55     LDA #$55                        A:A9 X:07 Y:00 P:C5 SP:FB
DB94  8D 01 01  STA todo                        A:55 X:07 Y:00 P:45 SP:FB
DB97  A9 60     LDA #$60                        A:55 X:07 Y:00 P:45 SP:FB
DB99  8D 02 01  STA todo                        A:60 X:07 Y:00 P:45 SP:FB
DB9C  A9 A9     LDA #$A9                        A:60 X:07 Y:00 P:45 SP:FB
DB9E  8D 00 03  STA todo                        A:A9 X:07 Y:00 P:C5 SP:FB
DBA1  A9 AA     LDA #$AA                        A:A9 X:07 Y:00 P:C5 SP:FB
DBA3  8D 01 03  STA todo                        A:AA X:07 Y:00 P:C5 SP:FB
DBA6  A9 60     LDA #$60                        A:AA X:07 Y:00 P:C5 SP:FB
DBA8  8D 02 03  STA todo                        A:60 X:07 Y:00 P:45 SP:FB
DBAB  20 B5 DB  JSR todo                        A:60 X:07 Y:00 P:45 SP:FB
DBB5  6C FF 02  JMP                             A:60 X:07 Y:00 P:45 SP:F9
A900  00        BRK                             A:60 X:07 Y:00 P:45 SP:F9
